
 Full command: snlc_sim.exe PISN-STELLA-HYDROGENIC_20251020.input 

 SNANA_VERSION: NOT_FROM_GITHUB



 ****************************************************************** 
   Begin execution of snlc_sim.exe    
 SNDATA_ROOT = /home/mvalenzuela/SNDATA_ROOT 
 SNANA_DIR   = /home/lmod/software/SNANA/11.05p 


   sizeof(INPUTS) =   5.043 MB 
   sizeof(GENLC)  =  10.667 MB 

  init_SNDATA_GLOBAL: 
 --------------------------------------------------------
  Initialize NstringMatch for sim-input file
  Read 84 words from user input file 1: 
	 PISN-STELLA-HYDROGENIC_20251020.input 
 --------------------------------------------------------
  Read 27 words from user input file 2: 
	 /home/mvalenzuela/run_SNANA/elastic/model_config/SIMGEN_INCLUDE_PISN-STELLA-HYDROGENIC.INPUT 

 ****************************************************************** 
   init_HzFUN_INFO  
	 H0         = 70.00      # km/s/Mpc 
	 OM, OL, Ok = 0.31500, 0.68500, 0.00000 
	 w0, wa     = -1.000,  0.000 

 ****************************************************************** 
    prep_user_inputs summary   
	 SIMLIB file        : /home/mvalenzuela/SIMLIBv5/WFD_SIMLIBv5.SIMLIB   (start LIBID=0)
	 Generation Version : PISN-STELLA-HYDROGENIC_WFD_20251020 
	 Generation source  : RANDOM 
	 Generation model   : SIMSED.PISN-STELLA-HYDROGENIC 
	 Number of LC to Generate: 0 
	 OMEGA_(MATTER,LAMBDA)= 0.315, 0.685,    w0= -1.00   H0= 70.0 
	 KCOR  file : /home/mvalenzuela/run_SNANA/kcor_LSST.fits 
	 Observer Gen-FILTERS  :  ugrizY  
	 Random number seed: 74  (NSTREAM=2)
	 Gen-Range for RA(deg)  : -360.000 to  360.000 
	 Gen-Range for DEC(deg): -360.000 to  360.000 
	 Gen-Range for ZCMB :  0.020 to  2.200  (sigma= 0.0000, bias=0.00000) 
	 Gen-Range for PEAKMJD  :  60900.0 to  61900.0  
	 Gen-Range for Trest    :    -50.0 to    300.0  days 
	 Gen-Range for SHAPEPAR  :     -1.0 to      1.0  
	 Gen-Range for AV  : 0.00 to 3.00  (dN/dAv = exp(-AV/-9.00) 
	 Gen-Mean  for RV  : 3.10  
	 Gen-sigma for RV  : 0.00 , 0.00 (lower , upper ) 
	 Gen-Range for RV  : 3.00 to 3.20 
	 ZP offsets (ugrizY) :  0.000 0.000 0.000 0.000 0.000 0.000
	 MODEL mag offsets (ugrizY) :   0.00  0.00  0.00  0.00  0.00  0.00


 ****************************************************************** 
    init_RANDOMsource : CIDOFF=0   

 ****************************************************************** 
   SIMLIB_readGlobalHeader_TEXT  
	 Opened : /home/mvalenzuela/SIMLIBv5/WFD_SIMLIBv5.SIMLIB 

 ****************************************************************** 
   SIMLIB_prepGlobalHeader  
	 SIMLIB Survey    : LSST 
	 SIMLIB Field : VOID 
	 SIMLIB Pixel Saturation: 100000 photoelectrons. 
	 SIMLIB Filters   : ugrizY 
	 SIMLIB created by: NONE 
	 SIMLIB Solid Angle  : 6.494000 steridians 
	 SIMLIB PSF unit:    PIXEL_SIGMA 
	 SIMLIB SKYSIG unit: ADU_PER_SQPIXEL 

  Bit-mask options for SIMLIB_MSKOPT = 128 
	 MASK=   128 -> keep entire SIMLIB season (not just transient range) 

	 SIMLIB MAXRANSTART after  476  LIBIDs  (0 seconds)

 ****************************************************************** 
   init_RateModel  
 dN/dz from PISN: 
    MODEL_RATE(z=0.02) = 2.110e-09/Mpc^3/yr    
    MODEL_RATE(z=0.22) = 3.656e-09/Mpc^3/yr    
    MODEL_RATE(z=0.42) = 5.514e-09/Mpc^3/yr    
    MODEL_RATE(z=0.62) = 7.521e-09/Mpc^3/yr    
    MODEL_RATE(z=0.82) = 9.541e-09/Mpc^3/yr    
    MODEL_RATE(z=1.02) = 1.146e-08/Mpc^3/yr    
    MODEL_RATE(z=1.22) = 1.320e-08/Mpc^3/yr    
    MODEL_RATE(z=1.42) = 1.469e-08/Mpc^3/yr    
    MODEL_RATE(z=1.62) = 1.589e-08/Mpc^3/yr    
    MODEL_RATE(z=1.82) = 1.677e-08/Mpc^3/yr    
    MODEL_RATE(z=2.02) = 1.733e-08/Mpc^3/yr    
 Calculated Number of EVENTS per season =  5238 

 ****************************************************************** 
   Initialize SEARCH EFFICIENCY for 'LSST' 
  
   Read Detection-efficiency curves: 
	 EFF_DETECT(u) = 0.463 at ABS(SNR) =  5.50 ()
	 EFF_DETECT(g) = 0.463 at ABS(SNR) =  5.50 ()
	 EFF_DETECT(r) = 0.425 at ABS(SNR) =  5.00 ()
	 EFF_DETECT(i) = 0.540 at ABS(SNR) =  5.50 ()
	 EFF_DETECT(z) = 0.469 at ABS(SNR) =  5.00 ()
	 EFF_DETECT(Y) = 0.469 at ABS(SNR) =  5.00 ()

   Fetch SOFTWARE SEARCH-LOGIC from : 
	 /home/mvalenzuela/run_SNANA/LSST_PIPELINE_LOGIC.DAT
	 Logic: 2 MJDs require filters=u+g+r+i+z+Y 
	 Trigger epoch contains all obs within 0.007 days


  Optional SEARCHEFF_SPEC_FILE not specified -> EFF_SPEC=1 

  Optional SEARCHEFF_zHOST_FILE not specified -> Eff=1.0 

  Optional SEARCHEFF_zHOST_FILE not specified -> Eff=1.0 

 ****************************************************************** 
   READ_CALIB_DRIVER: read calib/filters/kcor  
	 FILTERS_SURVEY = ugrizY 
  Opened /home/mvalenzuela/run_SNANA/kcor_LSST.fits
   read_calib_head 
		 Read VERSION         = 4  (kcor.exe version) 
		 Read NPRIM           = 1  primary refs 
		 Read PRIM001         = AB 
		 Read NFILTERS        = 6  filters 
		 Read NKCOR           = 0  K-COR tables 
		 Read  991 wavelength bins (2100.00 to 12000.00)
		 Read  106 epoch      bins (-20.00 to 85.00)
		 Read    1 redshift   bins (0.00 to 0.00)
		 Read    1 AV         bins (0.00 to 0.00)
   read_calib_zpoff  
   read_calib_snsed 
   read_kcor_tables 
   read_kcor_mags 
   read_calib_filters 
   read_calib_primarysed 

   print_calib_summary 
	  Primary Spectrum: AB 

  FILTER SUMMARY (RDKCOR) : 
   internal                   LAM  LAM   rest-lam      primary
  index name                  AVG  RMS   kcor range    mag   ZP
 ---------------------------------------------------------------------- 
    1 LSST-u                 3710  163     0-    0   0.000   0.000
    2 LSST-g                 4806  431     0-    0   0.000   0.000
    3 LSST-r                 6221  414     0-    0   0.000   0.000
    4 LSST-i                 7559  387     0-    0   0.000   0.000
    5 LSST-z                 8681  311     0-    0   0.000   0.000
    6 LSST-Y                 9757  345     0-    0   0.000   0.000
	 NFILTDEF[SURVEY,REST] = 6 0 

 READ_CALIB_DRIVER: Done 



 ****************************************************************** 
   init_genmag_SIMSED : Initialize SIMSED Light Curve Model  
   filtdump_SEDMODEL: Read primary ref 'AB' with 991 lambda bins 

   Defined                                 Lambda           AB     AB 
   Filter                  <LAMBDA>        Range(step)      mag    ZP 
   ----------------------------------------------------------------------
   id=01 (      LSST-u)   ( 3710.0 + 0)   3200- 4100( 10)   0.000  12.652  
   id=02 (      LSST-g)   ( 4805.8 + 0)   3750- 5770( 10)   0.000  14.689  
   id=03 (      LSST-r)   ( 6221.5 + 0)   5230- 7150( 10)   0.000  14.560  
   id=04 (      LSST-i)   ( 7559.2 + 0)   6590- 8450( 10)   0.000  14.379  
   id=05 (      LSST-z)   ( 8680.6 + 0)   7890- 9470( 10)   0.000  13.993  
   id=06 (      LSST-Y)   ( 9757.0 + 0)   8970-10990( 10)   0.000  13.017  
   ----------------------------------------------------------------------
  Read SIMSED model parameters from 
     /home/mvalenzuela/run_SNANA/elastic/model_libs_updates/SIMSED.PISN-STELLA-HYDROGENIC


 Read number of SEDs  from 
  /home/mvalenzuela/run_SNANA/elastic/model_libs_updates/SIMSED.PISN-STELLA-HYDROGENIC/SED.INFO 

 Read list of SEDs and parameters from 
  /home/mvalenzuela/run_SNANA/elastic/model_libs_updates/SIMSED.PISN-STELLA-HYDROGENIC/SED.INFO 
	 malloc_METADATA_SEDMODEL for NSED=6 and NPAR=5
    Found '      PISN_INDEX' with  6 bins from    1.000 to    6.000
    Found '   MINITIAL_MSUN' with  4 bins from  150.000 to  250.000
    Found '    MEJECTA_MSUN' with  6 bins from   90.800 to  169.000
    Found '        EKIN_ERG' with  6 bins from    5.500 to   84.600
    Found '      M56NI_MSUN' with  6 bins from    0.003 to   34.300

 Finished reading parameters for 6 SEDs 
   SED FLUX_SCALE = 1.000000e+00 
   SED MAG_ERR    =  0.10 
   Read Flux errors :  NO 
   Shift T=0 to time of peak  :  NO 

# - - - - - - - - - - - - - - - - - - - - - - - - - 
  Read  NDAY from largest file  SED  from : 
    /home/mvalenzuela/run_SNANA/elastic/model_libs_updates/SIMSED.PISN-STELLA-HYDROGENIC/P250F3ah1fr200A70T2_SED.dat 
  malloc_FLUXTABLE_SEDMODEL : allocate   1.95 Mb of memory for integral-flux tables. 
	 Table bins include 230 DAYs. 
	 Table bins include   6 FILTERs. 
	 Table bins include   6 SEDs. 
	 Table bins include  42 log10(Z): 0.01874 <= Z <= 2.20395 .
		 ZTABLE[  1] =  0.01874   (LOGZ=-1.7272)
		 ZTABLE[  2] =  0.02105   (LOGZ=-1.6767)
		 ZTABLE[  3] =  0.02365   (LOGZ=-1.6262)
		 ZTABLE[ 39] =  1.55492   (LOGZ=0.1917)
		 ZTABLE[ 40] =  1.74665   (LOGZ=0.2422)
		 ZTABLE[ 41] =  1.96202   (LOGZ=0.2927)
		 ZTABLE[ 42] =  2.20395   (LOGZ=0.3432)
		 Zero entire SEDMODEL flux table (486717 entries). 

# - - - - - - - - - - - - - - - - - - - - - - - - - 
  Read  (ised=1/6)  SED  from : 
    /home/mvalenzuela/run_SNANA/elastic/model_libs_updates/SIMSED.PISN-STELLA-HYDROGENIC/P150F3afr200_SED.dat 
    Trest(SED-BINARY):   0.68 to 461.81     LAMBDA:  1000 to 20000 A 
    WARNING(SED-BINARY): Flux(Trestmin)/Flux(peak) = 1.000 -> beware of extrapolation
# - - - - - - - - - - - - - - - - - - - - - - - - - 
  Read  (ised=2/6)  SED  from : 
    /home/mvalenzuela/run_SNANA/elastic/model_libs_updates/SIMSED.PISN-STELLA-HYDROGENIC/150bhhhfr200_SED.dat 
    Trest(SED-BINARY):   5.73 to 692.49     LAMBDA:  1000 to 20000 A 
    WARNING(SED-BINARY): Flux(Trestmin)/Flux(peak) = 1.000 -> beware of extrapolation
# - - - - - - - - - - - - - - - - - - - - - - - - - 
  Read  (ised=3/6)  SED  from : 
    /home/mvalenzuela/run_SNANA/elastic/model_libs_updates/SIMSED.PISN-STELLA-HYDROGENIC/P175F7afr200_SED.dat 
    Trest(SED-BINARY):   0.35 to 820.77     LAMBDA:  1000 to 20000 A 
    WARNING(SED-BINARY): Flux(Trestmin)/Flux(peak) = 1.000 -> beware of extrapolation
# - - - - - - - - - - - - - - - - - - - - - - - - - 
  Read  (ised=4/6)  SED  from : 
    /home/mvalenzuela/run_SNANA/elastic/model_libs_updates/SIMSED.PISN-STELLA-HYDROGENIC/P200F3ahhhh2fr200T2_SED.dat 
    Trest(SED-BINARY):   0.00 to 835.91     LAMBDA:  1000 to 20000 A 
    WARNING(SED-BINARY): Flux(Trestmin)/Flux(peak) = 1.000 -> beware of extrapolation
    WARNING(SED-BINARY): Flux(Trestmax)/Flux(peak) = 0.869 -> beware of extrapolation
# - - - - - - - - - - - - - - - - - - - - - - - - - 
  Read  (ised=5/6)  SED  from : 
    /home/mvalenzuela/run_SNANA/elastic/model_libs_updates/SIMSED.PISN-STELLA-HYDROGENIC/P250F3ah1fr200A70T2_SED.dat 
    Trest(SED-BINARY):   0.00 to 961.70     LAMBDA:  1000 to 20000 A 
    WARNING(SED-BINARY): Flux(Trestmin)/Flux(peak) = 1.000 -> beware of extrapolation
    WARNING(SED-BINARY): Flux(Trestmax)/Flux(peak) = 60.939 -> beware of extrapolation
# - - - - - - - - - - - - - - - - - - - - - - - - - 
  Read  (ised=6/6)  SED  from : 
    /home/mvalenzuela/run_SNANA/elastic/model_libs_updates/SIMSED.PISN-STELLA-HYDROGENIC/250hhh100fr200_SED.dat 
    Trest(SED-BINARY):   0.52 to 995.47     LAMBDA:  1000 to 20000 A 
    WARNING(SED-BINARY): Flux(Trestmin)/Flux(peak) = 1.000 -> beware of extrapolation

 Global DAY range: 0.00 to 995.47 
  init_genmag_SIMSED : Done. 
	 Load baggage parameter 'MINITIAL_MSUN' 
	 Load baggage parameter 'MEJECTA_MSUN' 
	 Load baggage parameter 'EKIN_ERG' 
	 Load baggage parameter 'M56NI_MSUN' 

 ****************************************************************** 
   init_modelSmear: init intrinsic SN smearing with model=NONE  
	 Smear-mode: interpolate from central filter wavelengths.

 ****************************************************************** 
   README_DOCANA_DRIVER: Prepare README content (iflag=1)  

 ****************************************************************** 
   clr_VERSION  
	 LCMERGE Version PISN-STELLA-HYDROGENIC_WFD_20251020 does not exist. 
	 SIM Version PISN-STELLA-HYDROGENIC_WFD_20251020 does not exist. 
	 PHOTOMETRY Version PISN-STELLA-HYDROGENIC_WFD_20251020 does not exist. 

 ****************************************************************** 
   Init SIMGEN_DUMP file   
	 open /home/mvalenzuela/SNDATA_ROOT/SIM/PISN-STELLA-HYDROGENIC_WFD_20251020/PISN-STELLA-HYDROGENIC_WFD_20251020.DUMP

 ****************************************************************** 
   WR_SNFITSIO_INIT  

 ****************************************************************** 
   set_TIMERS  
	 CPUTIME_INITIALIZE   = 4.000 second

 ****************************************************************** 
    Begin Generating Lightcurves.   
  Found Max dN/dz * wgt = 2.152140e+02 at z =    1.832 
	 Finished generating        1 of 2000 (CID=1) 
	 Finished generating      100 of 2000 (CID=100) 
	 Finished generating      200 of 2000 (CID=200) 
	 Finished generating      300 of 2000 (CID=300) 
	 Finished generating      400 of 2000 (CID=400) 
	 Finished generating      500 of 2000 (CID=500) 
	 Finished generating      600 of 2000 (CID=600) 
	 Finished generating      700 of 2000 (CID=700) 
	 Finished generating      800 of 2000 (CID=800) 
	 Finished generating      900 of 2000 (CID=900) 
	 Finished generating     1000 of 2000 (CID=1000) 
	 Finished generating     1100 of 2000 (CID=1100) 
	 Finished generating     1200 of 2000 (CID=1200) 
	 Finished generating     1300 of 2000 (CID=1300) 
	 Finished generating     1400 of 2000 (CID=1400) 
	 Finished generating     1500 of 2000 (CID=1500) 
	 Finished generating     1600 of 2000 (CID=1600) 
	 Finished generating     1700 of 2000 (CID=1700) 
	 Finished generating     1800 of 2000 (CID=1800) 
	 Finished generating     1900 of 2000 (CID=1900) 
	 Finished generating     2000 of 2000 (CID=2000) 

 ****************************************************************** 
    Done generating 2000 SN lightcurves from RANDOM source.  
	 (2000 lightcurves requested => 246 were written) 
	 CPUTIME_PROCESS_ALL  = 0.100 minute
	 CPUTIME_PROCESS_RATE(GEN) = 333.333 evt/second
	 CPUTIME_PROCESS_RATE(ACC) = 41.000 evt/second

 ****************************************************************** 
   README_DOCANA_DRIVER: Prepare README content (iflag=2)  

 ****************************************************************** 
   DUMP README CONTENTS TO SCREEN
  
DOCUMENTATION:
  OVERVIEW:
    TIME_START:   2025-11-24  02:40  # UT
    SURVEY:       LSST
    GENMODEL:     /home/mvalenzuela/run_SNANA/elastic/model_libs_updates/SIMSED.PISN-STELLA-HYDROGENIC
    SNIA:         False
    HOST_MACHINE: sn001
    USERNAME:     mvalenzuela
    SNDATA_ROOT:  /home/mvalenzuela/SNDATA_ROOT
    SNANA_DIR:     /home/lmod/software/SNANA/11.05p
    SNANA_VERSION: 
    CWD:   /home/mvalenzuela/DATASIM_LSST_1/WFD/input_files_v6/PISN-STELLA-HYDROGENIC
    INPUT_FILE:
    - PISN-STELLA-HYDROGENIC_20251020.input
    - /home/mvalenzuela/run_SNANA/elastic/model_config/SIMGEN_INCLUDE_PISN-STELLA-HYDROGENIC.INPUT
# 
  INPUT_KEYS:
# Output data
    GENVERSION:              PISN-STELLA-HYDROGENIC_WFD_20251020
    NGENTOT_LC:              2000  
    FORMAT_MASK:             32  #  += 2,32,16 -> TEXT, FITS, randomCID
    GENTYPE:                 0  # true type
    SNTYPE:                  1  101  # spec Type, photID type
    CIDRAN_MIN:              0  
    CIDRAN_MAX:              3000000  
# Source model
    GENMODEL:                /home/mvalenzuela/run_SNANA/elastic/model_libs_updates/SIMSED.PISN-STELLA-HYDROGENIC 
    SIMSED_USE_BINARY:       0 
    SIMSED_GRIDONLY:         PISN_INDEX 
# Cosmology inputs
    OMEGA_MATTER:            0.3150  
    OMEGA_LAMBDA:            0.6850  
    w0_LAMBDA:               -1.0000  
    wa_LAMBDA:               0  
    MUSHIFT:                 0  
# Instrumental inputs
    GENFILTERS:          ugrizY 
    KCOR_FILE:           /home/mvalenzuela/run_SNANA/kcor_LSST.fits 
    SIMLIB_FILE:             /home/mvalenzuela/SIMLIBv5/WFD_SIMLIBv5.SIMLIB 
    SIMLIB_MAXRANSTART:      1000 
    SIMLIB_MSKOPT:           128 
    SMEARFLAG_FLUX:      1  # 1->add Poisson noise
    SMEARFLAG_ZEROPT:    1  # +=1->apply scatter, +=2->add to FLUXERRCAL
# SEARCHEFF/detections
    SEARCHEFF_PIPELINE_LOGIC_FILE:  /home/mvalenzuela/run_SNANA/LSST_PIPELINE_LOGIC.DAT
    NEWMJD_DIF:              7.0000e-03  # day-sep if > 1 detections required
    SEARCHEFF_PIPELINE_EFF_FILE:  /home/mvalenzuela/run_SNANA/LSST_SEARCHEFF_PIPELINE.DAT
    SEARCHEFF_SPEC_FILE:     NONE
    SEARCHEFF_zHOST_FILE:    NONE
    APPLY_SEARCHEFF_OPT:     1  # += 1,2,4 => pipe,spec,zhost
# Redshift inputs
    GENRANGE_REDSHIFT:       0.0200  2.2000  
    GENSIGMA_REDSHIFT:       0  
    GENSIGMA_VPEC:           0  # true vpec scatter (km/sec)
    VPEC_ERR:                0  # vpec error after correction (km/sec)
# Epoch & sky coverage inputs
    GENRANGE_MJD:            60981.0000  61832.0000  
    GENRANGE_PEAKMJD:        60900.0000  61900.0000  
    GENSIGMA_PEAKMJD:        1.0000  
    GENRANGE_TREST:          -50.0000  300.0000  
    SOLID_ANGLE:             6.4940  
# Galactic extinction
    OPT_MWEBV:        1   
    OPT_MWCOLORLAW:   99   
# Population and rate-model params
    GENAV_WV07:  1 
    GENRANGE_AV:             0  3.0000  
    GENPEAK_RV:              3.1000  
    GENSIGMA_RV:             0  0  
    GENRANGE_RV:             3.0000  3.2000  
    DNDZ:                    PISN_PLK12 
# Misc inputs
    GENSOURCE:               RANDOM
    RANSEED:                 74  
    DEBUG_FLAG:              0  
    SIMGEN_DUMPALL:          35 CID LIBID SIM_SEARCHEFF_MASK GENTYPE NON1A_INDEX ZCMB ZHELIO ZCMB_SMEAR RA DEC MWEBV GALID GALZPHOT GALZPHOTERR GALSNSEP GALSNDDLR RV AV MU LENSDMU PEAKMJD MJD_DETECT_FIRST MJD_DETECT_LAST DTSEASON_PEAK PEAKMAG_u PEAKMAG_g PEAKMAG_r PEAKMAG_i PEAKMAG_z PEAKMAG_Y SNRMAX SNRMAX2 SNRMAX3 NOBS NOBS_SATURATE 
# 
  FILTERS:   # mean wavelength (A)
    u:  3710.0
    g:  4805.8
    r:  6221.5
    i:  7559.2
    z:  8680.6
    Y:  9757.0
# 
  INPUT_NOTES:
  - Poisson noise is ON 
  - Reported flux-uncertainty includes SKY+GALAXY+SOURCE
  - SB-dependent flux scatter is OFF
  -  dN/dz from PISN: 
  -     MODEL_RATE(z=0.02) = 2.110e-09/Mpc^3/yr    
  -     MODEL_RATE(z=0.22) = 3.656e-09/Mpc^3/yr    
  -     MODEL_RATE(z=0.42) = 5.514e-09/Mpc^3/yr    
  -     MODEL_RATE(z=0.62) = 7.521e-09/Mpc^3/yr    
  -     MODEL_RATE(z=0.82) = 9.541e-09/Mpc^3/yr    
  -     MODEL_RATE(z=1.02) = 1.146e-08/Mpc^3/yr    
  -     MODEL_RATE(z=1.22) = 1.320e-08/Mpc^3/yr    
  -     MODEL_RATE(z=1.42) = 1.469e-08/Mpc^3/yr    
  -     MODEL_RATE(z=1.62) = 1.589e-08/Mpc^3/yr    
  -     MODEL_RATE(z=1.82) = 1.677e-08/Mpc^3/yr    
  -     MODEL_RATE(z=2.02) = 1.733e-08/Mpc^3/yr    
  -  Calculated Number of EVENTS per season =  5238 
  - H0 =  70.00 km/s/Mpc 
  - Omega_{M,L} =  0.315, 0.685     w0,wa = -1.00,0.000
  - APPLY_SEARCHEFF_OPT=1 --> Require EFF(PIPELINE) 
  - PIPELINE requires 2 detections among u+g+r+i+z+Y (MJD dif > 0.0070 days) 
#
  GENTYPE_TO_NAME:  # GENTYPE:  [non]Ia   type  
    0:  nonIa    PISN-STELLA-HYDROGENIC
# 
  OUTPUT_SUMMARY:
    RANDOM_SYNC: 
    - List=1  FIRST=0.423267  LAST=0.347376   AVG(wrap) = 1.0 +_ 0.4 
    - List=2  FIRST=0.898183  LAST=0.160489   AVG(wrap) = 0.2 +_ 0.0 
    - List=3  FIRST=0.328224  LAST=0.898548   AVG(wrap) = 0.0 +_ 0.0 
# 
    CPU_MINUTES:       0.10  
    NGENLC_TOT:        2000    # (333/sec)
    NGENLC_WRITE:      246    # (41/sec)
    NGENSPEC_WRITE:    0  
    EFF(SEARCH+CUTS):  0.1230 +-  0.0073
    NGEN_PER_SEASON:   5238       # NSN(GEN) in GENRANGE(z,MJD,dOmega)
    NACC_PER_SEASON:   644 +_ 41  # NSN(ACCEPT) after trigger+cuts
    NREJECT:  [49,0,0,  1705,0]   # [NEP<1,GENRANGE,PEAKMAG,  SEARCHEFF,CUTWIN] 
DOCUMENTATION_END:

  AUXILIARY FILES: 
  /home/mvalenzuela/SNDATA_ROOT/SIM/PISN-STELLA-HYDROGENIC_WFD_20251020/PISN-STELLA-HYDROGENIC_WFD_20251020.LIST 
  /home/mvalenzuela/SNDATA_ROOT/SIM/PISN-STELLA-HYDROGENIC_WFD_20251020/PISN-STELLA-HYDROGENIC_WFD_20251020.README 
  /home/mvalenzuela/SNDATA_ROOT/SIM/PISN-STELLA-HYDROGENIC_WFD_20251020/PISN-STELLA-HYDROGENIC_WFD_20251020.DUMP
 WR_SNFITSIO_END: wrote 246 events and 0 spectra to FITS format

 DONE with snlc_sim.
