
 Full command: snlc_sim.exe uLens-Single-PyLIMA_20251020.input 

 SNANA_VERSION: NOT_FROM_GITHUB



 ****************************************************************** 
   Begin execution of snlc_sim.exe    
 SNDATA_ROOT = /home/mvalenzuela/SNDATA_ROOT 
 SNANA_DIR   = /home/lmod/software/SNANA/11.05p 


   sizeof(INPUTS) =   5.043 MB 
   sizeof(GENLC)  =  10.667 MB 

  init_SNDATA_GLOBAL: 
 --------------------------------------------------------
  Initialize NstringMatch for sim-input file
  Read 83 words from user input file 1: 
	 uLens-Single-PyLIMA_20251020.input 
 --------------------------------------------------------
  Read 12 words from user input file 2: 
	 /home/mvalenzuela/run_SNANA/model_config/SIMGEN_INCLUDE_LCLIB_uLens-Single-PyLIMA.INPUT 

 ****************************************************************** 
   init_HzFUN_INFO  
	 H0         = 70.00      # km/s/Mpc 
	 OM, OL, Ok = 0.31500, 0.68500, 0.00000 
	 w0, wa     = -1.000,  0.000 

 ****************************************************************** 
    prep_user_inputs summary   
	 SIMLIB file        : /home/mvalenzuela/SIMLIBv5/WFD_SIMLIBv5.SIMLIB   (start LIBID=0)
	 Generation Version : uLens-Single-PyLIMA_WFD_20251020 
	 Generation source  : RANDOM 
	 Generation model   : LCLIB 
	 Number of LC to Generate: 0 
	 OMEGA_(MATTER,LAMBDA)= 0.315, 0.685,    w0= -1.00   H0= 70.0 
	 KCOR  file : /home/mvalenzuela/run_SNANA/kcor_LSST.fits 
	 Observer Gen-FILTERS  :  ugrizY  
	 Random number seed: 95  (NSTREAM=2)
	 Gen-Range for RA(deg)  : -360.000 to  360.000 
	 Gen-Range for DEC(deg): -360.000 to  360.000 
	 Gen-Range for ZCMB :  0.000 to  0.000  (sigma= 0.0000, bias=0.00000) 
	 Gen-Range for PEAKMJD  :  60980.0 to  60980.0  
	 Gen-Range for Trest    :      0.0 to   1095.0  days 
	 Gen-Range for SHAPEPAR  :      0.0 to      0.0  
	 Gen-Range for AV  : -9.00 to -9.00  (dN/dAv = exp(-AV/-9.00) 
	 Gen-Mean  for RV  : 3.10  
	 Gen-sigma for RV  : 0.00 , 0.00 (lower , upper ) 
	 Gen-Range for RV  : 1.00 to 5.00 
	 ZP offsets (ugrizY) :  0.000 0.000 0.000 0.000 0.000 0.000
	 MODEL mag offsets (ugrizY) :   0.00  0.00  0.00  0.00  0.00  0.00


 ****************************************************************** 
    init_RANDOMsource : CIDOFF=0   

 ****************************************************************** 
   SIMLIB_readGlobalHeader_TEXT  
	 Opened : /home/mvalenzuela/SIMLIBv5/WFD_SIMLIBv5.SIMLIB 

 ****************************************************************** 
   SIMLIB_prepGlobalHeader  
	 SIMLIB Survey    : LSST 
	 SIMLIB Field : VOID 
	 SIMLIB Pixel Saturation: 100000 photoelectrons. 
	 SIMLIB Filters   : ugrizY 
	 SIMLIB created by: NONE 
	 SIMLIB Solid Angle  : 6.494000 steridians 
	 SIMLIB PSF unit:    PIXEL_SIGMA 
	 SIMLIB SKYSIG unit: ADU_PER_SQPIXEL 

  Bit-mask options for SIMLIB_MSKOPT = 128 
	 MASK=   128 -> keep entire SIMLIB season (not just transient range) 

	 SIMLIB MAXRANSTART after  13009  LIBIDs  (2 seconds)

 ****************************************************************** 
   init_RateModel  
   SIMULATED RATE(BPOLY)
 dN/db = POLY(20383,-1757.7,65.293,-1.1885,0.10405E-01,-0.35119E-04)
 Calculated Number of EVENTS per season = 200000  (NGENTOT_LC)

 ****************************************************************** 
   Initialize SEARCH EFFICIENCY for 'LSST' 
  
   Read Detection-efficiency curves: 
	 EFF_DETECT(u) = 0.463 at ABS(SNR) =  5.50 ()
	 EFF_DETECT(g) = 0.463 at ABS(SNR) =  5.50 ()
	 EFF_DETECT(r) = 0.425 at ABS(SNR) =  5.00 ()
	 EFF_DETECT(i) = 0.540 at ABS(SNR) =  5.50 ()
	 EFF_DETECT(z) = 0.469 at ABS(SNR) =  5.00 ()
	 EFF_DETECT(Y) = 0.469 at ABS(SNR) =  5.00 ()

   Fetch SOFTWARE SEARCH-LOGIC from : 
	 /home/mvalenzuela/run_SNANA/LSST_PIPELINE_LOGIC.DAT
	 Logic: 2 MJDs require filters=u+g+r+i+z+Y 
	 Trigger epoch contains all obs within 0.007 days


  Optional SEARCHEFF_SPEC_FILE not specified -> EFF_SPEC=1 

  Optional SEARCHEFF_zHOST_FILE not specified -> Eff=1.0 

  Optional SEARCHEFF_zHOST_FILE not specified -> Eff=1.0 

 ****************************************************************** 
   READ_CALIB_DRIVER: read calib/filters/kcor  
	 FILTERS_SURVEY = ugrizY 
  Opened /home/mvalenzuela/run_SNANA/kcor_LSST.fits
   read_calib_head 
		 Read VERSION         = 4  (kcor.exe version) 
		 Read NPRIM           = 1  primary refs 
		 Read PRIM001         = AB 
		 Read NFILTERS        = 6  filters 
		 Read NKCOR           = 0  K-COR tables 
		 Read  991 wavelength bins (2100.00 to 12000.00)
		 Read  106 epoch      bins (-20.00 to 85.00)
		 Read    1 redshift   bins (0.00 to 0.00)
		 Read    1 AV         bins (0.00 to 0.00)
   read_calib_zpoff  
   read_calib_snsed 
   read_kcor_tables 
   read_kcor_mags 
   read_calib_filters 
   read_calib_primarysed 

   print_calib_summary 
	  Primary Spectrum: AB 

  FILTER SUMMARY (RDKCOR) : 
   internal                   LAM  LAM   rest-lam      primary
  index name                  AVG  RMS   kcor range    mag   ZP
 ---------------------------------------------------------------------- 
    1 LSST-u                 3710  163     0-    0   0.000   0.000
    2 LSST-g                 4806  431     0-    0   0.000   0.000
    3 LSST-r                 6221  414     0-    0   0.000   0.000
    4 LSST-i                 7559  387     0-    0   0.000   0.000
    5 LSST-z                 8681  311     0-    0   0.000   0.000
    6 LSST-Y                 9757  345     0-    0   0.000   0.000
	 NFILTDEF[SURVEY,REST] = 6 0 

 READ_CALIB_DRIVER: Done 


 ****************************************************************** 
   init_genmag_LCLIB  
	 Template epoch  0 : 1.000 days 
	 Template epoch  1 : 2.000 days 
	 Template epoch  2 : 3.000 days 
	 Template epoch  3 : 4.000 days 
	 Template epoch range: 3.00 days 

	 Opened : /home/mvalenzuela/run_SNANA/plasticc_models/LCLIB_uLens-Single-PyLIMA.TEXT 

	 ***** DOCANA WARNING ******* 
  Missing required 'DOCUMENTATION:'  key in 
    /home/mvalenzuela/run_SNANA/plasticc_models/LCLIB_uLens-Single-PyLIMA.TEXT 
  See DOCANA examples with linux command: 
    grep -R DOCUMENTATION_END $SNDATA_ROOT 
  File must begin with 'DOCUMENTATION:' key

	 MODEL: uLens_GaiaStar  (NON-RECUR) 
	   ModelParam-00(TEFF)    
	   ModelParam-01(LOGG)    
	   ModelParam-02(GAIA_DIST)    
	   ModelParam-03(DIST)    
	   ModelParam-04(T0)    
	   ModelParam-05(U0)    
	   ModelParam-06(TE)    
	   ModelParam-07(EVENT_ID)    


 ****************************************************************** 
   init_modelSmear: init intrinsic SN smearing with model=NONE  
	 Smear-mode: interpolate from central filter wavelengths.

 ****************************************************************** 
   README_DOCANA_DRIVER: Prepare README content (iflag=1)  

 ****************************************************************** 
   clr_VERSION  
	 LCMERGE Version uLens-Single-PyLIMA_WFD_20251020 does not exist. 
	 SIM Version uLens-Single-PyLIMA_WFD_20251020 does not exist. 
	 PHOTOMETRY Version uLens-Single-PyLIMA_WFD_20251020 does not exist. 

 ****************************************************************** 
   Init SIMGEN_DUMP file   
	 open /home/mvalenzuela/SNDATA_ROOT/SIM/uLens-Single-PyLIMA_WFD_20251020/uLens-Single-PyLIMA_WFD_20251020.DUMP

 ****************************************************************** 
   WR_SNFITSIO_INIT  

 ****************************************************************** 
   set_TIMERS  
	 CPUTIME_INITIALIZE   = 2.000 second

 ****************************************************************** 
    Begin Generating Lightcurves.   
	 Finished generating        1 of 200000 (CID=1) 
	 Finished generating      500 of 200000 (CID=500) 
	 Finished generating     1000 of 200000 (CID=1000) 
	 Finished generating     1500 of 200000 (CID=1500) 
	 Finished generating     2000 of 200000 (CID=2000) 
	 Finished generating     2500 of 200000 (CID=2500) 
	 Finished generating     3000 of 200000 (CID=3000) 
	 Finished generating     3500 of 200000 (CID=3500) 
	 Finished generating     4000 of 200000 (CID=4000) 
	 Finished generating     4500 of 200000 (CID=4500) 
	 Finished generating     5000 of 200000 (CID=5000) 
	 Finished generating     5500 of 200000 (CID=5500) 
	 Finished generating     6000 of 200000 (CID=6000) 
	 Finished generating     6500 of 200000 (CID=6500) 
	 Finished generating     7000 of 200000 (CID=7000) GenRate=69/sec
	 Finished generating     7500 of 200000 (CID=7500) 
	 Finished generating     8000 of 200000 (CID=8000) 
	 Finished generating     8500 of 200000 (CID=8500) 
	 Finished generating     9000 of 200000 (CID=9000) 
	 Finished generating     9500 of 200000 (CID=9500) 
	 Finished generating    10000 of 200000 (CID=10000) 
	 Finished generating    10500 of 200000 (CID=10500) 
	 Finished generating    11000 of 200000 (CID=11000) 
	 Finished generating    11500 of 200000 (CID=11500) 
	 Finished generating    12000 of 200000 (CID=12000) 
	 Finished generating    12500 of 200000 (CID=12500) 
	 Finished generating    13000 of 200000 (CID=13000) 
	 Finished generating    13500 of 200000 (CID=13500) 
	 Finished generating    14000 of 200000 (CID=14000) GenRate=68/sec
	 Finished generating    14500 of 200000 (CID=14500) 
	 Finished generating    15000 of 200000 (CID=15000) 
	 Finished generating    15500 of 200000 (CID=15500) 
	 Finished generating    16000 of 200000 (CID=16000) 
	 Finished generating    16500 of 200000 (CID=16500) 
	 Finished generating    17000 of 200000 (CID=17000) 
	 Finished generating    17500 of 200000 (CID=17500) 
	 Finished generating    18000 of 200000 (CID=18000) 
	 Finished generating    18500 of 200000 (CID=18500) 
	 Finished generating    19000 of 200000 (CID=19000) 
	 Finished generating    19500 of 200000 (CID=19500) 
	 Finished generating    20000 of 200000 (CID=20000) 
	 Finished generating    20500 of 200000 (CID=20500) 
	 Finished generating    21000 of 200000 (CID=21000) GenRate=67/sec
	 Finished generating    21500 of 200000 (CID=21500) 
	 Finished generating    22000 of 200000 (CID=22000) 
	 Finished generating    22500 of 200000 (CID=22500) 
	 Finished generating    23000 of 200000 (CID=23000) 
	 Finished generating    23500 of 200000 (CID=23500) 
	 Finished generating    24000 of 200000 (CID=24000) 
	 Finished generating    24500 of 200000 (CID=24500) 
	 Finished generating    25000 of 200000 (CID=25000) 
	 Finished generating    25500 of 200000 (CID=25500) 
	 Finished generating    26000 of 200000 (CID=26000) 
	 Finished generating    26500 of 200000 (CID=26500) 
	 Finished generating    27000 of 200000 (CID=27000) 
	 Finished generating    27500 of 200000 (CID=27500) 
	 Finished generating    28000 of 200000 (CID=28000) GenRate=67/sec
	 Finished generating    28500 of 200000 (CID=28500) 
	 Finished generating    29000 of 200000 (CID=29000) 
	 Finished generating    29500 of 200000 (CID=29500) 
	 Finished generating    30000 of 200000 (CID=30000) 
	 Finished generating    30500 of 200000 (CID=30500) 
	 Finished generating    31000 of 200000 (CID=31000) 
	 Finished generating    31500 of 200000 (CID=31500) 
	 Finished generating    32000 of 200000 (CID=32000) 
	 Finished generating    32500 of 200000 (CID=32500) 
	 Finished generating    33000 of 200000 (CID=33000) 
	 Finished generating    33500 of 200000 (CID=33500) 
	 Finished generating    34000 of 200000 (CID=34000) 
	 Finished generating    34500 of 200000 (CID=34500) 
	 Finished generating    35000 of 200000 (CID=35000) GenRate=66/sec
	 Finished generating    35500 of 200000 (CID=35500) 
	 Finished generating    36000 of 200000 (CID=36000) 
	 Finished generating    36500 of 200000 (CID=36500) 
	 Finished generating    37000 of 200000 (CID=37000) 
	 Finished generating    37500 of 200000 (CID=37500) 
	 Finished generating    38000 of 200000 (CID=38000) 
	 Finished generating    38500 of 200000 (CID=38500) 
	 Finished generating    39000 of 200000 (CID=39000) 
	 Finished generating    39500 of 200000 (CID=39500) 
	 Finished generating    40000 of 200000 (CID=40000) 
 WARNING: EVENT_ID=2357 first/last mag(Y) = 20.283/20.304 (DIF=0.021)

   `|```````|`    
   <| o\ /o |>    
    | ' ; ' |     
    |  ___  |     ABORT program on Fatal Error. 
    | |' '| |     
    | `---' |     
    \_______/    

 FATAL ERROR ABORT called by addTemplateRows_NONRECUR
   Invalid NONRECUR EVENT (ID=2357)
   First and Last mags do not match

