
 Full command: snlc_sim.exe SNIb-templates_20251020.input 

 SNANA_VERSION: NOT_FROM_GITHUB



 ****************************************************************** 
   Begin execution of snlc_sim.exe    
 SNDATA_ROOT = /home/mvalenzuela/SNDATA_ROOT 
 SNANA_DIR   = /home/lmod/software/SNANA/11.05p 


   sizeof(INPUTS) =   5.043 MB 
   sizeof(GENLC)  =  10.667 MB 

  init_SNDATA_GLOBAL: 
 --------------------------------------------------------
  Initialize NstringMatch for sim-input file
  Read 83 words from user input file 1: 
	 SNIb-templates_20251020.input 
 --------------------------------------------------------
  Read 65 words from user input file 2: 
	 /home/mvalenzuela/run_SNANA/model_config/SIMGEN_INCLUDE_SNIb-Templates.INPUT 

 ****************************************************************** 
   init_HzFUN_INFO  
	 H0         = 70.00      # km/s/Mpc 
	 OM, OL, Ok = 0.31500, 0.68500, 0.00000 
	 w0, wa     = -1.000,  0.000 

 ****************************************************************** 
    prep_user_inputs summary   
	 SIMLIB file        : /home/mvalenzuela/SIMLIBv5/DD_SIMLIBv5.SIMLIB   (start LIBID=0)
	 Generation Version : SNIb-templates_DDF_20251020 
	 Generation source  : RANDOM 
	 Generation model   : NON1ASED 
	 Number of LC to Generate: 0 
	 OMEGA_(MATTER,LAMBDA)= 0.315, 0.685,    w0= -1.00   H0= 70.0 
	 KCOR  file : /home/mvalenzuela/run_SNANA/kcor_LSST.fits 
	 Observer Gen-FILTERS  :  ugrizY  
	 Random number seed: 42  (NSTREAM=2)
	 Gen-Range for RA(deg)  : -360.000 to  360.000 
	 Gen-Range for DEC(deg): -360.000 to  360.000 
	 Gen-Range for ZCMB :  0.011 to  0.700  (sigma= 0.0000, bias=0.00000) 
	 Gen-Range for PEAKMJD  :  60900.0 to  61900.0  
	 Gen-Range for Trest    :    -50.0 to    300.0  days 
	 Gen-Range for SHAPEPAR  :      0.0 to      0.0  
	 Gen-Range for AV  : -9.00 to -9.00  (dN/dAv = exp(-AV/-9.00) 
	 Gen-Mean  for RV  : 3.10  
	 Gen-sigma for RV  : 0.00 , 0.00 (lower , upper ) 
	 Gen-Range for RV  : 1.00 to 5.00 
	 ZP offsets (ugrizY) :  0.000 0.000 0.000 0.000 0.000 0.000
	 MODEL mag offsets (ugrizY) :   0.00  0.00  0.00  0.00  0.00  0.00


 ****************************************************************** 
    init_RANDOMsource : CIDOFF=0   

 ****************************************************************** 
   SIMLIB_readGlobalHeader_TEXT  
	 Opened : /home/mvalenzuela/SIMLIBv5/DD_SIMLIBv5.SIMLIB 

 ****************************************************************** 
   SIMLIB_prepGlobalHeader  
	 SIMLIB Survey    : LSST 
	 SIMLIB Field : VOID 
	 SIMLIB Pixel Saturation: 100000 photoelectrons. 
	 SIMLIB Filters   : ugrizY 
	 SIMLIB created by: NONE 
	 SIMLIB Solid Angle  : 0.025000 steridians 
	 SIMLIB PSF unit:    PIXEL_SIGMA 
	 SIMLIB SKYSIG unit: ADU_PER_SQPIXEL 

  Bit-mask options for SIMLIB_MSKOPT = 128 
	 MASK=   128 -> keep entire SIMLIB season (not just transient range) 

	 SIMLIB MAXRANSTART after  51  LIBIDs  (0 seconds)

 ****************************************************************** 
   init_RateModel  
 dN/dz from 1.00 x Strolger15(CANDELS): 
    MODEL_RATE(z=0.01) = 3.499e-06/Mpc^3/yr    
    MODEL_RATE(z=0.21) = 7.401e-06/Mpc^3/yr    
    MODEL_RATE(z=0.41) = 1.196e-05/Mpc^3/yr    
    MODEL_RATE(z=0.61) = 1.540e-05/Mpc^3/yr    
 Calculated Number of EVENTS per season =  3097 

 ****************************************************************** 
   Initialize SEARCH EFFICIENCY for 'LSST' 
  
   Read Detection-efficiency curves: 
	 EFF_DETECT(u) = 0.463 at ABS(SNR) =  5.50 ()
	 EFF_DETECT(g) = 0.463 at ABS(SNR) =  5.50 ()
	 EFF_DETECT(r) = 0.425 at ABS(SNR) =  5.00 ()
	 EFF_DETECT(i) = 0.540 at ABS(SNR) =  5.50 ()
	 EFF_DETECT(z) = 0.469 at ABS(SNR) =  5.00 ()
	 EFF_DETECT(Y) = 0.469 at ABS(SNR) =  5.00 ()

   Fetch SOFTWARE SEARCH-LOGIC from : 
	 /home/mvalenzuela/run_SNANA/LSST_PIPELINE_LOGIC.DAT
	 Logic: 2 MJDs require filters=u+g+r+i+z+Y 
	 Trigger epoch contains all obs within 0.007 days


  Optional SEARCHEFF_SPEC_FILE not specified -> EFF_SPEC=1 

  Optional SEARCHEFF_zHOST_FILE not specified -> Eff=1.0 

  Optional SEARCHEFF_zHOST_FILE not specified -> Eff=1.0 

 ****************************************************************** 
   READ_CALIB_DRIVER: read calib/filters/kcor  
	 FILTERS_SURVEY = ugrizY 
  Opened /home/mvalenzuela/run_SNANA/kcor_LSST.fits
   read_calib_head 
		 Read VERSION         = 4  (kcor.exe version) 
		 Read NPRIM           = 1  primary refs 
		 Read PRIM001         = AB 
		 Read NFILTERS        = 6  filters 
		 Read NKCOR           = 0  K-COR tables 
		 Read  991 wavelength bins (2100.00 to 12000.00)
		 Read  106 epoch      bins (-20.00 to 85.00)
		 Read    1 redshift   bins (0.00 to 0.00)
		 Read    1 AV         bins (0.00 to 0.00)
   read_calib_zpoff  
   read_calib_snsed 
   read_kcor_tables 
   read_kcor_mags 
   read_calib_filters 
   read_calib_primarysed 

   print_calib_summary 
	  Primary Spectrum: AB 

  FILTER SUMMARY (RDKCOR) : 
   internal                   LAM  LAM   rest-lam      primary
  index name                  AVG  RMS   kcor range    mag   ZP
 ---------------------------------------------------------------------- 
    1 LSST-u                 3710  163     0-    0   0.000   0.000
    2 LSST-g                 4806  431     0-    0   0.000   0.000
    3 LSST-r                 6221  414     0-    0   0.000   0.000
    4 LSST-i                 7559  387     0-    0   0.000   0.000
    5 LSST-z                 8681  311     0-    0   0.000   0.000
    6 LSST-Y                 9757  345     0-    0   0.000   0.000
	 NFILTDEF[SURVEY,REST] = 6 0 

 READ_CALIB_DRIVER: Done 


 ****************************************************************** 
    PREPARE NON1ASED TEMPLATE SELECTION   
    MODELPATH = /home/mvalenzuela/run_SNANA/plasticc_models/NON1ASED.SNIbc-Templates 
    Read all NON1A from '/home/mvalenzuela/run_SNANA/plasticc_models/NON1ASED.SNIbc-Templates/NON1A.LIST' 
     Will generate  286 NON1ASED (MXGEN= 286) with CSP-2004gv.SED
     Will generate  286 NON1ASED (MXGEN= 572) with CSP-2006ep.SED
     Will generate  286 NON1ASED (MXGEN= 858) with CSP-2007Y.SED
     Will generate  286 NON1ASED (MXGEN=1144) with SDSS-000020.SED
     Will generate  286 NON1ASED (MXGEN=1430) with SDSS-002744.SED
     Will generate  286 NON1ASED (MXGEN=1716) with SDSS-014492.SED
     Will generate  284 NON1ASED (MXGEN=2000) with SDSS-019323.SED

   filtdump_SEDMODEL: Read primary ref 'AB' with 991 lambda bins 

   Defined                                 Lambda           AB     AB 
   Filter                  <LAMBDA>        Range(step)      mag    ZP 
   ----------------------------------------------------------------------
   id=01 (      LSST-u)   ( 3710.0 + 0)   3200- 4100( 10)   0.000  12.652  
   id=02 (      LSST-g)   ( 4805.8 + 0)   3750- 5770( 10)   0.000  14.689  
   id=03 (      LSST-r)   ( 6221.5 + 0)   5230- 7150( 10)   0.000  14.560  
   id=04 (      LSST-i)   ( 7559.2 + 0)   6590- 8450( 10)   0.000  14.379  
   id=05 (      LSST-z)   ( 8680.6 + 0)   7890- 9470( 10)   0.000  13.993  
   id=06 (      LSST-Y)   ( 9757.0 + 0)   8970-10990( 10)   0.000  13.017  
   ----------------------------------------------------------------------
	 malloc_METADATA_SEDMODEL for NSED=1 and NPAR=0
  malloc_FLUXTABLE_SEDMODEL : allocate   2.11 Mb of memory for integral-flux tables. 
	 Table bins include 400 DAYs. 
	 Table bins include   6 FILTERs. 
	 Table bins include   1 SEDs. 
	 Table bins include  93 log10(Z): 0.00975 <= Z <= 0.70210 .
		 ZTABLE[  1] =  0.00975   (LOGZ=-2.0109)
		 ZTABLE[  2] =  0.01022   (LOGZ=-1.9907)
		 ZTABLE[  3] =  0.01070   (LOGZ=-1.9705)
		 ZTABLE[ 90] =  0.61071   (LOGZ=-0.2142)
		 ZTABLE[ 91] =  0.63977   (LOGZ=-0.1940)
		 ZTABLE[ 92] =  0.67021   (LOGZ=-0.1738)
		 ZTABLE[ 93] =  0.70210   (LOGZ=-0.1536)
		 Zero entire SEDMODEL flux table (527716 entries). 

	 Allow SED Flam < 0 

 ****************************************************************** 
   init_modelSmear: init intrinsic SN smearing with model=NONE  
	 Smear-mode: interpolate from central filter wavelengths.

 ****************************************************************** 
   README_DOCANA_DRIVER: Prepare README content (iflag=1)  

 ****************************************************************** 
   clr_VERSION  
	 LCMERGE Version SNIb-templates_DDF_20251020 does not exist. 
	 SIM Version SNIb-templates_DDF_20251020 does not exist. 
	 PHOTOMETRY Version SNIb-templates_DDF_20251020 does not exist. 

 ****************************************************************** 
   Init SIMGEN_DUMP file   
	 open /home/mvalenzuela/SNDATA_ROOT/SIM/SNIb-templates_DDF_20251020/SNIb-templates_DDF_20251020.DUMP

 ****************************************************************** 
   WR_SNFITSIO_INIT  

 ****************************************************************** 
   set_TIMERS  
	 CPUTIME_INITIALIZE   = 0.000 second

 ****************************************************************** 
    Begin Generating Lightcurves.   
  Found Max dN/dz * wgt = 1.702412e+05 at z =    0.700 

 ****************************************************************** 
   Prepare 'NON1ASED' Simulation for CSP-2004gv.SED (INDEX=103)  
  Read  NON1A-103  SED  from : 
    /home/mvalenzuela/run_SNANA/plasticc_models/NON1ASED.SNIbc-Templates/CSP-2004gv.SED 
    T0shiftPeak_SEDMODEL: shift DAY-array by -2.00 days so that maxFlux is at DAY=0
		 Zero entire SEDMODEL flux table (527716 entries). 
  Initialize SED flux-integrals for  LSST-u  and  ISED=1 
  Initialize SED flux-integrals for  LSST-g  and  ISED=1 
  Initialize SED flux-integrals for  LSST-r  and  ISED=1 
  Initialize SED flux-integrals for  LSST-i  and  ISED=1 
  Initialize SED flux-integrals for  LSST-z  and  ISED=1 
  Initialize SED flux-integrals for  LSST-Y  and  ISED=1 
    Trest(NON1A-103): -37.30 to 137.20     LAMBDA:  1200 to 11990 A 

  SED-epoch  range: -37.30 <= Trest <= 137.20 (<STEP>=1.96 day)
  SED-lambda range:  1200 <= LAM <= 11990 (<STEP>=  10 A) 
  FILTER-lambda range:   100 <= LAM <= 30000  
   Changes for CSP-2004gv.SED : 
	 GENMAG_OFF_MODEL ->  0.77 
	 GENMAG_SMEAR ->  0.41, 0.41 
	 Finished generating        1 of 2000 (CID=1) 
	 Finished generating      100 of 2000 (CID=100) 
	 Finished generating      200 of 2000 (CID=200) 

 ****************************************************************** 
   Prepare 'NON1ASED' Simulation for CSP-2006ep.SED (INDEX=104)  
  Read  NON1A-104  SED  from : 
    /home/mvalenzuela/run_SNANA/plasticc_models/NON1ASED.SNIbc-Templates/CSP-2006ep.SED 
    T0shiftPeak_SEDMODEL: shift DAY-array by -3.80 days so that maxFlux is at DAY=0
		 Zero entire SEDMODEL flux table (527716 entries). 
  Initialize SED flux-integrals for  LSST-u  and  ISED=1 
  Initialize SED flux-integrals for  LSST-g  and  ISED=1 
  Initialize SED flux-integrals for  LSST-r  and  ISED=1 
  Initialize SED flux-integrals for  LSST-i  and  ISED=1 
  Initialize SED flux-integrals for  LSST-z  and  ISED=1 
  Initialize SED flux-integrals for  LSST-Y  and  ISED=1 
    Trest(NON1A-104): -36.20 to 133.40     LAMBDA:  1200 to 11990 A 

  SED-epoch  range: -36.20 <= Trest <= 133.40 (<STEP>=1.91 day)
  SED-lambda range:  1200 <= LAM <= 11990 (<STEP>=  10 A) 
  FILTER-lambda range:   100 <= LAM <= 30000  
   Changes for CSP-2006ep.SED : 
	 GENMAG_OFF_MODEL ->  2.67 
	 GENMAG_SMEAR ->  0.41, 0.41 
	 Finished generating      300 of 2000 (CID=299) 
	 Finished generating      400 of 2000 (CID=400) 
	 Finished generating      500 of 2000 (CID=500) 

 ****************************************************************** 
   Prepare 'NON1ASED' Simulation for CSP-2007Y.SED (INDEX=105)  
  Read  NON1A-105  SED  from : 
    /home/mvalenzuela/run_SNANA/plasticc_models/NON1ASED.SNIbc-Templates/CSP-2007Y.SED 
    T0shiftPeak_SEDMODEL: shift DAY-array by -1.00 days so that maxFlux is at DAY=0
		 Zero entire SEDMODEL flux table (527716 entries). 
  Initialize SED flux-integrals for  LSST-u  and  ISED=1 
  Initialize SED flux-integrals for  LSST-g  and  ISED=1 
  Initialize SED flux-integrals for  LSST-r  and  ISED=1 
  Initialize SED flux-integrals for  LSST-i  and  ISED=1 
  Initialize SED flux-integrals for  LSST-z  and  ISED=1 
  Initialize SED flux-integrals for  LSST-Y  and  ISED=1 
    Trest(NON1A-105): -37.80 to 139.40     LAMBDA:  2530 to 11990 A 

  SED-epoch  range: -37.80 <= Trest <= 139.40 (<STEP>=1.99 day)
  SED-lambda range:  2530 <= LAM <= 11990 (<STEP>=  10 A) 
  FILTER-lambda range:   100 <= LAM <= 30000  
   Changes for CSP-2007Y.SED : 
	 GENMAG_OFF_MODEL -> -0.63 
	 GENMAG_SMEAR ->  0.41, 0.41 
	 Finished generating      600 of 2000 (CID=600) 
	 Finished generating      700 of 2000 (CID=700) 
	 Finished generating      800 of 2000 (CID=800) 

 ****************************************************************** 
   Prepare 'NON1ASED' Simulation for SDSS-000020.SED (INDEX=202)  
  Read  NON1A-202  SED  from : 
    /home/mvalenzuela/run_SNANA/plasticc_models/NON1ASED.SNIbc-Templates/SDSS-000020.SED 
    T0shiftPeak_SEDMODEL: shift DAY-array by -2.80 days so that maxFlux is at DAY=0
		 Zero entire SEDMODEL flux table (527716 entries). 
  Initialize SED flux-integrals for  LSST-u  and  ISED=1 
  Initialize SED flux-integrals for  LSST-g  and  ISED=1 
  Initialize SED flux-integrals for  LSST-r  and  ISED=1 
  Initialize SED flux-integrals for  LSST-i  and  ISED=1 
  Initialize SED flux-integrals for  LSST-z  and  ISED=1 
  Initialize SED flux-integrals for  LSST-Y  and  ISED=1 
    Trest(NON1A-202): -32.20 to  75.80     LAMBDA:  2370 to 11990 A 
    WARNING(NON1A-202): Flux(Trestmax)/Flux(peak) = 0.090 -> beware of extrapolation

  SED-epoch  range: -32.20 <= Trest <=  75.80 (<STEP>=1.89 day)
  SED-lambda range:  2370 <= LAM <= 11990 (<STEP>=  10 A) 
  FILTER-lambda range:   100 <= LAM <= 30000  
   Changes for SDSS-000020.SED : 
	 GENMAG_OFF_MODEL ->  0.35 
	 GENMAG_SMEAR ->  0.41, 0.41 
	 Finished generating      900 of 2000 (CID=900) 
	 Finished generating     1000 of 2000 (CID=1000) 
	 Finished generating     1100 of 2000 (CID=1100) 

 ****************************************************************** 
   Prepare 'NON1ASED' Simulation for SDSS-002744.SED (INDEX=203)  
  Read  NON1A-203  SED  from : 
    /home/mvalenzuela/run_SNANA/plasticc_models/NON1ASED.SNIbc-Templates/SDSS-002744.SED 
    T0shiftPeak_SEDMODEL: shift DAY-array by 1.00 days so that maxFlux is at DAY=0
		 Zero entire SEDMODEL flux table (527716 entries). 
  Initialize SED flux-integrals for  LSST-u  and  ISED=1 
  Initialize SED flux-integrals for  LSST-g  and  ISED=1 
  Initialize SED flux-integrals for  LSST-r  and  ISED=1 
  Initialize SED flux-integrals for  LSST-i  and  ISED=1 
  Initialize SED flux-integrals for  LSST-z  and  ISED=1 
  Initialize SED flux-integrals for  LSST-Y  and  ISED=1 
    Trest(NON1A-203): -29.00 to  79.30     LAMBDA:  2410 to 11990 A 
    WARNING(NON1A-203): Flux(Trestmax)/Flux(peak) = 0.093 -> beware of extrapolation

  SED-epoch  range: -29.00 <= Trest <=  79.30 (<STEP>=1.93 day)
  SED-lambda range:  2410 <= LAM <= 11990 (<STEP>=  10 A) 
  FILTER-lambda range:   100 <= LAM <= 30000  
   Changes for SDSS-002744.SED : 
	 GENMAG_OFF_MODEL -> -0.10 
	 GENMAG_SMEAR ->  0.41, 0.41 
	 Finished generating     1200 of 2000 (CID=1200) 
	 Finished generating     1300 of 2000 (CID=1299) 
	 Finished generating     1400 of 2000 (CID=1400) 

 ****************************************************************** 
   Prepare 'NON1ASED' Simulation for SDSS-014492.SED (INDEX=212)  
  Read  NON1A-212  SED  from : 
    /home/mvalenzuela/run_SNANA/plasticc_models/NON1ASED.SNIbc-Templates/SDSS-014492.SED 
    T0shiftPeak_SEDMODEL: shift DAY-array by -0.90 days so that maxFlux is at DAY=0
		 Zero entire SEDMODEL flux table (527716 entries). 
  Initialize SED flux-integrals for  LSST-u  and  ISED=1 
  Initialize SED flux-integrals for  LSST-g  and  ISED=1 
  Initialize SED flux-integrals for  LSST-r  and  ISED=1 
  Initialize SED flux-integrals for  LSST-i  and  ISED=1 
  Initialize SED flux-integrals for  LSST-z  and  ISED=1 
  Initialize SED flux-integrals for  LSST-Y  and  ISED=1 
    Trest(NON1A-212): -29.70 to  78.00     LAMBDA:  2320 to 11990 A 
    WARNING(NON1A-212): Flux(Trestmax)/Flux(peak) = 0.054 -> beware of extrapolation

  SED-epoch  range: -29.70 <= Trest <=  78.00 (<STEP>=1.86 day)
  SED-lambda range:  2320 <= LAM <= 11990 (<STEP>=  10 A) 
  FILTER-lambda range:   100 <= LAM <= 30000  
   Changes for SDSS-014492.SED : 
	 GENMAG_OFF_MODEL ->  0.95 
	 GENMAG_SMEAR ->  0.41, 0.41 
	 Finished generating     1500 of 2000 (CID=1500) 
	 Finished generating     1600 of 2000 (CID=1600) 
	 Finished generating     1700 of 2000 (CID=1700) 

 ****************************************************************** 
   Prepare 'NON1ASED' Simulation for SDSS-019323.SED (INDEX=234)  
  Read  NON1A-234  SED  from : 
    /home/mvalenzuela/run_SNANA/plasticc_models/NON1ASED.SNIbc-Templates/SDSS-019323.SED 
    T0shiftPeak_SEDMODEL: shift DAY-array by -2.80 days so that maxFlux is at DAY=0
		 Zero entire SEDMODEL flux table (527716 entries). 
  Initialize SED flux-integrals for  LSST-u  and  ISED=1 
  Initialize SED flux-integrals for  LSST-g  and  ISED=1 
  Initialize SED flux-integrals for  LSST-r  and  ISED=1 
  Initialize SED flux-integrals for  LSST-i  and  ISED=1 
  Initialize SED flux-integrals for  LSST-z  and  ISED=1 
  Initialize SED flux-integrals for  LSST-Y  and  ISED=1 
    Trest(NON1A-234): -31.30 to  75.40     LAMBDA:  2300 to 11990 A 
    WARNING(NON1A-234): Flux(Trestmax)/Flux(peak) = 0.048 -> beware of extrapolation

  SED-epoch  range: -31.30 <= Trest <=  75.40 (<STEP>=1.84 day)
  SED-lambda range:  2300 <= LAM <= 11990 (<STEP>=  10 A) 
  FILTER-lambda range:   100 <= LAM <= 30000  
   Changes for SDSS-019323.SED : 
	 GENMAG_OFF_MODEL ->  0.28 
	 GENMAG_SMEAR ->  0.41, 0.41 
	 Finished generating     1800 of 2000 (CID=1800) 
	 Finished generating     1900 of 2000 (CID=1900) 
	 Finished generating     2000 of 2000 (CID=2000) GenRate=19/sec

 ****************************************************************** 
    Done generating 2000 SN lightcurves from RANDOM source.  
	 (2000 lightcurves requested => 179 were written) 
	 CPUTIME_PROCESS_ALL  = 1.750 minute
	 CPUTIME_PROCESS_RATE(GEN) = 19.048 evt/second
	 CPUTIME_PROCESS_RATE(ACC) = 1.705 evt/second

 ****************************************************************** 
   README_DOCANA_DRIVER: Prepare README content (iflag=2)  

 ****************************************************************** 
   DUMP README CONTENTS TO SCREEN
  
DOCUMENTATION:
  OVERVIEW:
    TIME_START:   2025-10-25  20:27  # UT
    SURVEY:       LSST
    GENMODEL:     NON1ASED
    SNIA:         False
    HOST_MACHINE: sn014
    USERNAME:     mvalenzuela
    SNDATA_ROOT:  /home/mvalenzuela/SNDATA_ROOT
    SNANA_DIR:     /home/lmod/software/SNANA/11.05p
    SNANA_VERSION: 
    CWD:   /home/mvalenzuela/DATASIM_LSST_1/DDF/input_files_v6/SNIb-templates
    INPUT_FILE:
    - SNIb-templates_20251020.input
    - /home/mvalenzuela/run_SNANA/model_config/SIMGEN_INCLUDE_SNIb-Templates.INPUT
# 
  INPUT_KEYS:
# Output data
    GENVERSION:              SNIb-templates_DDF_20251020
    NGENTOT_LC:              2000  
    FORMAT_MASK:             32  #  += 2,32,16 -> TEXT, FITS, randomCID
    GENTYPE:                 0  # true type
    SNTYPE:                  1  101  # spec Type, photID type
    CIDRAN_MIN:              0  
    CIDRAN_MAX:              3000000  
# Source model
    GENMODEL:                NON1ASED 
    PATH_NON1ASED:           /home/mvalenzuela/run_SNANA/plasticc_models/NON1ASED.SNIbc-Templates 
    MINSLOPE_EXTRAPMAG_LATE: 0.01 
    NON1A_KEYS:              5 INDEX WGT MAGOFF MAGSMEAR SNTYPE 
    NON1A:                  
    - 103 0.0191 0.770 0.410 3 
    - 104 0.0191 2.670 0.410 3 
    - 105 0.0191 -0.628 0.410 3 
    - 202 0.0191 0.346 0.410 3 
    - 203 0.0191 -0.099 0.410 3 
    - 212 0.0191 0.950 0.410 3 
    - 234 0.0191 0.281 0.410 3 
    GENMAG_SMEAR:            1.0000e-03  # coherent scatter (mag)
# Cosmology inputs
    OMEGA_MATTER:            0.3150  
    OMEGA_LAMBDA:            0.6850  
    w0_LAMBDA:               -1.0000  
    wa_LAMBDA:               0  
    MUSHIFT:                 0  
# Instrumental inputs
    GENFILTERS:          ugrizY 
    KCOR_FILE:           /home/mvalenzuela/run_SNANA/kcor_LSST.fits 
    SIMLIB_FILE:             /home/mvalenzuela/SIMLIBv5/DD_SIMLIBv5.SIMLIB 
    SIMLIB_MAXRANSTART:      1000 
    SIMLIB_MSKOPT:           128 
    SMEARFLAG_FLUX:      1  # 1->add Poisson noise
    SMEARFLAG_ZEROPT:    1  # +=1->apply scatter, +=2->add to FLUXERRCAL
# SEARCHEFF/detections
    SEARCHEFF_PIPELINE_LOGIC_FILE:  /home/mvalenzuela/run_SNANA/LSST_PIPELINE_LOGIC.DAT
    NEWMJD_DIF:              7.0000e-03  # day-sep if > 1 detections required
    SEARCHEFF_PIPELINE_EFF_FILE:  /home/mvalenzuela/run_SNANA/LSST_SEARCHEFF_PIPELINE.DAT
    SEARCHEFF_SPEC_FILE:     NONE
    SEARCHEFF_zHOST_FILE:    NONE
    APPLY_SEARCHEFF_OPT:     1  # += 1,2,4 => pipe,spec,zhost
# Redshift inputs
    GENRANGE_REDSHIFT:       0.0110  0.7000  
    GENSIGMA_REDSHIFT:       0  
    GENSIGMA_VPEC:           0  # true vpec scatter (km/sec)
    VPEC_ERR:                0  # vpec error after correction (km/sec)
# Epoch & sky coverage inputs
    GENRANGE_MJD:            60981.0000  61832.0000  
    GENRANGE_PEAKMJD:        60900.0000  61900.0000  
    GENSIGMA_PEAKMJD:        1.0000  
    GENRANGE_TREST:          -50.0000  300.0000  
    SOLID_ANGLE:             0.0250  
# Galactic extinction
    OPT_MWEBV:        1   
    OPT_MWCOLORLAW:   99   
# Population and rate-model params
    DNDZ:                    CC_S15 
    DNDZ_ALLSCALE:           0.0540  # dN/dz *= ALLSCALE
# Misc inputs
    GENSOURCE:               RANDOM
    RANSEED:                 42  
    DEBUG_FLAG:              0  
    SIMGEN_DUMPALL:          35 CID LIBID SIM_SEARCHEFF_MASK GENTYPE NON1A_INDEX ZCMB ZHELIO ZCMB_SMEAR RA DEC MWEBV GALID GALZPHOT GALZPHOTERR GALSNSEP GALSNDDLR RV AV MU LENSDMU PEAKMJD MJD_DETECT_FIRST MJD_DETECT_LAST DTSEASON_PEAK PEAKMAG_u PEAKMAG_g PEAKMAG_r PEAKMAG_i PEAKMAG_z PEAKMAG_Y SNRMAX SNRMAX2 SNRMAX3 NOBS NOBS_SATURATE 
# 
  FILTERS:   # mean wavelength (A)
    u:  3710.0
    g:  4805.8
    r:  6221.5
    i:  7559.2
    z:  8680.6
    Y:  9757.0
# 
  INPUT_NOTES:
  - Poisson noise is ON 
  - Reported flux-uncertainty includes SKY+GALAXY+SOURCE
  - SB-dependent flux scatter is OFF
  -  dN/dz from 1.00 x Strolger15(CANDELS): 
  -     MODEL_RATE(z=0.01) = 3.499e-06/Mpc^3/yr    
  -     MODEL_RATE(z=0.21) = 7.401e-06/Mpc^3/yr    
  -     MODEL_RATE(z=0.41) = 1.196e-05/Mpc^3/yr    
  -     MODEL_RATE(z=0.61) = 1.540e-05/Mpc^3/yr    
  -  Calculated Number of EVENTS per season =  3097 
  - H0 =  70.00 km/s/Mpc 
  - Omega_{M,L} =  0.315, 0.685     w0,wa = -1.00,0.000
  - APPLY_SEARCHEFF_OPT=1 --> Require EFF(PIPELINE) 
  - PIPELINE requires 2 detections among u+g+r+i+z+Y (MJD dif > 0.0070 days) 
#
  GENTYPE_TO_NAME:  # GENTYPE:  [non]Ia   type  
    3:  nonIa    Ib
# 
  OUTPUT_SUMMARY:
    RANDOM_SYNC: 
    - List=1  FIRST=0.220083  LAST=0.833863   AVG(wrap) = 24.0 +_ 36.5 
    - List=2  FIRST=0.196433  LAST=0.390284   AVG(wrap) = 0.2 +_ 0.1 
    - List=3  FIRST=0.481024  LAST=0.071919   AVG(wrap) = 0.0 +_ 0.0 
# 
    CPU_MINUTES:       1.75  
    NGENLC_TOT:        2000    # (19/sec)
    NGENLC_WRITE:      179    # (2/sec)
    NGENSPEC_WRITE:    0  
    EFF(SEARCH+CUTS):  0.0895 +-  0.0064
    NGEN_PER_SEASON:   3097       # NSN(GEN) in GENRANGE(z,MJD,dOmega)
    NACC_PER_SEASON:   277 +_ 21  # NSN(ACCEPT) after trigger+cuts
    NREJECT:  [299,0,0,  1522,0]   # [NEP<1,GENRANGE,PEAKMAG,  SEARCHEFF,CUTWIN] 
DOCUMENTATION_END:

  AUXILIARY FILES: 
  /home/mvalenzuela/SNDATA_ROOT/SIM/SNIb-templates_DDF_20251020/SNIb-templates_DDF_20251020.LIST 
  /home/mvalenzuela/SNDATA_ROOT/SIM/SNIb-templates_DDF_20251020/SNIb-templates_DDF_20251020.README 
  /home/mvalenzuela/SNDATA_ROOT/SIM/SNIb-templates_DDF_20251020/SNIb-templates_DDF_20251020.DUMP
 WR_SNFITSIO_END: wrote 179 events and 0 spectra to FITS format

 DONE with snlc_sim.
