
 Full command: snlc_sim.exe V19_SNII_20251020.input 

 SNANA_VERSION: NOT_FROM_GITHUB



 ****************************************************************** 
   Begin execution of snlc_sim.exe    
 SNDATA_ROOT = /home/mvalenzuela/SNDATA_ROOT 
 SNANA_DIR   = /home/lmod/software/SNANA/11.05p 


   sizeof(INPUTS) =   5.043 MB 
   sizeof(GENLC)  =  10.667 MB 

  init_SNDATA_GLOBAL: 
 --------------------------------------------------------
  Initialize NstringMatch for sim-input file
  Read 79 words from user input file 1: 
	 V19_SNII_20251020.input 
 --------------------------------------------------------
  Read 167 words from user input file 2: 
	 /home/mvalenzuela/run_SNANA/elastic/model_config/SIMGEN_INCLUDE_V19_SNII+HostXT.INPUT 

 ****************************************************************** 
   init_HzFUN_INFO  
	 H0         = 70.00      # km/s/Mpc 
	 OM, OL, Ok = 0.31500, 0.68500, 0.00000 
	 w0, wa     = -1.000,  0.000 

 ****************************************************************** 
    prep_user_inputs summary   
	 SIMLIB file        : /home/mvalenzuela/SIMLIBv5/DD_SIMLIBv5.SIMLIB   (start LIBID=0)
	 Generation Version : V19_SNII_DDF_20251020 
	 Generation source  : RANDOM 
	 Generation model   : NON1ASED 
	 Number of LC to Generate: 0 
	 OMEGA_(MATTER,LAMBDA)= 0.315, 0.685,    w0= -1.00   H0= 70.0 
	 KCOR  file : /home/mvalenzuela/run_SNANA/kcor_LSST.fits 
	 Observer Gen-FILTERS  :  ugrizY  
	 Random number seed: 94  (NSTREAM=2)
	 Gen-Range for RA(deg)  : -360.000 to  360.000 
	 Gen-Range for DEC(deg): -360.000 to  360.000 
	 Gen-Range for ZCMB :  0.011 to  1.800  (sigma= 0.0000, bias=0.00000) 
	 Gen-Range for PEAKMJD  :  60900.0 to  61900.0  
	 Gen-Range for Trest    :    -50.0 to    300.0  days 
	 Gen-Range for SHAPEPAR  :      0.0 to      0.0  
	 Gen-Range for AV  : -9.00 to -9.00  (dN/dAv = exp(-AV/-9.00) 
	 Gen-Mean  for RV  : 3.10  
	 Gen-sigma for RV  : 0.00 , 0.00 (lower , upper ) 
	 Gen-Range for RV  : 1.00 to 5.00 
	 ZP offsets (ugrizY) :  0.000 0.000 0.000 0.000 0.000 0.000
	 MODEL mag offsets (ugrizY) :   0.00  0.00  0.00  0.00  0.00  0.00


 ****************************************************************** 
    init_RANDOMsource : CIDOFF=0   

 ****************************************************************** 
   SIMLIB_readGlobalHeader_TEXT  
	 Opened : /home/mvalenzuela/SIMLIBv5/DD_SIMLIBv5.SIMLIB 

 ****************************************************************** 
   SIMLIB_prepGlobalHeader  
	 SIMLIB Survey    : LSST 
	 SIMLIB Field : VOID 
	 SIMLIB Pixel Saturation: 100000 photoelectrons. 
	 SIMLIB Filters   : ugrizY 
	 SIMLIB created by: NONE 
	 SIMLIB Solid Angle  : 0.025000 steridians 
	 SIMLIB PSF unit:    PIXEL_SIGMA 
	 SIMLIB SKYSIG unit: ADU_PER_SQPIXEL 

  Bit-mask options for SIMLIB_MSKOPT = 128 
	 MASK=   128 -> keep entire SIMLIB season (not just transient range) 

	 SIMLIB MAXRANSTART after  818  LIBIDs  (1 seconds)

 ****************************************************************** 
   init_RateModel  
 dN/dz from 1.00 x Strolger15(CANDELS): 
    MODEL_RATE(z=0.01) = 2.106e-05/Mpc^3/yr    
    MODEL_RATE(z=0.21) = 4.454e-05/Mpc^3/yr    
    MODEL_RATE(z=0.41) = 7.200e-05/Mpc^3/yr    
    MODEL_RATE(z=0.61) = 9.266e-05/Mpc^3/yr    
    MODEL_RATE(z=0.81) = 1.019e-04/Mpc^3/yr    
    MODEL_RATE(z=1.01) = 1.024e-04/Mpc^3/yr    
    MODEL_RATE(z=1.21) = 9.849e-05/Mpc^3/yr    
    MODEL_RATE(z=1.41) = 9.281e-05/Mpc^3/yr    
    MODEL_RATE(z=1.61) = 8.677e-05/Mpc^3/yr    
 Calculated Number of EVENTS per season =  1.111e+05 

 ****************************************************************** 
   Initialize SEARCH EFFICIENCY for 'LSST' 
  
   Read Detection-efficiency curves: 
	 EFF_DETECT(u) = 0.463 at ABS(SNR) =  5.50 ()
	 EFF_DETECT(g) = 0.463 at ABS(SNR) =  5.50 ()
	 EFF_DETECT(r) = 0.425 at ABS(SNR) =  5.00 ()
	 EFF_DETECT(i) = 0.540 at ABS(SNR) =  5.50 ()
	 EFF_DETECT(z) = 0.469 at ABS(SNR) =  5.00 ()
	 EFF_DETECT(Y) = 0.469 at ABS(SNR) =  5.00 ()

   Fetch SOFTWARE SEARCH-LOGIC from : 
	 /home/mvalenzuela/run_SNANA/LSST_PIPELINE_LOGIC.DAT
	 Logic: 2 MJDs require filters=u+g+r+i+z+Y 
	 Trigger epoch contains all obs within 0.007 days


  Optional SEARCHEFF_SPEC_FILE not specified -> EFF_SPEC=1 

  Optional SEARCHEFF_zHOST_FILE not specified -> Eff=1.0 

  Optional SEARCHEFF_zHOST_FILE not specified -> Eff=1.0 

 ****************************************************************** 
   READ_CALIB_DRIVER: read calib/filters/kcor  
	 FILTERS_SURVEY = ugrizY 
  Opened /home/mvalenzuela/run_SNANA/kcor_LSST.fits
   read_calib_head 
		 Read VERSION         = 4  (kcor.exe version) 
		 Read NPRIM           = 1  primary refs 
		 Read PRIM001         = AB 
		 Read NFILTERS        = 6  filters 
		 Read NKCOR           = 0  K-COR tables 
		 Read  991 wavelength bins (2100.00 to 12000.00)
		 Read  106 epoch      bins (-20.00 to 85.00)
		 Read    1 redshift   bins (0.00 to 0.00)
		 Read    1 AV         bins (0.00 to 0.00)
   read_calib_zpoff  
   read_calib_snsed 
   read_kcor_tables 
   read_kcor_mags 
   read_calib_filters 
   read_calib_primarysed 

   print_calib_summary 
	  Primary Spectrum: AB 

  FILTER SUMMARY (RDKCOR) : 
   internal                   LAM  LAM   rest-lam      primary
  index name                  AVG  RMS   kcor range    mag   ZP
 ---------------------------------------------------------------------- 
    1 LSST-u                 3710  163     0-    0   0.000   0.000
    2 LSST-g                 4806  431     0-    0   0.000   0.000
    3 LSST-r                 6221  414     0-    0   0.000   0.000
    4 LSST-i                 7559  387     0-    0   0.000   0.000
    5 LSST-z                 8681  311     0-    0   0.000   0.000
    6 LSST-Y                 9757  345     0-    0   0.000   0.000
	 NFILTDEF[SURVEY,REST] = 6 0 

 READ_CALIB_DRIVER: Done 


 ****************************************************************** 
    PREPARE NON1ASED TEMPLATE SELECTION   
    MODELPATH = /home/mvalenzuela/SNDATA_ROOT/models/NON1ASED/NON1ASED.V19_CC+HostXT 
    Read all NON1A from '/home/mvalenzuela/SNDATA_ROOT/models/NON1ASED/NON1ASED.V19_CC+HostXT/NON1A.LIST' 
     Will generate 10333 NON1ASED (MXGEN=10333) with pycoco_ASASSN14jb.SED
     Will generate 10333 NON1ASED (MXGEN=20666) with pycoco_SN2008in.SED
     Will generate 10333 NON1ASED (MXGEN=30999) with pycoco_SN2009N.SED
     Will generate 10333 NON1ASED (MXGEN=41332) with pycoco_SN2005cs.SED
     Will generate 10333 NON1ASED (MXGEN=51665) with pycoco_SN2009bw.SED
     Will generate 10333 NON1ASED (MXGEN=61998) with pycoco_SN2009ib.SED
     Will generate 10333 NON1ASED (MXGEN=72331) with pycoco_SN2008bj.SED
     Will generate 10333 NON1ASED (MXGEN=82664) with pycoco_SN2012A.SED
     Will generate 10333 NON1ASED (MXGEN=92997) with pycoco_SN2004et.SED
     Will generate 10333 NON1ASED (MXGEN=103330) with pycoco_SN1999em.SED
     Will generate 10333 NON1ASED (MXGEN=113663) with pycoco_SN2013ab.SED
     Will generate 10333 NON1ASED (MXGEN=123996) with pycoco_SN2013am.SED
     Will generate 10333 NON1ASED (MXGEN=134329) with pycoco_SN2013fs.SED
     Will generate 10333 NON1ASED (MXGEN=144662) with pycoco_SN2016X.SED
     Will generate 10333 NON1ASED (MXGEN=154995) with pycoco_SN1987A.SED
     Will generate 10333 NON1ASED (MXGEN=165328) with pycoco_SN2016bkv.SED
     Will generate 10333 NON1ASED (MXGEN=175661) with pycoco_SN2012aw.SED
     Will generate 3478 NON1ASED (MXGEN=179139) with pycoco_SN2009kr.SED
     Will generate 3478 NON1ASED (MXGEN=182617) with pycoco_ASASSN15oz.SED
     Will generate 3478 NON1ASED (MXGEN=186095) with pycoco_SN2007od.SED
     Will generate 3478 NON1ASED (MXGEN=189573) with pycoco_SN2014G.SED
     Will generate 3478 NON1ASED (MXGEN=193051) with pycoco_SN2013ej.SED
     Will generate 3478 NON1ASED (MXGEN=196529) with pycoco_SN2009dd.SED
     Will generate 3471 NON1ASED (MXGEN=200000) with pycoco_SN2013by.SED

   filtdump_SEDMODEL: Read primary ref 'AB' with 991 lambda bins 

   Defined                                 Lambda           AB     AB 
   Filter                  <LAMBDA>        Range(step)      mag    ZP 
   ----------------------------------------------------------------------
   id=01 (      LSST-u)   ( 3710.0 + 0)   3200- 4100( 10)   0.000  12.652  
   id=02 (      LSST-g)   ( 4805.8 + 0)   3750- 5770( 10)   0.000  14.689  
   id=03 (      LSST-r)   ( 6221.5 + 0)   5230- 7150( 10)   0.000  14.560  
   id=04 (      LSST-i)   ( 7559.2 + 0)   6590- 8450( 10)   0.000  14.379  
   id=05 (      LSST-z)   ( 8680.6 + 0)   7890- 9470( 10)   0.000  13.993  
   id=06 (      LSST-Y)   ( 9757.0 + 0)   8970-10990( 10)   0.000  13.017  
   ----------------------------------------------------------------------
	 malloc_METADATA_SEDMODEL for NSED=1 and NPAR=0
  malloc_FLUXTABLE_SEDMODEL : allocate   2.58 Mb of memory for integral-flux tables. 
	 Table bins include 400 DAYs. 
	 Table bins include   6 FILTERs. 
	 Table bins include   1 SEDs. 
	 Table bins include 114 log10(Z): 0.00975 <= Z <= 1.80345 .
		 ZTABLE[  1] =  0.00975   (LOGZ=-2.0109)
		 ZTABLE[  2] =  0.01021   (LOGZ=-1.9908)
		 ZTABLE[  3] =  0.01070   (LOGZ=-1.9707)
		 ZTABLE[111] =  1.57007   (LOGZ=0.1959)
		 ZTABLE[112] =  1.64430   (LOGZ=0.2160)
		 ZTABLE[113] =  1.72204   (LOGZ=0.2360)
		 ZTABLE[114] =  1.80345   (LOGZ=0.2561)
		 Zero entire SEDMODEL flux table (645610 entries). 

	 Allow SED Flam < 0 

 ****************************************************************** 
   init_modelSmear: init intrinsic SN smearing with model=NONE  
	 Smear-mode: interpolate from central filter wavelengths.

 ****************************************************************** 
   README_DOCANA_DRIVER: Prepare README content (iflag=1)  

 ****************************************************************** 
   clr_VERSION  
	 LCMERGE Version V19_SNII_DDF_20251020 does not exist. 
	 SIM Version V19_SNII_DDF_20251020 does not exist. 
	 PHOTOMETRY Version V19_SNII_DDF_20251020 does not exist. 

 ****************************************************************** 
   Init SIMGEN_DUMP file   
	 open /home/mvalenzuela/SNDATA_ROOT/SIM/V19_SNII_DDF_20251020/V19_SNII_DDF_20251020.DUMP

 ****************************************************************** 
   WR_SNFITSIO_INIT  

 ****************************************************************** 
   set_TIMERS  
	 CPUTIME_INITIALIZE   = 1.000 second

 ****************************************************************** 
    Begin Generating Lightcurves.   
  Found Max dN/dz * wgt = 1.335939e+06 at z =    1.120 

 ****************************************************************** 
   Prepare 'NON1ASED' Simulation for pycoco_ASASSN14jb.SED (INDEX=701)  
  Read  NON1A-701  SED  from : 
    /home/mvalenzuela/SNDATA_ROOT/models/NON1ASED/NON1ASED.V19_CC+HostXT/pycoco_ASASSN14jb.SED 
    T0shiftPeak_SEDMODEL: shift DAY-array by 5.05 days so that maxFlux is at DAY=0
		 Zero entire SEDMODEL flux table (645610 entries). 
  Initialize SED flux-integrals for  LSST-u  and  ISED=1 
  Initialize SED flux-integrals for  LSST-g  and  ISED=1 
  Initialize SED flux-integrals for  LSST-r  and  ISED=1 
  Initialize SED flux-integrals for  LSST-i  and  ISED=1 
  Initialize SED flux-integrals for  LSST-z  and  ISED=1 
  Initialize SED flux-integrals for  LSST-Y  and  ISED=1 
    Trest(NON1A-701):  -4.05 to 194.67     LAMBDA:  1605 to 11000 A 
    WARNING(NON1A-701): Flux(Trestmin)/Flux(peak) = 0.249 -> beware of extrapolation

  SED-epoch  range:  -4.05 <= Trest <= 194.67 (<STEP>=1.84 day)
  SED-lambda range:  1605 <= LAM <= 11000 (<STEP>=   5 A) 
  FILTER-lambda range:   100 <= LAM <= 30000  
   Changes for pycoco_ASASSN14jb.SED : 
	 GENMAG_OFF_MODEL -> -0.40 
	 GENMAG_SMEAR ->  0.40, 0.40 
	 Finished generating        1 of 200000 (CID=1) 
	 Finished generating      500 of 200000 (CID=500) 
	 Finished generating     1000 of 200000 (CID=1000) 
	 Finished generating     1500 of 200000 (CID=1500) 
	 Finished generating     2000 of 200000 (CID=2000) 
	 Finished generating     2500 of 200000 (CID=2500) GenRate=21/sec
	 Finished generating     3000 of 200000 (CID=3000) 
	 Finished generating     3500 of 200000 (CID=3500) 
	 Finished generating     4000 of 200000 (CID=4000) 
	 Finished generating     4500 of 200000 (CID=4500) 
	 Finished generating     5000 of 200000 (CID=5000) GenRate=21/sec
	 Finished generating     5500 of 200000 (CID=5500) 
	 Finished generating     6000 of 200000 (CID=6000) 
	 Finished generating     6500 of 200000 (CID=6500) 
	 Finished generating     7000 of 200000 (CID=7000) 
	 Finished generating     7500 of 200000 (CID=7500) GenRate=21/sec
	 Finished generating     8000 of 200000 (CID=8000) 
	 Finished generating     8500 of 200000 (CID=8500) 
	 Finished generating     9000 of 200000 (CID=9000) 
	 Finished generating     9500 of 200000 (CID=9500) 
	 Finished generating    10000 of 200000 (CID=10000) GenRate=21/sec

 ****************************************************************** 
   Prepare 'NON1ASED' Simulation for pycoco_SN2008in.SED (INDEX=735)  
  Read  NON1A-735  SED  from : 
    /home/mvalenzuela/SNDATA_ROOT/models/NON1ASED/NON1ASED.V19_CC+HostXT/pycoco_SN2008in.SED 
    T0shiftPeak_SEDMODEL: shift DAY-array by 2.52 days so that maxFlux is at DAY=0
		 Zero entire SEDMODEL flux table (645610 entries). 
  Initialize SED flux-integrals for  LSST-u  and  ISED=1 
  Initialize SED flux-integrals for  LSST-g  and  ISED=1 
  Initialize SED flux-integrals for  LSST-r  and  ISED=1 
  Initialize SED flux-integrals for  LSST-i  and  ISED=1 
  Initialize SED flux-integrals for  LSST-z  and  ISED=1 
  Initialize SED flux-integrals for  LSST-Y  and  ISED=1 
    Trest(NON1A-735):  -4.16 to 194.85     LAMBDA:  1605 to 11000 A 
    WARNING(NON1A-735): Flux(Trestmin)/Flux(peak) = 0.668 -> beware of extrapolation

  SED-epoch  range:  -4.16 <= Trest <= 194.85 (<STEP>=1.88 day)
  SED-lambda range:  1605 <= LAM <= 11000 (<STEP>=   5 A) 
  FILTER-lambda range:   100 <= LAM <= 30000  
   Changes for pycoco_SN2008in.SED : 
	 GENMAG_OFF_MODEL -> -0.40 
	 GENMAG_SMEAR ->  0.40, 0.40 
	 Finished generating    10500 of 200000 (CID=10500) 
	 Finished generating    11000 of 200000 (CID=11000) 
	 Finished generating    11500 of 200000 (CID=11500) 
	 Finished generating    12000 of 200000 (CID=12000) 
	 Finished generating    12500 of 200000 (CID=12500) GenRate=20/sec
	 Finished generating    13000 of 200000 (CID=13000) 
	 Finished generating    13500 of 200000 (CID=13500) 
	 Finished generating    14000 of 200000 (CID=14000) 
	 Finished generating    14500 of 200000 (CID=14500) 
	 Finished generating    15000 of 200000 (CID=15000) GenRate=20/sec
	 Finished generating    15500 of 200000 (CID=15500) 
	 Finished generating    16000 of 200000 (CID=16000) 
	 Finished generating    16500 of 200000 (CID=16500) 
	 Finished generating    17000 of 200000 (CID=17000) 
	 Finished generating    17500 of 200000 (CID=17500) GenRate=20/sec
	 Finished generating    18000 of 200000 (CID=18000) 
	 Finished generating    18500 of 200000 (CID=18500) 
	 Finished generating    19000 of 200000 (CID=19000) 
	 Finished generating    19500 of 200000 (CID=19500) 
	 Finished generating    20000 of 200000 (CID=20000) GenRate=20/sec
	 Finished generating    20500 of 200000 (CID=20500) 

 ****************************************************************** 
   Prepare 'NON1ASED' Simulation for pycoco_SN2009N.SED (INDEX=744)  
  Read  NON1A-744  SED  from : 
    /home/mvalenzuela/SNDATA_ROOT/models/NON1ASED/NON1ASED.V19_CC+HostXT/pycoco_SN2009N.SED 
    T0shiftPeak_SEDMODEL: shift DAY-array by 7.57 days so that maxFlux is at DAY=0
		 Zero entire SEDMODEL flux table (645610 entries). 
  Initialize SED flux-integrals for  LSST-u  and  ISED=1 
  Initialize SED flux-integrals for  LSST-g  and  ISED=1 
  Initialize SED flux-integrals for  LSST-r  and  ISED=1 
  Initialize SED flux-integrals for  LSST-i  and  ISED=1 
  Initialize SED flux-integrals for  LSST-z  and  ISED=1 
  Initialize SED flux-integrals for  LSST-Y  and  ISED=1 
    Trest(NON1A-744):  -3.34 to 129.99     LAMBDA:  1605 to 11000 A 
    WARNING(NON1A-744): Flux(Trestmin)/Flux(peak) = 0.831 -> beware of extrapolation

  SED-epoch  range:  -3.34 <= Trest <= 129.99 (<STEP>=1.78 day)
  SED-lambda range:  1605 <= LAM <= 11000 (<STEP>=   5 A) 
  FILTER-lambda range:   100 <= LAM <= 30000  
   Changes for pycoco_SN2009N.SED : 
	 GENMAG_OFF_MODEL -> -0.40 
	 GENMAG_SMEAR ->  0.40, 0.40 
	 Finished generating    21000 of 200000 (CID=21000) 
	 Finished generating    21500 of 200000 (CID=21500) 
	 Finished generating    22000 of 200000 (CID=22000) 
	 Finished generating    22500 of 200000 (CID=22500) GenRate=21/sec
	 Finished generating    23000 of 200000 (CID=23000) 
	 Finished generating    23500 of 200000 (CID=23500) 
	 Finished generating    24000 of 200000 (CID=24000) 
	 Finished generating    24500 of 200000 (CID=24500) 
	 Finished generating    25000 of 200000 (CID=25000) GenRate=21/sec
	 Finished generating    25500 of 200000 (CID=25500) 
	 Finished generating    26000 of 200000 (CID=26000) 
	 Finished generating    26500 of 200000 (CID=26500) 
	 Finished generating    27000 of 200000 (CID=27000) 
	 Finished generating    27500 of 200000 (CID=27500) GenRate=21/sec
	 Finished generating    28000 of 200000 (CID=28000) 
	 Finished generating    28500 of 200000 (CID=28500) 
	 Finished generating    29000 of 200000 (CID=29000) 
	 Finished generating    29500 of 200000 (CID=29500) 
	 Finished generating    30000 of 200000 (CID=30000) GenRate=21/sec
	 Finished generating    30500 of 200000 (CID=30500) 

 ****************************************************************** 
   Prepare 'NON1ASED' Simulation for pycoco_SN2005cs.SED (INDEX=717)  
  Read  NON1A-717  SED  from : 
    /home/mvalenzuela/SNDATA_ROOT/models/NON1ASED/NON1ASED.V19_CC+HostXT/pycoco_SN2005cs.SED 
    T0shiftPeak_SEDMODEL: shift DAY-array by 4.16 days so that maxFlux is at DAY=0
		 Zero entire SEDMODEL flux table (645610 entries). 
  Initialize SED flux-integrals for  LSST-u  and  ISED=1 
  Initialize SED flux-integrals for  LSST-g  and  ISED=1 
  Initialize SED flux-integrals for  LSST-r  and  ISED=1 
  Initialize SED flux-integrals for  LSST-i  and  ISED=1 
  Initialize SED flux-integrals for  LSST-z  and  ISED=1 
  Initialize SED flux-integrals for  LSST-Y  and  ISED=1 
    Trest(NON1A-717):  -0.84 to 197.53     LAMBDA:  1605 to 11000 A 
    WARNING(NON1A-717): Flux(Trestmin)/Flux(peak) = 0.194 -> beware of extrapolation

  SED-epoch  range:  -0.84 <= Trest <= 197.53 (<STEP>=1.82 day)
  SED-lambda range:  1605 <= LAM <= 11000 (<STEP>=   5 A) 
  FILTER-lambda range:   100 <= LAM <= 30000  
   Changes for pycoco_SN2005cs.SED : 
	 GENMAG_OFF_MODEL -> -0.40 
	 GENMAG_SMEAR ->  0.40, 0.40 
	 Finished generating    31000 of 200000 (CID=31000) 
	 Finished generating    31500 of 200000 (CID=31500) 
	 Finished generating    32000 of 200000 (CID=32000) 
	 Finished generating    32500 of 200000 (CID=32500) GenRate=21/sec
	 Finished generating    33000 of 200000 (CID=33000) 
	 Finished generating    33500 of 200000 (CID=33500) 
	 Finished generating    34000 of 200000 (CID=34000) 
	 Finished generating    34500 of 200000 (CID=34500) 
	 Finished generating    35000 of 200000 (CID=35000) GenRate=22/sec
	 Finished generating    35500 of 200000 (CID=35500) 
	 Finished generating    36000 of 200000 (CID=36000) 
	 Finished generating    36500 of 200000 (CID=36500) 
	 Finished generating    37000 of 200000 (CID=37000) 
	 Finished generating    37500 of 200000 (CID=37500) GenRate=22/sec
	 Finished generating    38000 of 200000 (CID=38000) 
	 Finished generating    38500 of 200000 (CID=38500) 
	 Finished generating    39000 of 200000 (CID=39000) 
	 Finished generating    39500 of 200000 (CID=39500) 
	 Finished generating    40000 of 200000 (CID=40000) GenRate=22/sec
	 Finished generating    40500 of 200000 (CID=40500) 
	 Finished generating    41000 of 200000 (CID=41000) 

 ****************************************************************** 
   Prepare 'NON1ASED' Simulation for pycoco_SN2009bw.SED (INDEX=737)  
  Read  NON1A-737  SED  from : 
    /home/mvalenzuela/SNDATA_ROOT/models/NON1ASED/NON1ASED.V19_CC+HostXT/pycoco_SN2009bw.SED 
    T0shiftPeak_SEDMODEL: shift DAY-array by 1.02 days so that maxFlux is at DAY=0
		 Zero entire SEDMODEL flux table (645610 entries). 
  Initialize SED flux-integrals for  LSST-u  and  ISED=1 
  Initialize SED flux-integrals for  LSST-g  and  ISED=1 
  Initialize SED flux-integrals for  LSST-r  and  ISED=1 
  Initialize SED flux-integrals for  LSST-i  and  ISED=1 
  Initialize SED flux-integrals for  LSST-z  and  ISED=1 
  Initialize SED flux-integrals for  LSST-Y  and  ISED=1 
    Trest(NON1A-737):  -5.00 to 193.12     LAMBDA:  1605 to 11000 A 
    WARNING(NON1A-737): Flux(Trestmin)/Flux(peak) = 0.521 -> beware of extrapolation

  SED-epoch  range:  -5.00 <= Trest <= 193.12 (<STEP>=1.85 day)
  SED-lambda range:  1605 <= LAM <= 11000 (<STEP>=   5 A) 
  FILTER-lambda range:   100 <= LAM <= 30000  
   Changes for pycoco_SN2009bw.SED : 
	 GENMAG_OFF_MODEL -> -0.40 
	 GENMAG_SMEAR ->  0.40, 0.40 
	 Finished generating    41500 of 200000 (CID=41500) 
	 Finished generating    42000 of 200000 (CID=42000) 
	 Finished generating    42500 of 200000 (CID=42500) GenRate=21/sec
	 Finished generating    43000 of 200000 (CID=43000) 
	 Finished generating    43500 of 200000 (CID=43500) 
	 Finished generating    44000 of 200000 (CID=44000) 
	 Finished generating    44500 of 200000 (CID=44500) 
	 Finished generating    45000 of 200000 (CID=45000) GenRate=20/sec
	 Finished generating    45500 of 200000 (CID=45500) 
	 Finished generating    46000 of 200000 (CID=46000) 
	 Finished generating    46500 of 200000 (CID=46500) 
	 Finished generating    47000 of 200000 (CID=47000) GenRate=19/sec
	 Finished generating    47500 of 200000 (CID=47500) 
	 Finished generating    48000 of 200000 (CID=48000) 
	 Finished generating    48500 of 200000 (CID=48500) 
	 Finished generating    49000 of 200000 (CID=49000) 
	 Finished generating    49500 of 200000 (CID=49500) GenRate=20/sec
	 Finished generating    50000 of 200000 (CID=50000) 
	 Finished generating    50500 of 200000 (CID=50500) 
	 Finished generating    51000 of 200000 (CID=51000) 
	 Finished generating    51500 of 200000 (CID=51500) GenRate=19/sec

 ****************************************************************** 
   Prepare 'NON1ASED' Simulation for pycoco_SN2009ib.SED (INDEX=739)  
  Read  NON1A-739  SED  from : 
    /home/mvalenzuela/SNDATA_ROOT/models/NON1ASED/NON1ASED.V19_CC+HostXT/pycoco_SN2009ib.SED 
    T0shiftPeak_SEDMODEL: shift DAY-array by 12.26 days so that maxFlux is at DAY=0
		 Zero entire SEDMODEL flux table (645610 entries). 
  Initialize SED flux-integrals for  LSST-u  and  ISED=1 
  Initialize SED flux-integrals for  LSST-g  and  ISED=1 
  Initialize SED flux-integrals for  LSST-r  and  ISED=1 
  Initialize SED flux-integrals for  LSST-i  and  ISED=1 
  Initialize SED flux-integrals for  LSST-z  and  ISED=1 
  Initialize SED flux-integrals for  LSST-Y  and  ISED=1 
    Trest(NON1A-739):  -2.50 to 259.94     LAMBDA:  1605 to 11000 A 
    WARNING(NON1A-739): Flux(Trestmin)/Flux(peak) = 0.696 -> beware of extrapolation

  SED-epoch  range:  -2.50 <= Trest <= 259.94 (<STEP>=2.45 day)
  SED-lambda range:  1605 <= LAM <= 11000 (<STEP>=   5 A) 
  FILTER-lambda range:   100 <= LAM <= 30000  
   Changes for pycoco_SN2009ib.SED : 
	 GENMAG_OFF_MODEL -> -0.40 
	 GENMAG_SMEAR ->  0.40, 0.40 
	 Finished generating    52000 of 200000 (CID=52000) 
	 Finished generating    52500 of 200000 (CID=52500) 
	 Finished generating    53000 of 200000 (CID=53000) 
	 Finished generating    53500 of 200000 (CID=53500) 
	 Finished generating    54000 of 200000 (CID=54000) GenRate=21/sec
	 Finished generating    54500 of 200000 (CID=54500) 
	 Finished generating    55000 of 200000 (CID=55000) 
	 Finished generating    55500 of 200000 (CID=55500) 
	 Finished generating    56000 of 200000 (CID=56000) 
	 Finished generating    56500 of 200000 (CID=56500) GenRate=21/sec
	 Finished generating    57000 of 200000 (CID=57000) 
	 Finished generating    57500 of 200000 (CID=57500) 
	 Finished generating    58000 of 200000 (CID=58000) 
	 Finished generating    58500 of 200000 (CID=58500) 
	 Finished generating    59000 of 200000 (CID=59000) GenRate=21/sec
	 Finished generating    59500 of 200000 (CID=59500) 
	 Finished generating    60000 of 200000 (CID=60000) 
	 Finished generating    60500 of 200000 (CID=60500) 
	 Finished generating    61000 of 200000 (CID=61000) 
	 Finished generating    61500 of 200000 (CID=61500) GenRate=21/sec

 ****************************************************************** 
   Prepare 'NON1ASED' Simulation for pycoco_SN2008bj.SED (INDEX=731)  
  Read  NON1A-731  SED  from : 
    /home/mvalenzuela/SNDATA_ROOT/models/NON1ASED/NON1ASED.V19_CC+HostXT/pycoco_SN2008bj.SED 
    T0shiftPeak_SEDMODEL: shift DAY-array by 12.62 days so that maxFlux is at DAY=0
		 Zero entire SEDMODEL flux table (645610 entries). 
  Initialize SED flux-integrals for  LSST-u  and  ISED=1 
  Initialize SED flux-integrals for  LSST-g  and  ISED=1 
  Initialize SED flux-integrals for  LSST-r  and  ISED=1 
  Initialize SED flux-integrals for  LSST-i  and  ISED=1 
  Initialize SED flux-integrals for  LSST-z  and  ISED=1 
  Initialize SED flux-integrals for  LSST-Y  and  ISED=1 
    Trest(NON1A-731):  -3.33 to 194.87     LAMBDA:  1605 to 11000 A 
    WARNING(NON1A-731): Flux(Trestmin)/Flux(peak) = 0.561 -> beware of extrapolation

  SED-epoch  range:  -3.33 <= Trest <= 194.87 (<STEP>=1.85 day)
  SED-lambda range:  1605 <= LAM <= 11000 (<STEP>=   5 A) 
  FILTER-lambda range:   100 <= LAM <= 30000  
   Changes for pycoco_SN2008bj.SED : 
	 GENMAG_OFF_MODEL -> -0.40 
	 GENMAG_SMEAR ->  0.40, 0.40 
	 Finished generating    62000 of 200000 (CID=62000) 
	 Finished generating    62500 of 200000 (CID=62500) 
	 Finished generating    63000 of 200000 (CID=63000) 
	 Finished generating    63500 of 200000 (CID=63500) 
	 Finished generating    64000 of 200000 (CID=64000) GenRate=20/sec
	 Finished generating    64500 of 200000 (CID=64500) 
	 Finished generating    65000 of 200000 (CID=65000) 
	 Finished generating    65500 of 200000 (CID=65500) 
	 Finished generating    66000 of 200000 (CID=66000) 
	 Finished generating    66500 of 200000 (CID=66500) GenRate=20/sec
	 Finished generating    67000 of 200000 (CID=67000) 
	 Finished generating    67500 of 200000 (CID=67500) 
	 Finished generating    68000 of 200000 (CID=68000) 
	 Finished generating    68500 of 200000 (CID=68500) GenRate=19/sec
	 Finished generating    69000 of 200000 (CID=69000) 
	 Finished generating    69500 of 200000 (CID=69500) 
	 Finished generating    70000 of 200000 (CID=70000) 
	 Finished generating    70500 of 200000 (CID=70500) GenRate=19/sec
	 Finished generating    71000 of 200000 (CID=71000) 
	 Finished generating    71500 of 200000 (CID=71500) 
	 Finished generating    72000 of 200000 (CID=72000) 

 ****************************************************************** 
   Prepare 'NON1ASED' Simulation for pycoco_SN2012A.SED (INDEX=752)  
  Read  NON1A-752  SED  from : 
    /home/mvalenzuela/SNDATA_ROOT/models/NON1ASED/NON1ASED.V19_CC+HostXT/pycoco_SN2012A.SED 
    T0shiftPeak_SEDMODEL: shift DAY-array by 9.57 days so that maxFlux is at DAY=0
		 Zero entire SEDMODEL flux table (645610 entries). 
  Initialize SED flux-integrals for  LSST-u  and  ISED=1 
  Initialize SED flux-integrals for  LSST-g  and  ISED=1 
  Initialize SED flux-integrals for  LSST-r  and  ISED=1 
  Initialize SED flux-integrals for  LSST-i  and  ISED=1 
  Initialize SED flux-integrals for  LSST-z  and  ISED=1 
  Initialize SED flux-integrals for  LSST-Y  and  ISED=1 
    Trest(NON1A-752):  -3.43 to 196.18     LAMBDA:  1605 to 11000 A 
    WARNING(NON1A-752): Flux(Trestmin)/Flux(peak) = 0.716 -> beware of extrapolation

  SED-epoch  range:  -3.43 <= Trest <= 196.18 (<STEP>=1.68 day)
  SED-lambda range:  1605 <= LAM <= 11000 (<STEP>=   5 A) 
  FILTER-lambda range:   100 <= LAM <= 30000  
   Changes for pycoco_SN2012A.SED : 
	 GENMAG_OFF_MODEL -> -0.40 
	 GENMAG_SMEAR ->  0.40, 0.40 
	 Finished generating    72500 of 200000 (CID=72500) 
	 Finished generating    73000 of 200000 (CID=73000) GenRate=20/sec
	 Finished generating    73500 of 200000 (CID=73500) 
	 Finished generating    74000 of 200000 (CID=74000) 
	 Finished generating    74500 of 200000 (CID=74500) 
	 Finished generating    75000 of 200000 (CID=75000) 
	 Finished generating    75500 of 200000 (CID=75500) GenRate=21/sec
	 Finished generating    76000 of 200000 (CID=76000) 
	 Finished generating    76500 of 200000 (CID=76500) 
	 Finished generating    77000 of 200000 (CID=77000) 
	 Finished generating    77500 of 200000 (CID=77500) 
	 Finished generating    78000 of 200000 (CID=78000) GenRate=21/sec
	 Finished generating    78500 of 200000 (CID=78500) 
	 Finished generating    79000 of 200000 (CID=79000) 
	 Finished generating    79500 of 200000 (CID=79500) 
	 Finished generating    80000 of 200000 (CID=80000) 
	 Finished generating    80500 of 200000 (CID=80500) GenRate=21/sec
	 Finished generating    81000 of 200000 (CID=81000) 
	 Finished generating    81500 of 200000 (CID=81500) 
	 Finished generating    82000 of 200000 (CID=82000) 
	 Finished generating    82500 of 200000 (CID=82500) 

 ****************************************************************** 
   Prepare 'NON1ASED' Simulation for pycoco_SN2004et.SED (INDEX=711)  
  Read  NON1A-711  SED  from : 
    /home/mvalenzuela/SNDATA_ROOT/models/NON1ASED/NON1ASED.V19_CC+HostXT/pycoco_SN2004et.SED 
    T0shiftPeak_SEDMODEL: shift DAY-array by 12.25 days so that maxFlux is at DAY=0
		 Zero entire SEDMODEL flux table (645610 entries). 
  Initialize SED flux-integrals for  LSST-u  and  ISED=1 
  Initialize SED flux-integrals for  LSST-g  and  ISED=1 
  Initialize SED flux-integrals for  LSST-r  and  ISED=1 
  Initialize SED flux-integrals for  LSST-i  and  ISED=1 
  Initialize SED flux-integrals for  LSST-z  and  ISED=1 
  Initialize SED flux-integrals for  LSST-Y  and  ISED=1 
    Trest(NON1A-711):  -2.25 to 255.75     LAMBDA:  1605 to 11000 A 
    WARNING(NON1A-711): Flux(Trestmin)/Flux(peak) = 0.430 -> beware of extrapolation

  SED-epoch  range:  -2.25 <= Trest <= 255.75 (<STEP>=2.15 day)
  SED-lambda range:  1605 <= LAM <= 11000 (<STEP>=   5 A) 
  FILTER-lambda range:   100 <= LAM <= 30000  
   Changes for pycoco_SN2004et.SED : 
	 GENMAG_OFF_MODEL -> -0.40 
	 GENMAG_SMEAR ->  0.40, 0.40 
	 Finished generating    83000 of 200000 (CID=83000) GenRate=21/sec
	 Finished generating    83500 of 200000 (CID=83500) 
	 Finished generating    84000 of 200000 (CID=84000) 
	 Finished generating    84500 of 200000 (CID=84500) 
	 Finished generating    85000 of 200000 (CID=85000) GenRate=19/sec
	 Finished generating    85500 of 200000 (CID=85500) 
	 Finished generating    86000 of 200000 (CID=86000) 
	 Finished generating    86500 of 200000 (CID=86500) 
	 Finished generating    87000 of 200000 (CID=87000) 
	 Finished generating    87500 of 200000 (CID=87500) GenRate=20/sec
	 Finished generating    88000 of 200000 (CID=88000) 
	 Finished generating    88500 of 200000 (CID=88500) 
	 Finished generating    89000 of 200000 (CID=89000) 
	 Finished generating    89500 of 200000 (CID=89500) GenRate=19/sec
	 Finished generating    90000 of 200000 (CID=90000) 
	 Finished generating    90500 of 200000 (CID=90500) 
	 Finished generating    91000 of 200000 (CID=91000) 
	 Finished generating    91500 of 200000 (CID=91500) 
	 Finished generating    92000 of 200000 (CID=92000) GenRate=20/sec
	 Finished generating    92500 of 200000 (CID=92500) 

 ****************************************************************** 
   Prepare 'NON1ASED' Simulation for pycoco_SN1999em.SED (INDEX=708)  
  Read  NON1A-708  SED  from : 
    /home/mvalenzuela/SNDATA_ROOT/models/NON1ASED/NON1ASED.V19_CC+HostXT/pycoco_SN1999em.SED 
    T0shiftPeak_SEDMODEL: shift DAY-array by 5.77 days so that maxFlux is at DAY=0
		 Zero entire SEDMODEL flux table (645610 entries). 
  Initialize SED flux-integrals for  LSST-u  and  ISED=1 
  Initialize SED flux-integrals for  LSST-g  and  ISED=1 
  Initialize SED flux-integrals for  LSST-r  and  ISED=1 
  Initialize SED flux-integrals for  LSST-i  and  ISED=1 
  Initialize SED flux-integrals for  LSST-z  and  ISED=1 
  Initialize SED flux-integrals for  LSST-Y  and  ISED=1 
    Trest(NON1A-708):  -0.83 to 197.39     LAMBDA:  1605 to 11000 A 
    WARNING(NON1A-708): Flux(Trestmin)/Flux(peak) = 0.869 -> beware of extrapolation

  SED-epoch  range:  -0.83 <= Trest <= 197.39 (<STEP>=1.82 day)
  SED-lambda range:  1605 <= LAM <= 11000 (<STEP>=   5 A) 
  FILTER-lambda range:   100 <= LAM <= 30000  
   Changes for pycoco_SN1999em.SED : 
	 GENMAG_OFF_MODEL -> -0.40 
	 GENMAG_SMEAR ->  0.40, 0.40 
	 Finished generating    93000 of 200000 (CID=93000) 
	 Finished generating    93500 of 200000 (CID=93500) 
	 Finished generating    94000 of 200000 (CID=94000) GenRate=19/sec
	 Finished generating    94500 of 200000 (CID=94500) 
	 Finished generating    95000 of 200000 (CID=95000) 
	 Finished generating    95500 of 200000 (CID=95500) 
	 Finished generating    96000 of 200000 (CID=96000) 
	 Finished generating    96500 of 200000 (CID=96500) GenRate=20/sec
	 Finished generating    97000 of 200000 (CID=97000) 
	 Finished generating    97500 of 200000 (CID=97500) 
	 Finished generating    98000 of 200000 (CID=98000) 

   `|```````|`    
   <| o\ /o |>    
    | ' ; ' |     
    |  ___  |     ABORT program on Fatal Error. 
    | |' '| |     
    | `---' |     
    \_______/    

 FATAL ERROR ABORT called by snfitsio_errorCheck
   fits_write_col for PHOT-param: MJD
   Check cfitsio routines.

