
 Full command: snlc_sim.exe Mdwarf-flare_20251020.input 

 SNANA_VERSION: NOT_FROM_GITHUB



 ****************************************************************** 
   Begin execution of snlc_sim.exe    
 SNDATA_ROOT = /home/mvalenzuela/SNDATA_ROOT 
 SNANA_DIR   = /home/lmod/software/SNANA/11.05p 


   sizeof(INPUTS) =   5.043 MB 
   sizeof(GENLC)  =  10.667 MB 

  init_SNDATA_GLOBAL: 
 --------------------------------------------------------
  Initialize NstringMatch for sim-input file
  Read 79 words from user input file 1: 
	 Mdwarf-flare_20251020.input 
 --------------------------------------------------------
  Read 11 words from user input file 2: 
	 /home/mvalenzuela/run_SNANA/elastic/model_config/SIMGEN_INCLUDE_LCLIB_Mdwarf-flare-LSST.INPUT 

 ****************************************************************** 
   init_HzFUN_INFO  
	 H0         = 70.00      # km/s/Mpc 
	 OM, OL, Ok = 0.31500, 0.68500, 0.00000 
	 w0, wa     = -1.000,  0.000 

 ****************************************************************** 
    prep_user_inputs summary   
	 SIMLIB file        : /home/mvalenzuela/SIMLIBv5/DD_SIMLIBv5.SIMLIB   (start LIBID=0)
	 Generation Version : Mdwarf-flare_DDF_20251020 
	 Generation source  : RANDOM 
	 Generation model   : LCLIB 
	 Number of LC to Generate: 0 
	 OMEGA_(MATTER,LAMBDA)= 0.315, 0.685,    w0= -1.00   H0= 70.0 
	 KCOR  file : /home/mvalenzuela/run_SNANA/kcor_LSST.fits 
	 Observer Gen-FILTERS  :  ugrizY  
	 Random number seed: 94  (NSTREAM=2)
	 Gen-Range for RA(deg)  : -360.000 to  360.000 
	 Gen-Range for DEC(deg): -360.000 to  360.000 
	 Gen-Range for ZCMB :  0.000 to  0.000  (sigma= 0.0000, bias=0.00000) 
	 Gen-Range for PEAKMJD  :  60981.0 to  60981.0  
	 Gen-Range for Trest    :      0.0 to    851.0  days 
	 Gen-Range for SHAPEPAR  :      0.0 to      0.0  
	 Gen-Range for AV  : -9.00 to -9.00  (dN/dAv = exp(-AV/-9.00) 
	 Gen-Mean  for RV  : 3.10  
	 Gen-sigma for RV  : 0.00 , 0.00 (lower , upper ) 
	 Gen-Range for RV  : 1.00 to 5.00 
	 ZP offsets (ugrizY) :  0.000 0.000 0.000 0.000 0.000 0.000
	 MODEL mag offsets (ugrizY) :   0.00  0.00  0.00  0.00  0.00  0.00


 ****************************************************************** 
    init_RANDOMsource : CIDOFF=0   

 ****************************************************************** 
   SIMLIB_readGlobalHeader_TEXT  
	 Opened : /home/mvalenzuela/SIMLIBv5/DD_SIMLIBv5.SIMLIB 

 ****************************************************************** 
   SIMLIB_prepGlobalHeader  
	 SIMLIB Survey    : LSST 
	 SIMLIB Field : VOID 
	 SIMLIB Pixel Saturation: 100000 photoelectrons. 
	 SIMLIB Filters   : ugrizY 
	 SIMLIB created by: NONE 
	 SIMLIB Solid Angle  : 0.025000 steridians 
	 SIMLIB PSF unit:    PIXEL_SIGMA 
	 SIMLIB SKYSIG unit: ADU_PER_SQPIXEL 

  Bit-mask options for SIMLIB_MSKOPT = 128 
	 MASK=   128 -> keep entire SIMLIB season (not just transient range) 

	 SIMLIB MAXRANSTART after  818  LIBIDs  (1 seconds)

 ****************************************************************** 
   init_RateModel  
   SIMULATED RATE(BPOLY)
 dN/db = POLY(-3.28230212e-03,3.01446333e-02,-4.65144034e-03,3.16808686e-04,-1.20480381e-05,2.76898385e-07,-3.92467157e- Calculated Number of EVENTS per season = 40000  (NGENTOT_LC)
 Calculated Number of EVENTS per season = 40000  (NGENTOT_LC)

 ****************************************************************** 
   Initialize SEARCH EFFICIENCY for 'LSST' 
  
   Read Detection-efficiency curves: 
	 EFF_DETECT(u) = 0.463 at ABS(SNR) =  5.50 ()
	 EFF_DETECT(g) = 0.463 at ABS(SNR) =  5.50 ()
	 EFF_DETECT(r) = 0.425 at ABS(SNR) =  5.00 ()
	 EFF_DETECT(i) = 0.540 at ABS(SNR) =  5.50 ()
	 EFF_DETECT(z) = 0.469 at ABS(SNR) =  5.00 ()
	 EFF_DETECT(Y) = 0.469 at ABS(SNR) =  5.00 ()

   Fetch SOFTWARE SEARCH-LOGIC from : 
	 /home/mvalenzuela/run_SNANA/LSST_PIPELINE_LOGIC.DAT
	 Logic: 2 MJDs require filters=u+g+r+i+z+Y 
	 Trigger epoch contains all obs within 0.007 days


  Optional SEARCHEFF_SPEC_FILE not specified -> EFF_SPEC=1 

  Optional SEARCHEFF_zHOST_FILE not specified -> Eff=1.0 

  Optional SEARCHEFF_zHOST_FILE not specified -> Eff=1.0 

 ****************************************************************** 
   READ_CALIB_DRIVER: read calib/filters/kcor  
	 FILTERS_SURVEY = ugrizY 
  Opened /home/mvalenzuela/run_SNANA/kcor_LSST.fits
   read_calib_head 
		 Read VERSION         = 4  (kcor.exe version) 
		 Read NPRIM           = 1  primary refs 
		 Read PRIM001         = AB 
		 Read NFILTERS        = 6  filters 
		 Read NKCOR           = 0  K-COR tables 
		 Read  991 wavelength bins (2100.00 to 12000.00)
		 Read  106 epoch      bins (-20.00 to 85.00)
		 Read    1 redshift   bins (0.00 to 0.00)
		 Read    1 AV         bins (0.00 to 0.00)
   read_calib_zpoff  
   read_calib_snsed 
   read_kcor_tables 
   read_kcor_mags 
   read_calib_filters 
   read_calib_primarysed 

   print_calib_summary 
	  Primary Spectrum: AB 

  FILTER SUMMARY (RDKCOR) : 
   internal                   LAM  LAM   rest-lam      primary
  index name                  AVG  RMS   kcor range    mag   ZP
 ---------------------------------------------------------------------- 
    1 LSST-u                 3710  163     0-    0   0.000   0.000
    2 LSST-g                 4806  431     0-    0   0.000   0.000
    3 LSST-r                 6221  414     0-    0   0.000   0.000
    4 LSST-i                 7559  387     0-    0   0.000   0.000
    5 LSST-z                 8681  311     0-    0   0.000   0.000
    6 LSST-Y                 9757  345     0-    0   0.000   0.000
	 NFILTDEF[SURVEY,REST] = 6 0 

 READ_CALIB_DRIVER: Done 


 ****************************************************************** 
   init_genmag_LCLIB  
	 Template epoch  0 : 1.000 days 
	 Template epoch  1 : 2.000 days 
	 Template epoch  2 : 3.000 days 
	 Template epoch  3 : 4.000 days 
	 Template epoch range: 3.00 days 

	 Opened : /home/mvalenzuela/run_SNANA/elastic/model_libs_updates/LCLIB_Mdwarf-flare-LSST.TEXT 
	 MODEL: m-Dwarf-Flare  (NON-RECUR) 
	   ModelParam-00(MWEBV_LCLIB)    
	   ModelParam-01(KIC_ID)    
	   ModelParam-02(start_time)    
	   ModelParam-03(end_time)    
	   ModelParam-04(flare_temp_low)    
	   ModelParam-05(flare_temp_high)    
	   ModelParam-06(star_temp)    
	   ModelParam-07(distance)    
	   ModelParam-08(EVENT_ID)    


 ****************************************************************** 
   init_modelSmear: init intrinsic SN smearing with model=NONE  
	 Smear-mode: interpolate from central filter wavelengths.

 ****************************************************************** 
   README_DOCANA_DRIVER: Prepare README content (iflag=1)  

 ****************************************************************** 
   clr_VERSION  
	 LCMERGE Version Mdwarf-flare_DDF_20251020 does not exist. 
	 SIM Version Mdwarf-flare_DDF_20251020 exists. 
	 PHOTOMETRY Version Mdwarf-flare_DDF_20251020 does not exist. 
	 Removing version Mdwarf-flare_DDF_20251020 files ... 
 execute command: rm -rf  /home/mvalenzuela/SNDATA_ROOT/SIM/Mdwarf-flare_DDF_20251020/  
 Done. 

 ****************************************************************** 
   Init SIMGEN_DUMP file   
	 open /home/mvalenzuela/SNDATA_ROOT/SIM/Mdwarf-flare_DDF_20251020/Mdwarf-flare_DDF_20251020.DUMP

 ****************************************************************** 
   WR_SNFITSIO_INIT  

 ****************************************************************** 
   set_TIMERS  
	 CPUTIME_INITIALIZE   = 1.000 second

 ****************************************************************** 
    Begin Generating Lightcurves.   
	 Finished generating        1 of 40000 (CID=1) 
	 Finished generating      500 of 40000 (CID=499) GenRate=3/sec
	 Finished generating     1000 of 40000 (CID=1000) GenRate=3/sec
	 Finished generating     1500 of 40000 (CID=1494) GenRate=3/sec
	 Finished generating     2000 of 40000 (CID=2000) GenRate=4/sec
	 Finished generating     2500 of 40000 (CID=2498) GenRate=4/sec
	 Finished generating     3000 of 40000 (CID=3000) GenRate=3/sec
	 Finished generating     3500 of 40000 (CID=3497) GenRate=4/sec
	 Finished generating     4000 of 40000 (CID=4000) GenRate=4/sec
	 Finished generating     4500 of 40000 (CID=4500) GenRate=4/sec
	 Finished generating     5000 of 40000 (CID=4999) GenRate=3/sec
	 Finished generating     5500 of 40000 (CID=5499) GenRate=4/sec
	 Finished generating     6000 of 40000 (CID=6000) GenRate=4/sec
	 Finished generating     6500 of 40000 (CID=6498) GenRate=4/sec
	 Finished generating     7000 of 40000 (CID=7000) GenRate=4/sec
	 Finished generating     7500 of 40000 (CID=7495) GenRate=3/sec
	 Finished generating     8000 of 40000 (CID=8000) GenRate=4/sec
	 Finished generating     8500 of 40000 (CID=8500) GenRate=3/sec
	 Finished generating     9000 of 40000 (CID=8999) GenRate=4/sec
	 Finished generating     9500 of 40000 (CID=9500) GenRate=4/sec
	 Finished generating    10000 of 40000 (CID=10000) GenRate=3/sec
	 Finished generating    10500 of 40000 (CID=10500) GenRate=3/sec
	 Finished generating    11000 of 40000 (CID=11000) GenRate=4/sec
	 Finished generating    11500 of 40000 (CID=11500) GenRate=4/sec
	 Finished generating    12000 of 40000 (CID=12000) GenRate=4/sec
	 Finished generating    12500 of 40000 (CID=12499) GenRate=4/sec
	 Finished generating    13000 of 40000 (CID=13000) GenRate=4/sec
	 Finished generating    13500 of 40000 (CID=13499) GenRate=4/sec
	 Finished generating    14000 of 40000 (CID=14000) GenRate=3/sec
	 Finished generating    14500 of 40000 (CID=14499) GenRate=4/sec
	 Finished generating    15000 of 40000 (CID=14998) GenRate=4/sec
	 Finished generating    15500 of 40000 (CID=15500) GenRate=3/sec
	 Finished generating    16000 of 40000 (CID=16000) GenRate=3/sec
	 Finished generating    16500 of 40000 (CID=16499) GenRate=4/sec
	 Finished generating    17000 of 40000 (CID=17000) GenRate=3/sec
	 Finished generating    17500 of 40000 (CID=17499) GenRate=4/sec
	 Finished generating    18000 of 40000 (CID=18000) GenRate=4/sec
	 Finished generating    18500 of 40000 (CID=18500) GenRate=4/sec
	 Finished generating    19000 of 40000 (CID=18998) GenRate=3/sec
	 Finished generating    19500 of 40000 (CID=19494) GenRate=4/sec
	 Finished generating    20000 of 40000 (CID=19997) GenRate=4/sec
	 Finished generating    20500 of 40000 (CID=20500) GenRate=4/sec
	 Finished generating    21000 of 40000 (CID=20999) GenRate=4/sec
	 Finished generating    21500 of 40000 (CID=21498) GenRate=3/sec
	 Finished generating    22000 of 40000 (CID=22000) GenRate=4/sec
	 Finished generating    22500 of 40000 (CID=22500) GenRate=4/sec
	 Finished generating    23000 of 40000 (CID=23000) GenRate=4/sec
	 Finished generating    23500 of 40000 (CID=23500) GenRate=3/sec
	 Finished generating    24000 of 40000 (CID=24000) GenRate=4/sec
	 Finished generating    24500 of 40000 (CID=24499) GenRate=4/sec
	 Finished generating    25000 of 40000 (CID=24998) GenRate=3/sec
	 Finished generating    25500 of 40000 (CID=25500) GenRate=4/sec
	 Finished generating    26000 of 40000 (CID=25999) GenRate=4/sec
	 Finished generating    26500 of 40000 (CID=26498) GenRate=3/sec
	 Finished generating    27000 of 40000 (CID=27000) GenRate=4/sec
	 Finished generating    27500 of 40000 (CID=27497) GenRate=4/sec
	 Finished generating    28000 of 40000 (CID=27998) GenRate=3/sec
	 Finished generating    28500 of 40000 (CID=28500) GenRate=3/sec
	 Finished generating    29000 of 40000 (CID=28997) GenRate=3/sec
	 Finished generating    29500 of 40000 (CID=29498) GenRate=4/sec
	 Finished generating    30000 of 40000 (CID=29999) GenRate=4/sec
	 Finished generating    30500 of 40000 (CID=30499) GenRate=4/sec
	 Finished generating    31000 of 40000 (CID=30999) GenRate=4/sec
	 Finished generating    31500 of 40000 (CID=31500) GenRate=4/sec
	 Finished generating    32000 of 40000 (CID=32000) GenRate=3/sec
	 Finished generating    32500 of 40000 (CID=32500) GenRate=4/sec
	 Finished generating    33000 of 40000 (CID=32999) GenRate=4/sec
	 Finished generating    33500 of 40000 (CID=33499) GenRate=4/sec
	 Finished generating    34000 of 40000 (CID=34000) GenRate=4/sec
	 Finished generating    34500 of 40000 (CID=34500) GenRate=4/sec
	 Finished generating    35000 of 40000 (CID=34998) GenRate=4/sec
	 Finished generating    35500 of 40000 (CID=35500) GenRate=4/sec
	 Finished generating    36000 of 40000 (CID=35997) GenRate=4/sec
	 Finished generating    36500 of 40000 (CID=36500) GenRate=4/sec
	 Finished generating    37000 of 40000 (CID=37000) GenRate=4/sec
	 Finished generating    37500 of 40000 (CID=37500) GenRate=3/sec
	 Finished generating    38000 of 40000 (CID=38000) GenRate=4/sec
	 Finished generating    38500 of 40000 (CID=38500) GenRate=4/sec
	 Finished generating    39000 of 40000 (CID=39000) GenRate=4/sec
	 Finished generating    39500 of 40000 (CID=39500) GenRate=4/sec
	 Finished generating    40000 of 40000 (CID=40000) GenRate=4/sec

 ****************************************************************** 
    Done generating 40000 SN lightcurves from RANDOM source.  
	 (40000 lightcurves requested => 49 were written) 
	 CPUTIME_PROCESS_ALL  = 164.733 minute
	 CPUTIME_PROCESS_RATE(GEN) = 4.047 evt/second
	 CPUTIME_PROCESS_RATE(ACC) = 0.005 evt/second

 ****************************************************************** 
   README_DOCANA_DRIVER: Prepare README content (iflag=2)  

 ****************************************************************** 
   DUMP README CONTENTS TO SCREEN
  
DOCUMENTATION:
  OVERVIEW:
    TIME_START:   2025-12-20  22:28  # UT
    SURVEY:       LSST
    GENMODEL:     LCLIB
    SNIA:         False
    HOST_MACHINE: sn003
    USERNAME:     mvalenzuela
    SNDATA_ROOT:  /home/mvalenzuela/SNDATA_ROOT
    SNANA_DIR:     /home/lmod/software/SNANA/11.05p
    SNANA_VERSION: 
    CWD:   /home/mvalenzuela/DATASIM_LSST_1/DDF/input_files_v6/Mdwarf-flare
    INPUT_FILE:
    - Mdwarf-flare_20251020.input
    - /home/mvalenzuela/run_SNANA/elastic/model_config/SIMGEN_INCLUDE_LCLIB_Mdwarf-flare-LSST.INPUT
# 
  INPUT_KEYS:
# Output data
    GENVERSION:              Mdwarf-flare_DDF_20251020
    NGENTOT_LC:              40000  
    FORMAT_MASK:             32  #  += 2,32,16 -> TEXT, FITS, randomCID
    GENTYPE:                 0  # true type
    SNTYPE:                  1  101  # spec Type, photID type
    CIDRAN_MIN:              0  
    CIDRAN_MAX:              3000000  
# Source model
    GENMODEL:                LCLIB /home/mvalenzuela/run_SNANA/elastic/model_libs_updates/LCLIB_Mdwarf-flare-LSST.TEXT 1+2+3+4 
# Cosmology inputs
    OMEGA_MATTER:            0.3150  
    OMEGA_LAMBDA:            0.6850  
    w0_LAMBDA:               -1.0000  
    wa_LAMBDA:               0  
    MUSHIFT:                 0  
# Instrumental inputs
    GENFILTERS:          ugrizY 
    KCOR_FILE:           /home/mvalenzuela/run_SNANA/kcor_LSST.fits 
    SIMLIB_FILE:             /home/mvalenzuela/SIMLIBv5/DD_SIMLIBv5.SIMLIB 
    SIMLIB_MAXRANSTART:      1000 
    SIMLIB_MSKOPT:           128 
    SMEARFLAG_FLUX:      1  # 1->add Poisson noise
    SMEARFLAG_ZEROPT:    1  # +=1->apply scatter, +=2->add to FLUXERRCAL
# SEARCHEFF/detections
    SEARCHEFF_PIPELINE_LOGIC_FILE:  /home/mvalenzuela/run_SNANA/LSST_PIPELINE_LOGIC.DAT
    NEWMJD_DIF:              7.0000e-03  # day-sep if > 1 detections required
    SEARCHEFF_PIPELINE_EFF_FILE:  /home/mvalenzuela/run_SNANA/LSST_SEARCHEFF_PIPELINE.DAT
    SEARCHEFF_SPEC_FILE:     NONE
    SEARCHEFF_zHOST_FILE:    ZERO
    APPLY_SEARCHEFF_OPT:     1  # += 1,2,4 => pipe,spec,zhost
# Redshift inputs
    GENRANGE_REDSHIFT:       0  0  
    GENSIGMA_REDSHIFT:       0  
    GENSIGMA_VPEC:           0  # true vpec scatter (km/sec)
    VPEC_ERR:                0  # vpec error after correction (km/sec)
    VEL_CMBAPEX:             0  # km/sec
# Epoch & sky coverage inputs
    GENRANGE_MJD:            60981.0000  61832.0000  
    GENRANGE_PEAKMJD:        60981.0000  60981.0000  
    GENSIGMA_PEAKMJD:        1.0000  
    GENRANGE_TREST:          0  851.0000  
    SOLID_ANGLE:             0.0250  
# Galactic extinction
    OPT_MWEBV:        0   
    OPT_MWCOLORLAW:   0   
# Population and rate-model params
    DNDB:                    BPOLY -3.28230212e-03,3.01446333e-02,-4.65144034e-03,3.16808686e-04,-1.20480381e-05,2.76898385e-07,-3.92467157e-09,3.34750950e-11,-1.57113870e-13,3.10724077e-16 
# Misc inputs
    GENSOURCE:               RANDOM
    RANSEED:                 94  
    DEBUG_FLAG:              0  
    SIMGEN_DUMPALL:          35 CID LIBID SIM_SEARCHEFF_MASK GENTYPE NON1A_INDEX ZCMB ZHELIO ZCMB_SMEAR RA DEC MWEBV GALID GALZPHOT GALZPHOTERR GALSNSEP GALSNDDLR RV AV MU LENSDMU PEAKMJD MJD_DETECT_FIRST MJD_DETECT_LAST DTSEASON_PEAK PEAKMAG_u PEAKMAG_g PEAKMAG_r PEAKMAG_i PEAKMAG_z PEAKMAG_Y SNRMAX SNRMAX2 SNRMAX3 NOBS NOBS_SATURATE 
# 
  FILTERS:   # mean wavelength (A)
    u:  3710.0
    g:  4805.8
    r:  6221.5
    i:  7559.2
    z:  8680.6
    Y:  9757.0
# 
  INPUT_NOTES:
  - Poisson noise is ON 
  - Reported flux-uncertainty includes SKY+GALAXY+SOURCE
  - SB-dependent flux scatter is OFF
  -    SIMULATED RATE(BPOLY)
  -  dN/db = POLY(-3.28230212e-03,3.01446333e-02,-4.65144034e-03,3.16808686e-04,-1.20480381e-05,2.76898385e-07,-3.92467157e- Calculated Number of EVENTS per season = 40000  (NGENTOT_LC)
  -  Calculated Number of EVENTS per season = 40000  (NGENTOT_LC)
  - H0 =  70.00 km/s/Mpc 
  - Omega_{M,L} =  0.315, 0.685     w0,wa = -1.00,0.000
  - APPLY_SEARCHEFF_OPT=1 --> Require EFF(PIPELINE) 
  - PIPELINE requires 2 detections among u+g+r+i+z+Y (MJD dif > 0.0070 days) 
#
  GENTYPE_TO_NAME:  # GENTYPE:  [non]Ia   type  
    0:  nonIa    m-Dwarf-Flare
# 
  OUTPUT_SUMMARY:
    RANDOM_SYNC: 
    - List=1  FIRST=0.281315  LAST=0.708652   AVG(wrap) = 25.4 +_ 43.8 
    - List=2  FIRST=0.635114  LAST=0.670697   AVG(wrap) = 0.1 +_ 0.1 
    - List=3  FIRST=0.315815  LAST=0.465579   AVG(wrap) = 0.0 +_ 0.0 
# 
    CPU_MINUTES:       164.73  
    NGENLC_TOT:        40000    # (4/sec)
    NGENLC_WRITE:      49    # (0/sec)
    NGENSPEC_WRITE:    0  
    EFF(SEARCH+CUTS):  0.0012 +-  0.0002
    NGEN_PER_SEASON:   40000       # NSN(GEN) in GENRANGE(z,MJD,dOmega)
    NACC_PER_SEASON:   49 +_ 7  # NSN(ACCEPT) after trigger+cuts
    NREJECT:  [19748,0,0,  20203,0]   # [NEP<1,GENRANGE,PEAKMAG,  SEARCHEFF,CUTWIN] 
DOCUMENTATION_END:

  AUXILIARY FILES: 
  /home/mvalenzuela/SNDATA_ROOT/SIM/Mdwarf-flare_DDF_20251020/Mdwarf-flare_DDF_20251020.LIST 
  /home/mvalenzuela/SNDATA_ROOT/SIM/Mdwarf-flare_DDF_20251020/Mdwarf-flare_DDF_20251020.README 
  /home/mvalenzuela/SNDATA_ROOT/SIM/Mdwarf-flare_DDF_20251020/Mdwarf-flare_DDF_20251020.DUMP
 WR_SNFITSIO_END: wrote 49 events and 0 spectra to FITS format

 DONE with snlc_sim.
