
 Full command: snlc_sim.exe uLens-Binary_20251020.input 

 SNANA_VERSION: NOT_FROM_GITHUB



 ****************************************************************** 
   Begin execution of snlc_sim.exe    
 SNDATA_ROOT = /home/mvalenzuela/SNDATA_ROOT 
 SNANA_DIR   = /home/lmod/software/SNANA/11.05p 


   sizeof(INPUTS) =   5.043 MB 
   sizeof(GENLC)  =  10.667 MB 

  init_SNDATA_GLOBAL: 
 --------------------------------------------------------
  Initialize NstringMatch for sim-input file
  Read 83 words from user input file 1: 
	 uLens-Binary_20251020.input 
 --------------------------------------------------------
  Read 12 words from user input file 2: 
	 /home/mvalenzuela/run_SNANA/model_config/SIMGEN_INCLUDE_LCLIB_uLens-Binary.INPUT 

 ****************************************************************** 
   init_HzFUN_INFO  
	 H0         = 70.00      # km/s/Mpc 
	 OM, OL, Ok = 0.31500, 0.68500, 0.00000 
	 w0, wa     = -1.000,  0.000 

 ****************************************************************** 
    prep_user_inputs summary   
	 SIMLIB file        : /home/mvalenzuela/SIMLIBv5/WFD_SIMLIBv5.SIMLIB   (start LIBID=0)
	 Generation Version : uLens-Binary_WFD_20251020 
	 Generation source  : RANDOM 
	 Generation model   : LCLIB 
	 Number of LC to Generate: 0 
	 OMEGA_(MATTER,LAMBDA)= 0.315, 0.685,    w0= -1.00   H0= 70.0 
	 KCOR  file : /home/mvalenzuela/run_SNANA/kcor_LSST.fits 
	 Observer Gen-FILTERS  :  ugrizY  
	 Random number seed: 87  (NSTREAM=2)
	 Gen-Range for RA(deg)  : -360.000 to  360.000 
	 Gen-Range for DEC(deg): -360.000 to  360.000 
	 Gen-Range for ZCMB :  0.000 to  0.000  (sigma= 0.0000, bias=0.00000) 
	 Gen-Range for PEAKMJD  :  60980.0 to  60980.0  
	 Gen-Range for Trest    :      0.0 to   1095.0  days 
	 Gen-Range for SHAPEPAR  :      0.0 to      0.0  
	 Gen-Range for AV  : -9.00 to -9.00  (dN/dAv = exp(-AV/-9.00) 
	 Gen-Mean  for RV  : 3.10  
	 Gen-sigma for RV  : 0.00 , 0.00 (lower , upper ) 
	 Gen-Range for RV  : 1.00 to 5.00 
	 ZP offsets (ugrizY) :  0.000 0.000 0.000 0.000 0.000 0.000
	 MODEL mag offsets (ugrizY) :   0.00  0.00  0.00  0.00  0.00  0.00


 ****************************************************************** 
    init_RANDOMsource : CIDOFF=0   

 ****************************************************************** 
   SIMLIB_readGlobalHeader_TEXT  
	 Opened : /home/mvalenzuela/SIMLIBv5/WFD_SIMLIBv5.SIMLIB 

 ****************************************************************** 
   SIMLIB_prepGlobalHeader  
	 SIMLIB Survey    : LSST 
	 SIMLIB Field : VOID 
	 SIMLIB Pixel Saturation: 100000 photoelectrons. 
	 SIMLIB Filters   : ugrizY 
	 SIMLIB created by: NONE 
	 SIMLIB Solid Angle  : 6.494000 steridians 
	 SIMLIB PSF unit:    PIXEL_SIGMA 
	 SIMLIB SKYSIG unit: ADU_PER_SQPIXEL 

  Bit-mask options for SIMLIB_MSKOPT = 128 
	 MASK=   128 -> keep entire SIMLIB season (not just transient range) 

	 SIMLIB MAXRANSTART after  7149  LIBIDs  (1 seconds)

 ****************************************************************** 
   init_RateModel  
   SIMULATED RATE(BPOLY)
 dN/db = POLY(20383,-1757.7,65.293,-1.1885,0.10405E-01,-0.35119E-04)
 Calculated Number of EVENTS per season = 200000  (NGENTOT_LC)

 ****************************************************************** 
   Initialize SEARCH EFFICIENCY for 'LSST' 
  
   Read Detection-efficiency curves: 
	 EFF_DETECT(u) = 0.463 at ABS(SNR) =  5.50 ()
	 EFF_DETECT(g) = 0.463 at ABS(SNR) =  5.50 ()
	 EFF_DETECT(r) = 0.425 at ABS(SNR) =  5.00 ()
	 EFF_DETECT(i) = 0.540 at ABS(SNR) =  5.50 ()
	 EFF_DETECT(z) = 0.469 at ABS(SNR) =  5.00 ()
	 EFF_DETECT(Y) = 0.469 at ABS(SNR) =  5.00 ()

   Fetch SOFTWARE SEARCH-LOGIC from : 
	 /home/mvalenzuela/run_SNANA/LSST_PIPELINE_LOGIC.DAT
	 Logic: 2 MJDs require filters=u+g+r+i+z+Y 
	 Trigger epoch contains all obs within 0.007 days


  Optional SEARCHEFF_SPEC_FILE not specified -> EFF_SPEC=1 

  Optional SEARCHEFF_zHOST_FILE not specified -> Eff=1.0 

  Optional SEARCHEFF_zHOST_FILE not specified -> Eff=1.0 

 ****************************************************************** 
   READ_CALIB_DRIVER: read calib/filters/kcor  
	 FILTERS_SURVEY = ugrizY 
  Opened /home/mvalenzuela/run_SNANA/kcor_LSST.fits
   read_calib_head 
		 Read VERSION         = 4  (kcor.exe version) 
		 Read NPRIM           = 1  primary refs 
		 Read PRIM001         = AB 
		 Read NFILTERS        = 6  filters 
		 Read NKCOR           = 0  K-COR tables 
		 Read  991 wavelength bins (2100.00 to 12000.00)
		 Read  106 epoch      bins (-20.00 to 85.00)
		 Read    1 redshift   bins (0.00 to 0.00)
		 Read    1 AV         bins (0.00 to 0.00)
   read_calib_zpoff  
   read_calib_snsed 
   read_kcor_tables 
   read_kcor_mags 
   read_calib_filters 
   read_calib_primarysed 

   print_calib_summary 
	  Primary Spectrum: AB 

  FILTER SUMMARY (RDKCOR) : 
   internal                   LAM  LAM   rest-lam      primary
  index name                  AVG  RMS   kcor range    mag   ZP
 ---------------------------------------------------------------------- 
    1 LSST-u                 3710  163     0-    0   0.000   0.000
    2 LSST-g                 4806  431     0-    0   0.000   0.000
    3 LSST-r                 6221  414     0-    0   0.000   0.000
    4 LSST-i                 7559  387     0-    0   0.000   0.000
    5 LSST-z                 8681  311     0-    0   0.000   0.000
    6 LSST-Y                 9757  345     0-    0   0.000   0.000
	 NFILTDEF[SURVEY,REST] = 6 0 

 READ_CALIB_DRIVER: Done 


 ****************************************************************** 
   init_genmag_LCLIB  
	 Template epoch  0 : 1.000 days 
	 Template epoch  1 : 2.000 days 
	 Template epoch  2 : 3.000 days 
	 Template epoch  3 : 4.000 days 
	 Template epoch range: 3.00 days 

	 Opened : /home/mvalenzuela/run_SNANA/plasticc_models/LCLIB_uLens-Binary.TEXT 

	 ***** DOCANA WARNING ******* 
  Missing required 'DOCUMENTATION:'  key in 
    /home/mvalenzuela/run_SNANA/plasticc_models/LCLIB_uLens-Binary.TEXT 
  See DOCANA examples with linux command: 
    grep -R DOCUMENTATION_END $SNDATA_ROOT 
  File must begin with 'DOCUMENTATION:' key

	 MODEL: uLens_CFA-Binary  (NON-RECUR) 
	   ModelParam-00(tau)    
	   ModelParam-01(v)    
	   ModelParam-02(re_in)    
	   ModelParam-03(d_s)    
	   ModelParam-04(d_l)    
	   ModelParam-05(teta_e)    
	   ModelParam-06(mass)    
	   ModelParam-07(porb)    
	   ModelParam-08(alpha)    
	   ModelParam-09(beta)    
	   ModelParam-10(ratio)    
	   ModelParam-11(m1)    
	   ModelParam-12(m2)    
	   ModelParam-13(clock)    
	   ModelParam-14(i_p)    
	   ModelParam-15(omega)    
	   ModelParam-16(EVENT_ID)    


 ****************************************************************** 
   init_modelSmear: init intrinsic SN smearing with model=NONE  
	 Smear-mode: interpolate from central filter wavelengths.

 ****************************************************************** 
   README_DOCANA_DRIVER: Prepare README content (iflag=1)  

 ****************************************************************** 
   clr_VERSION  
	 LCMERGE Version uLens-Binary_WFD_20251020 does not exist. 
	 SIM Version uLens-Binary_WFD_20251020 does not exist. 
	 PHOTOMETRY Version uLens-Binary_WFD_20251020 does not exist. 

 ****************************************************************** 
   Init SIMGEN_DUMP file   
	 open /home/mvalenzuela/SNDATA_ROOT/SIM/uLens-Binary_WFD_20251020/uLens-Binary_WFD_20251020.DUMP

 ****************************************************************** 
   WR_SNFITSIO_INIT  

 ****************************************************************** 
   set_TIMERS  
	 CPUTIME_INITIALIZE   = 1.000 second

 ****************************************************************** 
    Begin Generating Lightcurves.   
	 Finished generating        1 of 200000 (CID=1) 
	 Finished generating      500 of 200000 (CID=500) 
	 Finished generating     1000 of 200000 (CID=1000) 
	 Finished generating     1500 of 200000 (CID=1500) 
	 Finished generating     2000 of 200000 (CID=2000) 
	 Finished generating     2500 of 200000 (CID=2500) 
	 Finished generating     3000 of 200000 (CID=3000) 
	 Finished generating     3500 of 200000 (CID=3500) 
	 Finished generating     4000 of 200000 (CID=4000) 
	 Finished generating     4500 of 200000 (CID=4500) 
	 Finished generating     5000 of 200000 (CID=5000) 
	 Finished generating     5500 of 200000 (CID=5500) 
	 Finished generating     6000 of 200000 (CID=6000) 
	 Finished generating     6500 of 200000 (CID=6500) 
	 Finished generating     7000 of 200000 (CID=7000) GenRate=69/sec
	 Finished generating     7500 of 200000 (CID=7500) 
	 Finished generating     8000 of 200000 (CID=8000) 
	 Finished generating     8500 of 200000 (CID=8500) 
	 Finished generating     9000 of 200000 (CID=9000) 
	 Finished generating     9500 of 200000 (CID=9500) 
	 Finished generating    10000 of 200000 (CID=10000) 
	 Finished generating    10500 of 200000 (CID=10500) 
	 Finished generating    11000 of 200000 (CID=11000) 
	 Finished generating    11500 of 200000 (CID=11500) 
	 Finished generating    12000 of 200000 (CID=12000) 
	 Finished generating    12500 of 200000 (CID=12500) 
	 Finished generating    13000 of 200000 (CID=13000) 
	 Finished generating    13500 of 200000 (CID=13500) 
	 Finished generating    14000 of 200000 (CID=14000) GenRate=69/sec
	 Finished generating    14500 of 200000 (CID=14500) 
	 Finished generating    15000 of 200000 (CID=15000) 
	 Finished generating    15500 of 200000 (CID=15500) 
	 Finished generating    16000 of 200000 (CID=16000) 
	 Finished generating    16500 of 200000 (CID=16500) 
	 Finished generating    17000 of 200000 (CID=17000) 
	 Finished generating    17500 of 200000 (CID=17500) 
	 Finished generating    18000 of 200000 (CID=18000) 
	 Finished generating    18500 of 200000 (CID=18500) 
	 Finished generating    19000 of 200000 (CID=19000) 
	 Finished generating    19500 of 200000 (CID=19500) 
	 Finished generating    20000 of 200000 (CID=20000) 
	 Finished generating    20500 of 200000 (CID=20500) 
	 Finished generating    21000 of 200000 (CID=21000) GenRate=69/sec
	 Finished generating    21500 of 200000 (CID=21500) 
	 Finished generating    22000 of 200000 (CID=22000) 
	 Finished generating    22500 of 200000 (CID=22500) 
	 Finished generating    23000 of 200000 (CID=23000) 
	 Finished generating    23500 of 200000 (CID=23500) 
	 Finished generating    24000 of 200000 (CID=24000) 
	 Finished generating    24500 of 200000 (CID=24500) 
	 Finished generating    25000 of 200000 (CID=25000) 
	 Finished generating    25500 of 200000 (CID=25500) 
	 Finished generating    26000 of 200000 (CID=26000) 
	 Finished generating    26500 of 200000 (CID=26500) 
	 Finished generating    27000 of 200000 (CID=27000) 
	 Finished generating    27500 of 200000 (CID=27500) 
	 Finished generating    28000 of 200000 (CID=28000) GenRate=67/sec
	 Finished generating    28500 of 200000 (CID=28500) 
	 Finished generating    29000 of 200000 (CID=29000) 
	 Finished generating    29500 of 200000 (CID=29500) 
	 Finished generating    30000 of 200000 (CID=30000) 
	 Finished generating    30500 of 200000 (CID=30500) 
	 Finished generating    31000 of 200000 (CID=31000) 
	 Finished generating    31500 of 200000 (CID=31500) 
	 Finished generating    32000 of 200000 (CID=32000) 
	 Finished generating    32500 of 200000 (CID=32500) 
	 Finished generating    33000 of 200000 (CID=33000) 
	 Finished generating    33500 of 200000 (CID=33500) 
	 Finished generating    34000 of 200000 (CID=34000) 
	 Finished generating    34500 of 200000 (CID=34500) 
	 Finished generating    35000 of 200000 (CID=35000) GenRate=68/sec
	 Finished generating    35500 of 200000 (CID=35500) 
	 Finished generating    36000 of 200000 (CID=36000) 
	 Finished generating    36500 of 200000 (CID=36500) 
	 Finished generating    37000 of 200000 (CID=37000) 
	 Finished generating    37500 of 200000 (CID=37500) 
	 Finished generating    38000 of 200000 (CID=38000) 
	 Finished generating    38500 of 200000 (CID=38500) 
	 Finished generating    39000 of 200000 (CID=39000) 
	 Finished generating    39500 of 200000 (CID=39500) 
	 Finished generating    40000 of 200000 (CID=40000) 
	 Finished generating    40500 of 200000 (CID=40500) 
	 Finished generating    41000 of 200000 (CID=41000) 
	 Finished generating    41500 of 200000 (CID=41500) 
	 Finished generating    42000 of 200000 (CID=42000) 
	 Finished generating    42500 of 200000 (CID=42500) GenRate=70/sec
	 Finished generating    43000 of 200000 (CID=43000) 
	 Finished generating    43500 of 200000 (CID=43500) 
	 Finished generating    44000 of 200000 (CID=44000) 
	 Finished generating    44500 of 200000 (CID=44500) 
	 Finished generating    45000 of 200000 (CID=45000) 
	 Finished generating    45500 of 200000 (CID=45500) 
	 Finished generating    46000 of 200000 (CID=46000) 
	 Finished generating    46500 of 200000 (CID=46500) 
	 Finished generating    47000 of 200000 (CID=47000) 
	 Finished generating    47500 of 200000 (CID=47500) 
	 Finished generating    48000 of 200000 (CID=48000) 
	 Finished generating    48500 of 200000 (CID=48500) 
	 Finished generating    49000 of 200000 (CID=49000) 
	 Finished generating    49500 of 200000 (CID=49500) GenRate=68/sec
	 Finished generating    50000 of 200000 (CID=50000) 
	 Finished generating    50500 of 200000 (CID=50500) 
	 Finished generating    51000 of 200000 (CID=51000) 
	 Finished generating    51500 of 200000 (CID=51500) 
	 Finished generating    52000 of 200000 (CID=52000) 
	 Finished generating    52500 of 200000 (CID=52500) 
	 Finished generating    53000 of 200000 (CID=53000) 
	 Finished generating    53500 of 200000 (CID=53500) 
	 Finished generating    54000 of 200000 (CID=54000) 
	 Finished generating    54500 of 200000 (CID=54500) 
	 Finished generating    55000 of 200000 (CID=55000) 
	 Finished generating    55500 of 200000 (CID=55500) 
	 Finished generating    56000 of 200000 (CID=56000) 
	 Finished generating    56500 of 200000 (CID=56500) 
	 Finished generating    57000 of 200000 (CID=57000) 
	 Finished generating    57500 of 200000 (CID=57500) GenRate=74/sec
	 Finished generating    58000 of 200000 (CID=58000) 
	 Finished generating    58500 of 200000 (CID=58500) 
	 Finished generating    59000 of 200000 (CID=59000) 
	 Finished generating    59500 of 200000 (CID=59500) 
	 Finished generating    60000 of 200000 (CID=60000) 
	 Finished generating    60500 of 200000 (CID=60500) 
	 Finished generating    61000 of 200000 (CID=61000) 
	 Finished generating    61500 of 200000 (CID=61500) 
	 Finished generating    62000 of 200000 (CID=62000) 
	 Finished generating    62500 of 200000 (CID=62500) 
	 Finished generating    63000 of 200000 (CID=63000) 
	 Finished generating    63500 of 200000 (CID=63500) 
	 Finished generating    64000 of 200000 (CID=64000) 
	 Finished generating    64500 of 200000 (CID=64500) 
	 Finished generating    65000 of 200000 (CID=65000) 
	 Finished generating    65500 of 200000 (CID=65500) GenRate=76/sec
	 Finished generating    66000 of 200000 (CID=66000) 
	 Finished generating    66500 of 200000 (CID=66500) 
	 Finished generating    67000 of 200000 (CID=67000) 
	 Finished generating    67500 of 200000 (CID=67500) 
	 Finished generating    68000 of 200000 (CID=68000) 
	 Finished generating    68500 of 200000 (CID=68500) 
	 Finished generating    69000 of 200000 (CID=69000) 
	 Finished generating    69500 of 200000 (CID=69500) 
	 Finished generating    70000 of 200000 (CID=70000) 
	 Finished generating    70500 of 200000 (CID=70500) 
	 Finished generating    71000 of 200000 (CID=71000) 
	 Finished generating    71500 of 200000 (CID=71500) 
	 Finished generating    72000 of 200000 (CID=72000) 
	 Finished generating    72500 of 200000 (CID=72500) 
	 Finished generating    73000 of 200000 (CID=73000) 
	 Finished generating    73500 of 200000 (CID=73500) GenRate=76/sec
	 Finished generating    74000 of 200000 (CID=74000) 
	 Finished generating    74500 of 200000 (CID=74500) 
	 Finished generating    75000 of 200000 (CID=75000) 
	 Finished generating    75500 of 200000 (CID=75500) 
	 Finished generating    76000 of 200000 (CID=76000) 
	 Finished generating    76500 of 200000 (CID=76500) 
	 Finished generating    77000 of 200000 (CID=77000) 
	 Finished generating    77500 of 200000 (CID=77500) 
	 Finished generating    78000 of 200000 (CID=78000) 
	 Finished generating    78500 of 200000 (CID=78500) 
	 Finished generating    79000 of 200000 (CID=79000) 
	 Finished generating    79500 of 200000 (CID=79500) 
	 Finished generating    80000 of 200000 (CID=80000) 
	 Finished generating    80500 of 200000 (CID=80500) 
	 Finished generating    81000 of 200000 (CID=81000) 
	 Finished generating    81500 of 200000 (CID=81500) GenRate=77/sec
	 Finished generating    82000 of 200000 (CID=82000) 
	 Finished generating    82500 of 200000 (CID=82500) 
	 Finished generating    83000 of 200000 (CID=83000) 
	 Finished generating    83500 of 200000 (CID=83500) 
	 Finished generating    84000 of 200000 (CID=84000) 
	 Finished generating    84500 of 200000 (CID=84500) 
	 Finished generating    85000 of 200000 (CID=85000) 
	 Finished generating    85500 of 200000 (CID=85500) 
	 Finished generating    86000 of 200000 (CID=86000) 
	 Finished generating    86500 of 200000 (CID=86500) 
	 Finished generating    87000 of 200000 (CID=87000) 
	 Finished generating    87500 of 200000 (CID=87500) 
	 Finished generating    88000 of 200000 (CID=88000) 
	 Finished generating    88500 of 200000 (CID=88500) 
	 Finished generating    89000 of 200000 (CID=89000) 
	 Finished generating    89500 of 200000 (CID=89500) GenRate=77/sec
	 Finished generating    90000 of 200000 (CID=90000) 
	 Finished generating    90500 of 200000 (CID=90500) 
	 Finished generating    91000 of 200000 (CID=91000) 
	 Finished generating    91500 of 200000 (CID=91500) 
	 Finished generating    92000 of 200000 (CID=92000) 
	 Finished generating    92500 of 200000 (CID=92500) 
	 Finished generating    93000 of 200000 (CID=93000) 
	 Finished generating    93500 of 200000 (CID=93500) 
	 Finished generating    94000 of 200000 (CID=94000) 
	 Finished generating    94500 of 200000 (CID=94500) 
	 Finished generating    95000 of 200000 (CID=95000) 
	 Finished generating    95500 of 200000 (CID=95500) 
	 Finished generating    96000 of 200000 (CID=96000) 
	 Finished generating    96500 of 200000 (CID=96500) 
	 Finished generating    97000 of 200000 (CID=97000) GenRate=73/sec
	 Finished generating    97500 of 200000 (CID=97500) 
	 Finished generating    98000 of 200000 (CID=98000) 
	 Finished generating    98500 of 200000 (CID=98500) 
	 Finished generating    99000 of 200000 (CID=99000) 
	 Finished generating    99500 of 200000 (CID=99500) 
	 Finished generating   100000 of 200000 (CID=100000) 
	 Finished generating   100500 of 200000 (CID=100500) 
	 Finished generating   101000 of 200000 (CID=101000) 
	 Finished generating   101500 of 200000 (CID=101500) 
	 Finished generating   102000 of 200000 (CID=102000) 
	 Finished generating   102500 of 200000 (CID=102500) 
	 Finished generating   103000 of 200000 (CID=103000) 
	 Finished generating   103500 of 200000 (CID=103500) 
	 Finished generating   104000 of 200000 (CID=104000) 
	 Finished generating   104500 of 200000 (CID=104500) GenRate=74/sec
	 Finished generating   105000 of 200000 (CID=105000) 
	 Finished generating   105500 of 200000 (CID=105500) 
	 Finished generating   106000 of 200000 (CID=106000) 
	 Finished generating   106500 of 200000 (CID=106500) 
	 Finished generating   107000 of 200000 (CID=107000) 
	 Finished generating   107500 of 200000 (CID=107500) 
	 Finished generating   108000 of 200000 (CID=108000) 
	 Finished generating   108500 of 200000 (CID=108500) 
	 Finished generating   109000 of 200000 (CID=109000) 
	 Finished generating   109500 of 200000 (CID=109500) 
	 Finished generating   110000 of 200000 (CID=110000) 
	 Finished generating   110500 of 200000 (CID=110500) 
	 Finished generating   111000 of 200000 (CID=111000) 
	 Finished generating   111500 of 200000 (CID=111500) 
	 Finished generating   112000 of 200000 (CID=112000) GenRate=72/sec
	 Finished generating   112500 of 200000 (CID=112500) 
	 Finished generating   113000 of 200000 (CID=113000) 
	 Finished generating   113500 of 200000 (CID=113500) 
	 Finished generating   114000 of 200000 (CID=114000) 
	 Finished generating   114500 of 200000 (CID=114500) 
	 Finished generating   115000 of 200000 (CID=115000) 
	 Finished generating   115500 of 200000 (CID=115500) 
	 Finished generating   116000 of 200000 (CID=116000) 
	 Finished generating   116500 of 200000 (CID=116500) 
	 Finished generating   117000 of 200000 (CID=117000) 
	 Finished generating   117500 of 200000 (CID=117500) 
	 Finished generating   118000 of 200000 (CID=118000) 
	 Finished generating   118500 of 200000 (CID=118500) 
	 Finished generating   119000 of 200000 (CID=119000) 
	 Finished generating   119500 of 200000 (CID=119500) GenRate=72/sec
	 Finished generating   120000 of 200000 (CID=120000) 
	 Finished generating   120500 of 200000 (CID=120500) 
	 Finished generating   121000 of 200000 (CID=121000) 
	 Finished generating   121500 of 200000 (CID=121500) 
	 Finished generating   122000 of 200000 (CID=122000) 
	 Finished generating   122500 of 200000 (CID=122500) 
	 Finished generating   123000 of 200000 (CID=123000) 
	 Finished generating   123500 of 200000 (CID=123500) 
	 Finished generating   124000 of 200000 (CID=124000) 
	 Finished generating   124500 of 200000 (CID=124500) 
	 Finished generating   125000 of 200000 (CID=125000) 
	 Finished generating   125500 of 200000 (CID=125500) 
	 Finished generating   126000 of 200000 (CID=126000) 
	 Finished generating   126500 of 200000 (CID=126500) 
	 Finished generating   127000 of 200000 (CID=127000) GenRate=71/sec
	 Finished generating   127500 of 200000 (CID=127500) 
	 Finished generating   128000 of 200000 (CID=128000) 
	 Finished generating   128500 of 200000 (CID=128500) 
	 Finished generating   129000 of 200000 (CID=129000) 
	 Finished generating   129500 of 200000 (CID=129500) 
	 Finished generating   130000 of 200000 (CID=130000) 
	 Finished generating   130500 of 200000 (CID=130500) 
	 Finished generating   131000 of 200000 (CID=131000) 
	 Finished generating   131500 of 200000 (CID=131500) 
	 Finished generating   132000 of 200000 (CID=132000) 
	 Finished generating   132500 of 200000 (CID=132500) 
	 Finished generating   133000 of 200000 (CID=133000) 
	 Finished generating   133500 of 200000 (CID=133500) 
	 Finished generating   134000 of 200000 (CID=134000) 
	 Finished generating   134500 of 200000 (CID=134500) GenRate=72/sec
	 Finished generating   135000 of 200000 (CID=135000) 
	 Finished generating   135500 of 200000 (CID=135500) 
	 Finished generating   136000 of 200000 (CID=136000) 
	 Finished generating   136500 of 200000 (CID=136500) 
	 Finished generating   137000 of 200000 (CID=137000) 
	 Finished generating   137500 of 200000 (CID=137500) 
	 Finished generating   138000 of 200000 (CID=138000) 
	 Finished generating   138500 of 200000 (CID=138500) 
	 Finished generating   139000 of 200000 (CID=139000) 
	 Finished generating   139500 of 200000 (CID=139500) 
	 Finished generating   140000 of 200000 (CID=140000) 
	 Finished generating   140500 of 200000 (CID=140500) 
	 Finished generating   141000 of 200000 (CID=141000) 
	 Finished generating   141500 of 200000 (CID=141500) 
	 Finished generating   142000 of 200000 (CID=142000) GenRate=70/sec
	 Finished generating   142500 of 200000 (CID=142500) 
	 Finished generating   143000 of 200000 (CID=143000) 
	 Finished generating   143500 of 200000 (CID=143500) 
	 Finished generating   144000 of 200000 (CID=144000) 
	 Finished generating   144500 of 200000 (CID=144500) 
	 Finished generating   145000 of 200000 (CID=145000) 
	 Finished generating   145500 of 200000 (CID=145500) 
	 Finished generating   146000 of 200000 (CID=146000) 
	 Finished generating   146500 of 200000 (CID=146500) 
	 Finished generating   147000 of 200000 (CID=147000) 
	 Finished generating   147500 of 200000 (CID=147500) 
	 Finished generating   148000 of 200000 (CID=148000) 
	 Finished generating   148500 of 200000 (CID=148500) 
	 Finished generating   149000 of 200000 (CID=149000) 
	 Finished generating   149500 of 200000 (CID=149500) GenRate=70/sec
	 Finished generating   150000 of 200000 (CID=150000) 
	 Finished generating   150500 of 200000 (CID=150500) 
	 Finished generating   151000 of 200000 (CID=151000) 
	 Finished generating   151500 of 200000 (CID=151500) 
	 Finished generating   152000 of 200000 (CID=152000) 
	 Finished generating   152500 of 200000 (CID=152500) 
	 Finished generating   153000 of 200000 (CID=153000) 
	 Finished generating   153500 of 200000 (CID=153500) 
	 Finished generating   154000 of 200000 (CID=154000) 
	 Finished generating   154500 of 200000 (CID=154500) 
	 Finished generating   155000 of 200000 (CID=155000) 
	 Finished generating   155500 of 200000 (CID=155500) 
	 Finished generating   156000 of 200000 (CID=156000) 
	 Finished generating   156500 of 200000 (CID=156500) 
	 Finished generating   157000 of 200000 (CID=157000) GenRate=70/sec
	 Finished generating   157500 of 200000 (CID=157500) 
	 Finished generating   158000 of 200000 (CID=158000) 
	 Finished generating   158500 of 200000 (CID=158500) 
	 Finished generating   159000 of 200000 (CID=159000) 
	 Finished generating   159500 of 200000 (CID=159500) 
	 Finished generating   160000 of 200000 (CID=160000) 
	 Finished generating   160500 of 200000 (CID=160500) 
	 Finished generating   161000 of 200000 (CID=161000) 
	 Finished generating   161500 of 200000 (CID=161500) 
	 Finished generating   162000 of 200000 (CID=162000) 
	 Finished generating   162500 of 200000 (CID=162500) 
	 Finished generating   163000 of 200000 (CID=163000) 
	 Finished generating   163500 of 200000 (CID=163500) 
	 Finished generating   164000 of 200000 (CID=164000) 
	 Finished generating   164500 of 200000 (CID=164500) GenRate=72/sec
	 Finished generating   165000 of 200000 (CID=165000) 
	 Finished generating   165500 of 200000 (CID=165500) 
	 Finished generating   166000 of 200000 (CID=166000) 
	 Finished generating   166500 of 200000 (CID=166500) 
	 Finished generating   167000 of 200000 (CID=167000) 
	 Finished generating   167500 of 200000 (CID=167500) 
	 Finished generating   168000 of 200000 (CID=168000) 
	 Finished generating   168500 of 200000 (CID=168500) 
	 Finished generating   169000 of 200000 (CID=169000) 
	 Finished generating   169500 of 200000 (CID=169500) 
	 Finished generating   170000 of 200000 (CID=170000) 
	 Finished generating   170500 of 200000 (CID=170500) 
	 Finished generating   171000 of 200000 (CID=171000) 
	 Finished generating   171500 of 200000 (CID=171500) 
	 Finished generating   172000 of 200000 (CID=172000) GenRate=72/sec
	 Finished generating   172500 of 200000 (CID=172500) 
	 Finished generating   173000 of 200000 (CID=173000) 
	 Finished generating   173500 of 200000 (CID=173500) 
	 Finished generating   174000 of 200000 (CID=174000) 
	 Finished generating   174500 of 200000 (CID=174500) 
	 Finished generating   175000 of 200000 (CID=175000) 
	 Finished generating   175500 of 200000 (CID=175500) 
	 Finished generating   176000 of 200000 (CID=176000) 
	 Finished generating   176500 of 200000 (CID=176500) 
	 Finished generating   177000 of 200000 (CID=177000) 
	 Finished generating   177500 of 200000 (CID=177500) 
	 Finished generating   178000 of 200000 (CID=178000) 
	 Finished generating   178500 of 200000 (CID=178500) 
	 Finished generating   179000 of 200000 (CID=179000) 
	 Finished generating   179500 of 200000 (CID=179500) GenRate=74/sec
	 Finished generating   180000 of 200000 (CID=180000) 
	 Finished generating   180500 of 200000 (CID=180500) 
	 Finished generating   181000 of 200000 (CID=181000) 
	 Finished generating   181500 of 200000 (CID=181500) 
	 Finished generating   182000 of 200000 (CID=182000) 
	 Finished generating   182500 of 200000 (CID=182500) 
	 Finished generating   183000 of 200000 (CID=183000) 
	 Finished generating   183500 of 200000 (CID=183500) 
	 Finished generating   184000 of 200000 (CID=184000) 
	 Finished generating   184500 of 200000 (CID=184500) 
	 Finished generating   185000 of 200000 (CID=185000) 
	 Finished generating   185500 of 200000 (CID=185500) 
	 Finished generating   186000 of 200000 (CID=186000) 
	 Finished generating   186500 of 200000 (CID=186500) 
	 Finished generating   187000 of 200000 (CID=187000) GenRate=73/sec
	 Finished generating   187500 of 200000 (CID=187500) 
	 Finished generating   188000 of 200000 (CID=188000) 
	 Finished generating   188500 of 200000 (CID=188500) 
	 Finished generating   189000 of 200000 (CID=189000) 
	 Finished generating   189500 of 200000 (CID=189500) 
	 Finished generating   190000 of 200000 (CID=190000) 
	 Finished generating   190500 of 200000 (CID=190500) 
	 Finished generating   191000 of 200000 (CID=191000) 
	 Finished generating   191500 of 200000 (CID=191500) 
	 Finished generating   192000 of 200000 (CID=192000) 
	 Finished generating   192500 of 200000 (CID=192500) 
	 Finished generating   193000 of 200000 (CID=193000) 
	 Finished generating   193500 of 200000 (CID=193500) 
	 Finished generating   194000 of 200000 (CID=194000) 
	 Finished generating   194500 of 200000 (CID=194500) GenRate=70/sec
	 Finished generating   195000 of 200000 (CID=195000) 
	 Finished generating   195500 of 200000 (CID=195500) 
	 Finished generating   196000 of 200000 (CID=196000) 
	 Finished generating   196500 of 200000 (CID=196500) 
	 Finished generating   197000 of 200000 (CID=197000) 
	 Finished generating   197500 of 200000 (CID=197500) 
	 Finished generating   198000 of 200000 (CID=198000) 
	 Finished generating   198500 of 200000 (CID=198500) 
	 Finished generating   199000 of 200000 (CID=199000) 
	 Finished generating   199500 of 200000 (CID=199500) 
	 Finished generating   200000 of 200000 (CID=200000) 

 ****************************************************************** 
    Done generating 200000 SN lightcurves from RANDOM source.  
	 (200000 lightcurves requested => 84424 were written) 
	 CPUTIME_PROCESS_ALL  = 46.183 minute
	 CPUTIME_PROCESS_RATE(GEN) = 72.176 evt/second
	 CPUTIME_PROCESS_RATE(ACC) = 30.467 evt/second

 ****************************************************************** 
   README_DOCANA_DRIVER: Prepare README content (iflag=2)  

 ****************************************************************** 
   DUMP README CONTENTS TO SCREEN
  
DOCUMENTATION:
  OVERVIEW:
    TIME_START:   2025-10-25  15:10  # UT
    SURVEY:       LSST
    GENMODEL:     LCLIB
    SNIA:         False
    HOST_MACHINE: sn019
    USERNAME:     mvalenzuela
    SNDATA_ROOT:  /home/mvalenzuela/SNDATA_ROOT
    SNANA_DIR:     /home/lmod/software/SNANA/11.05p
    SNANA_VERSION: 
    CWD:   /home/mvalenzuela/DATASIM_LSST_1/WFD/input_files_v6/uLens-Binary
    INPUT_FILE:
    - uLens-Binary_20251020.input
    - /home/mvalenzuela/run_SNANA/model_config/SIMGEN_INCLUDE_LCLIB_uLens-Binary.INPUT
# 
  INPUT_KEYS:
# Output data
    GENVERSION:              uLens-Binary_WFD_20251020
    NGENTOT_LC:              200000  
    FORMAT_MASK:             32  #  += 2,32,16 -> TEXT, FITS, randomCID
    GENTYPE:                 0  # true type
    SNTYPE:                  1  101  # spec Type, photID type
    CIDRAN_MIN:              0  
    CIDRAN_MAX:              3000000  
# Source model
    GENMODEL:                LCLIB /home/mvalenzuela/run_SNANA/plasticc_models/LCLIB_uLens-Binary.TEXT 1+2+3+4 
# Cosmology inputs
    OMEGA_MATTER:            0.3150  
    OMEGA_LAMBDA:            0.6850  
    w0_LAMBDA:               -1.0000  
    wa_LAMBDA:               0  
    MUSHIFT:                 0  
# Instrumental inputs
    GENFILTERS:          ugrizY 
    KCOR_FILE:           /home/mvalenzuela/run_SNANA/kcor_LSST.fits 
    SIMLIB_FILE:             /home/mvalenzuela/SIMLIBv5/WFD_SIMLIBv5.SIMLIB 
    SIMLIB_MAXRANSTART:      20000 
    SIMLIB_MSKOPT:           128 
    SMEARFLAG_FLUX:      1  # 1->add Poisson noise
    SMEARFLAG_ZEROPT:    1  # +=1->apply scatter, +=2->add to FLUXERRCAL
# SEARCHEFF/detections
    SEARCHEFF_PIPELINE_LOGIC_FILE:  /home/mvalenzuela/run_SNANA/LSST_PIPELINE_LOGIC.DAT
    NEWMJD_DIF:              7.0000e-03  # day-sep if > 1 detections required
    SEARCHEFF_PIPELINE_EFF_FILE:  /home/mvalenzuela/run_SNANA/LSST_SEARCHEFF_PIPELINE.DAT
    SEARCHEFF_SPEC_FILE:     NONE
    SEARCHEFF_zHOST_FILE:    ZERO
    APPLY_SEARCHEFF_OPT:     1  # += 1,2,4 => pipe,spec,zhost
# Redshift inputs
    GENRANGE_REDSHIFT:       0  0  
    GENSIGMA_REDSHIFT:       0  
    GENSIGMA_VPEC:           0  # true vpec scatter (km/sec)
    VPEC_ERR:                0  # vpec error after correction (km/sec)
    VEL_CMBAPEX:             0  # km/sec
# Epoch & sky coverage inputs
    GENRANGE_MJD:            60980.0000  62075.0000  
    GENRANGE_PEAKMJD:        60980.0000  60980.0000  
    GENSIGMA_PEAKMJD:        1.0000  
    GENRANGE_TREST:          0  1095.0000  
    SOLID_ANGLE:             6.4940  
# Galactic extinction
    OPT_MWEBV:        1   
    OPT_MWCOLORLAW:   99   
# Population and rate-model params
    DNDB:                    BPOLY 20383 -1757.7 65.293 -1.1885 0.10405E-01 -0.35119E-04 
# Misc inputs
    GENSOURCE:               RANDOM
    RANSEED:                 87  
    DEBUG_FLAG:              0  
    SIMGEN_DUMPALL:          35 CID LIBID SIM_SEARCHEFF_MASK GENTYPE NON1A_INDEX ZCMB ZHELIO ZCMB_SMEAR RA DEC MWEBV GALID GALZPHOT GALZPHOTERR GALSNSEP GALSNDDLR RV AV MU LENSDMU PEAKMJD MJD_DETECT_FIRST MJD_DETECT_LAST DTSEASON_PEAK PEAKMAG_u PEAKMAG_g PEAKMAG_r PEAKMAG_i PEAKMAG_z PEAKMAG_Y SNRMAX SNRMAX2 SNRMAX3 NOBS NOBS_SATURATE 
# 
  FILTERS:   # mean wavelength (A)
    u:  3710.0
    g:  4805.8
    r:  6221.5
    i:  7559.2
    z:  8680.6
    Y:  9757.0
# 
  INPUT_NOTES:
  - Poisson noise is ON 
  - Reported flux-uncertainty includes SKY+GALAXY+SOURCE
  - SB-dependent flux scatter is OFF
  -    SIMULATED RATE(BPOLY)
  -  dN/db = POLY(20383,-1757.7,65.293,-1.1885,0.10405E-01,-0.35119E-04)
  -  Calculated Number of EVENTS per season = 200000  (NGENTOT_LC)
  - H0 =  70.00 km/s/Mpc 
  - Omega_{M,L} =  0.315, 0.685     w0,wa = -1.00,0.000
  - APPLY_SEARCHEFF_OPT=1 --> Require EFF(PIPELINE) 
  - PIPELINE requires 2 detections among u+g+r+i+z+Y (MJD dif > 0.0070 days) 
#
  GENTYPE_TO_NAME:  # GENTYPE:  [non]Ia   type  
    0:  nonIa    uLens_CFA-Binary
# 
  OUTPUT_SUMMARY:
    RANDOM_SYNC: 
    - List=1  FIRST=0.932483  LAST=0.173403   AVG(wrap) = 1.4 +_ 0.2 
    - List=2  FIRST=0.547236  LAST=0.242424   AVG(wrap) = 0.3 +_ 0.0 
    - List=3  FIRST=0.836719  LAST=0.095895   AVG(wrap) = 0.0 +_ 0.0 
# 
    CPU_MINUTES:       46.18  
    NGENLC_TOT:        200000    # (72/sec)
    NGENLC_WRITE:      84424    # (30/sec)
    NGENSPEC_WRITE:    0  
    EFF(SEARCH+CUTS):  0.4221 +-  0.0011
    NGEN_PER_SEASON:   200000       # NSN(GEN) in GENRANGE(z,MJD,dOmega)
    NACC_PER_SEASON:   84424 +_ 291  # NSN(ACCEPT) after trigger+cuts
    NREJECT:  [0,0,0,  115576,0]   # [NEP<1,GENRANGE,PEAKMAG,  SEARCHEFF,CUTWIN] 
DOCUMENTATION_END:

  AUXILIARY FILES: 
  /home/mvalenzuela/SNDATA_ROOT/SIM/uLens-Binary_WFD_20251020/uLens-Binary_WFD_20251020.LIST 
  /home/mvalenzuela/SNDATA_ROOT/SIM/uLens-Binary_WFD_20251020/uLens-Binary_WFD_20251020.README 
  /home/mvalenzuela/SNDATA_ROOT/SIM/uLens-Binary_WFD_20251020/uLens-Binary_WFD_20251020.DUMP
 WR_SNFITSIO_END: wrote 84424 events and 0 spectra to FITS format

 DONE with snlc_sim.
