
 Full command: snlc_sim.exe VC25_SNIbc_20251130.input 

 SNANA_VERSION: NOT_FROM_GITHUB



 ****************************************************************** 
   Begin execution of snlc_sim.exe    
 SNDATA_ROOT = /home/mvalenzuela/SNDATA_ROOT 
 SNANA_DIR   = /home/lmod/software/SNANA/11.05p 


   sizeof(INPUTS) =   5.043 MB 
   sizeof(GENLC)  =  10.667 MB 

  init_SNDATA_GLOBAL: 
 --------------------------------------------------------
  Initialize NstringMatch for sim-input file
  Read 79 words from user input file 1: 
	 VC25_SNIbc_20251130.input 
 --------------------------------------------------------
  Read 155 words from user input file 2: 
	 /home/mvalenzuela/OTMODEL_NON1ASED/SNtypes/Ibc/SIMGEN_INCLUDE_VC25_SNIbc.INPUT 

 ****************************************************************** 
   init_HzFUN_INFO  
	 H0         = 70.00      # km/s/Mpc 
	 OM, OL, Ok = 0.31500, 0.68500, 0.00000 
	 w0, wa     = -1.000,  0.000 

 ****************************************************************** 
    prep_user_inputs summary   
	 SIMLIB file        : /home/mvalenzuela/SIMLIBv5/DD_SIMLIBv5.SIMLIB   (start LIBID=0)
	 Generation Version : VC25_SNIbc_DDF_20251130 
	 Generation source  : RANDOM 
	 Generation model   : NON1ASED 
	 Number of LC to Generate: 0 
	 OMEGA_(MATTER,LAMBDA)= 0.315, 0.685,    w0= -1.00   H0= 70.0 
	 KCOR  file : /home/mvalenzuela/run_SNANA/kcor_LSST.fits 
	 Observer Gen-FILTERS  :  ugrizY  
	 Random number seed: 9695  (NSTREAM=2)
	 Gen-Range for RA(deg)  : -360.000 to  360.000 
	 Gen-Range for DEC(deg): -360.000 to  360.000 
	 Gen-Range for ZCMB :  0.011 to  3.800  (sigma= 0.0000, bias=0.00000) 
	 Gen-Range for PEAKMJD  :  60900.0 to  61900.0  
	 Gen-Range for Trest    :    -50.0 to    300.0  days 
	 Gen-Range for SHAPEPAR  :      0.0 to      0.0  
	 Gen-Range for AV  : -9.00 to -9.00  (dN/dAv = exp(-AV/-9.00) 
	 Gen-Mean  for RV  : 3.10  
	 Gen-sigma for RV  : 0.00 , 0.00 (lower , upper ) 
	 Gen-Range for RV  : 1.00 to 5.00 
	 ZP offsets (ugrizY) :  0.000 0.000 0.000 0.000 0.000 0.000
	 MODEL mag offsets (ugrizY) :   0.00  0.00  0.00  0.00  0.00  0.00


 ****************************************************************** 
    init_RANDOMsource : CIDOFF=0   

 ****************************************************************** 
   SIMLIB_readGlobalHeader_TEXT  
	 Opened : /home/mvalenzuela/SIMLIBv5/DD_SIMLIBv5.SIMLIB 

 ****************************************************************** 
   SIMLIB_prepGlobalHeader  
	 SIMLIB Survey    : LSST 
	 SIMLIB Field : VOID 
	 SIMLIB Pixel Saturation: 100000 photoelectrons. 
	 SIMLIB Filters   : ugrizY 
	 SIMLIB created by: NONE 
	 SIMLIB Solid Angle  : 0.025000 steridians 
	 SIMLIB PSF unit:    PIXEL_SIGMA 
	 SIMLIB SKYSIG unit: ADU_PER_SQPIXEL 

  Bit-mask options for SIMLIB_MSKOPT = 128 
	 MASK=   128 -> keep entire SIMLIB season (not just transient range) 

	 SIMLIB MAXRANSTART after  20  LIBIDs  (0 seconds)

 ****************************************************************** 
   init_RateModel  
 dN/dz from 1.00 x Strolger15(CANDELS): 
    MODEL_RATE(z=0.01) = 2.106e-05/Mpc^3/yr    
    MODEL_RATE(z=0.21) = 4.454e-05/Mpc^3/yr    
    MODEL_RATE(z=0.41) = 7.200e-05/Mpc^3/yr    
    MODEL_RATE(z=0.61) = 9.266e-05/Mpc^3/yr    
    MODEL_RATE(z=0.81) = 1.019e-04/Mpc^3/yr    
    MODEL_RATE(z=1.01) = 1.024e-04/Mpc^3/yr    
    MODEL_RATE(z=1.21) = 9.849e-05/Mpc^3/yr    
    MODEL_RATE(z=1.41) = 9.281e-05/Mpc^3/yr    
    MODEL_RATE(z=1.61) = 8.677e-05/Mpc^3/yr    
    MODEL_RATE(z=1.81) = 8.097e-05/Mpc^3/yr    
    MODEL_RATE(z=2.01) = 7.562e-05/Mpc^3/yr    
    MODEL_RATE(z=2.21) = 7.078e-05/Mpc^3/yr    
    MODEL_RATE(z=2.41) = 6.642e-05/Mpc^3/yr    
    MODEL_RATE(z=2.61) = 6.251e-05/Mpc^3/yr    
    MODEL_RATE(z=2.81) = 5.899e-05/Mpc^3/yr    
    MODEL_RATE(z=3.01) = 5.581e-05/Mpc^3/yr    
    MODEL_RATE(z=3.21) = 5.294e-05/Mpc^3/yr    
    MODEL_RATE(z=3.41) = 5.032e-05/Mpc^3/yr    
    MODEL_RATE(z=3.61) = 4.794e-05/Mpc^3/yr    
 Calculated Number of EVENTS per season =  1.956e+05 

 ****************************************************************** 
   Initialize SEARCH EFFICIENCY for 'LSST' 
  
   Read Detection-efficiency curves: 
	 EFF_DETECT(u) = 0.463 at ABS(SNR) =  5.50 ()
	 EFF_DETECT(g) = 0.463 at ABS(SNR) =  5.50 ()
	 EFF_DETECT(r) = 0.425 at ABS(SNR) =  5.00 ()
	 EFF_DETECT(i) = 0.540 at ABS(SNR) =  5.50 ()
	 EFF_DETECT(z) = 0.469 at ABS(SNR) =  5.00 ()
	 EFF_DETECT(Y) = 0.469 at ABS(SNR) =  5.00 ()

   Fetch SOFTWARE SEARCH-LOGIC from : 
	 /home/mvalenzuela/run_SNANA/LSST_PIPELINE_LOGIC.DAT
	 Logic: 2 MJDs require filters=u+g+r+i+z+Y 
	 Trigger epoch contains all obs within 0.007 days


  Optional SEARCHEFF_SPEC_FILE not specified -> EFF_SPEC=1 

  Optional SEARCHEFF_zHOST_FILE not specified -> Eff=1.0 

  Optional SEARCHEFF_zHOST_FILE not specified -> Eff=1.0 

 ****************************************************************** 
   READ_CALIB_DRIVER: read calib/filters/kcor  
	 FILTERS_SURVEY = ugrizY 
  Opened /home/mvalenzuela/run_SNANA/kcor_LSST.fits
   read_calib_head 
		 Read VERSION         = 4  (kcor.exe version) 
		 Read NPRIM           = 1  primary refs 
		 Read PRIM001         = AB 
		 Read NFILTERS        = 6  filters 
		 Read NKCOR           = 0  K-COR tables 
		 Read  991 wavelength bins (2100.00 to 12000.00)
		 Read  106 epoch      bins (-20.00 to 85.00)
		 Read    1 redshift   bins (0.00 to 0.00)
		 Read    1 AV         bins (0.00 to 0.00)
   read_calib_zpoff  
   read_calib_snsed 
   read_kcor_tables 
   read_kcor_mags 
   read_calib_filters 
   read_calib_primarysed 

   print_calib_summary 
	  Primary Spectrum: AB 

  FILTER SUMMARY (RDKCOR) : 
   internal                   LAM  LAM   rest-lam      primary
  index name                  AVG  RMS   kcor range    mag   ZP
 ---------------------------------------------------------------------- 
    1 LSST-u                 3710  163     0-    0   0.000   0.000
    2 LSST-g                 4806  431     0-    0   0.000   0.000
    3 LSST-r                 6221  414     0-    0   0.000   0.000
    4 LSST-i                 7559  387     0-    0   0.000   0.000
    5 LSST-z                 8681  311     0-    0   0.000   0.000
    6 LSST-Y                 9757  345     0-    0   0.000   0.000
	 NFILTDEF[SURVEY,REST] = 6 0 

 READ_CALIB_DRIVER: Done 


 ****************************************************************** 
    PREPARE NON1ASED TEMPLATE SELECTION   
    MODELPATH = /home/mvalenzuela/OTMODEL_NON1ASED/SNtypes/Ibc/NON1ASED_VC25_SNIbc 
    Read all NON1A from '/home/mvalenzuela/OTMODEL_NON1ASED/SNtypes/Ibc/NON1ASED_VC25_SNIbc/NON1A.LIST' 
     Will generate  910 NON1ASED (MXGEN= 910) with OT_SN2015ap.SED.gz
     Will generate  910 NON1ASED (MXGEN=1820) with OT_SN2015ah.SED.gz
     Will generate  910 NON1ASED (MXGEN=2730) with OT_SN2014L.SED.gz
     Will generate  910 NON1ASED (MXGEN=3640) with OT_SN2013ge.SED.gz
     Will generate  910 NON1ASED (MXGEN=4550) with OT_SN2011bm.SED.gz
     Will generate  910 NON1ASED (MXGEN=5460) with OT_SN2009jf.SED.gz
     Will generate  910 NON1ASED (MXGEN=6370) with OT_SN2009iz.SED.gz
     Will generate  910 NON1ASED (MXGEN=7280) with OT_SN2008D.SED.gz
     Will generate  910 NON1ASED (MXGEN=8190) with OT_SN2007uy.SED.gz
     Will generate  910 NON1ASED (MXGEN=9100) with OT_SN2007gr.SED.gz
     Will generate  910 NON1ASED (MXGEN=10010) with OT_SN2007Y.SED.gz
     Will generate  910 NON1ASED (MXGEN=10920) with OT_SN2007C.SED.gz
     Will generate  910 NON1ASED (MXGEN=11830) with OT_SN2006lc.SED.gz
     Will generate  910 NON1ASED (MXGEN=12740) with OT_SN2006ep.SED.gz
     Will generate  910 NON1ASED (MXGEN=13650) with OT_SN2005hg.SED.gz
     Will generate  910 NON1ASED (MXGEN=14560) with OT_SN2005bf.SED.gz
     Will generate  910 NON1ASED (MXGEN=15470) with OT_SN2004gt.SED.gz
     Will generate  910 NON1ASED (MXGEN=16380) with OT_SN2004gq.SED.gz
     Will generate  910 NON1ASED (MXGEN=17290) with OT_SN2004fe.SED.gz
     Will generate  910 NON1ASED (MXGEN=18200) with OT_SN2004dk.SED.gz
     Will generate  910 NON1ASED (MXGEN=19110) with OT_SN2004aw.SED.gz
     Will generate  890 NON1ASED (MXGEN=20000) with OT_SN1994I.SED.gz

   filtdump_SEDMODEL: Read primary ref 'AB' with 991 lambda bins 

   Defined                                 Lambda           AB     AB 
   Filter                  <LAMBDA>        Range(step)      mag    ZP 
   ----------------------------------------------------------------------
   id=01 (      LSST-u)   ( 3710.0 + 0)   3200- 4100( 10)   0.000  12.652  
   id=02 (      LSST-g)   ( 4805.8 + 0)   3750- 5770( 10)   0.000  14.689  
   id=03 (      LSST-r)   ( 6221.5 + 0)   5230- 7150( 10)   0.000  14.560  
   id=04 (      LSST-i)   ( 7559.2 + 0)   6590- 8450( 10)   0.000  14.379  
   id=05 (      LSST-z)   ( 8680.6 + 0)   7890- 9470( 10)   0.000  13.993  
   id=06 (      LSST-Y)   ( 9757.0 + 0)   8970-10990( 10)   0.000  13.017  
   ----------------------------------------------------------------------
	 malloc_METADATA_SEDMODEL for NSED=1 and NPAR=0
  malloc_FLUXTABLE_SEDMODEL : allocate   2.94 Mb of memory for integral-flux tables. 
	 Table bins include 400 DAYs. 
	 Table bins include   6 FILTERs. 
	 Table bins include   1 SEDs. 
	 Table bins include 130 log10(Z): 0.00975 <= Z <= 3.80592 .
		 ZTABLE[  1] =  0.00975   (LOGZ=-2.0109)
		 ZTABLE[  2] =  0.01021   (LOGZ=-1.9908)
		 ZTABLE[  3] =  0.01070   (LOGZ=-1.9707)
		 ZTABLE[127] =  3.31281   (LOGZ=0.5202)
		 ZTABLE[128] =  3.46964   (LOGZ=0.5403)
		 ZTABLE[129] =  3.63389   (LOGZ=0.5604)
		 ZTABLE[130] =  3.80592   (LOGZ=0.5805)
		 Zero entire SEDMODEL flux table (735434 entries). 

	 Allow SED Flam < 0 

 ****************************************************************** 
   init_modelSmear: init intrinsic SN smearing with model=NONE  
	 Smear-mode: interpolate from central filter wavelengths.

 ****************************************************************** 
   README_DOCANA_DRIVER: Prepare README content (iflag=1)  

 ****************************************************************** 
   clr_VERSION  
	 LCMERGE Version VC25_SNIbc_DDF_20251130 does not exist. 
	 SIM Version VC25_SNIbc_DDF_20251130 exists. 
	 PHOTOMETRY Version VC25_SNIbc_DDF_20251130 does not exist. 
	 Removing version VC25_SNIbc_DDF_20251130 files ... 
 execute command: rm -rf  /home/mvalenzuela/SNDATA_ROOT/SIM/VC25_SNIbc_DDF_20251130/  
 Done. 

 ****************************************************************** 
   Init SIMGEN_DUMP file   
	 open /home/mvalenzuela/SNDATA_ROOT/SIM/VC25_SNIbc_DDF_20251130/VC25_SNIbc_DDF_20251130.DUMP

 ****************************************************************** 
   WR_SNFITSIO_INIT  

 ****************************************************************** 
   set_TIMERS  
	 CPUTIME_INITIALIZE   = 1.000 second

 ****************************************************************** 
    Begin Generating Lightcurves.   
  Found Max dN/dz * wgt = 1.335939e+06 at z =    1.121 
	 Finished generating        1 of 20000 (CID=0) 

 ****************************************************************** 
   Prepare 'NON1ASED' Simulation for OT_SN2015ap.SED.gz (INDEX=032)  
  Read  NON1A-032  SED  from : 
    /home/mvalenzuela/OTMODEL_NON1ASED/SNtypes/Ibc/NON1ASED_VC25_SNIbc/OT_SN2015ap.SED.gz 
    T0shiftPeak_SEDMODEL: shift DAY-array by -1.00 days so that maxFlux is at DAY=0
		 Zero entire SEDMODEL flux table (735434 entries). 
  Initialize SED flux-integrals for  LSST-u  and  ISED=1 
  Initialize SED flux-integrals for  LSST-g  and  ISED=1 
  Initialize SED flux-integrals for  LSST-r  and  ISED=1 
  Initialize SED flux-integrals for  LSST-i  and  ISED=1 
  Initialize SED flux-integrals for  LSST-z  and  ISED=1 
  Initialize SED flux-integrals for  LSST-Y  and  ISED=1 
    Trest(NON1A-032): -11.00 to  49.00     LAMBDA:  3106 to  8800 A 
    WARNING(NON1A-032): Flux(Trestmin)/Flux(peak) = 0.403 -> beware of extrapolation

  SED-epoch  range: -11.00 <= Trest <=  49.00 (<STEP>=1.00 day)
  SED-lambda range:  3106 <= LAM <=  8800 (<STEP>=   2 A) 
  FILTER-lambda range:   100 <= LAM <= 30000  
   Changes for OT_SN2015ap.SED.gz : 
	 GENMAG_OFF_MODEL -> -0.40 
	 GENMAG_SMEAR ->  0.40, 0.40 
	 Finished generating      500 of 20000 (CID=500) 

 ****************************************************************** 
   Prepare 'NON1ASED' Simulation for OT_SN2015ah.SED.gz (INDEX=033)  
  Read  NON1A-033  SED  from : 
    /home/mvalenzuela/OTMODEL_NON1ASED/SNtypes/Ibc/NON1ASED_VC25_SNIbc/OT_SN2015ah.SED.gz 
    T0shiftPeak_SEDMODEL: shift DAY-array by 2.00 days so that maxFlux is at DAY=0
		 Zero entire SEDMODEL flux table (735434 entries). 
  Initialize SED flux-integrals for  LSST-u  and  ISED=1 
  Initialize SED flux-integrals for  LSST-g  and  ISED=1 
  Initialize SED flux-integrals for  LSST-r  and  ISED=1 
  Initialize SED flux-integrals for  LSST-i  and  ISED=1 
  Initialize SED flux-integrals for  LSST-z  and  ISED=1 
  Initialize SED flux-integrals for  LSST-Y  and  ISED=1 
    Trest(NON1A-033):  -8.00 to  52.00     LAMBDA:  3200 to  8800 A 
    WARNING(NON1A-033): Flux(Trestmin)/Flux(peak) = 0.653 -> beware of extrapolation
    WARNING(NON1A-033): Flux(Trestmax)/Flux(peak) = 0.095 -> beware of extrapolation

  SED-epoch  range:  -8.00 <= Trest <=  52.00 (<STEP>=1.00 day)
  SED-lambda range:  3200 <= LAM <=  8800 (<STEP>=   2 A) 
  FILTER-lambda range:   100 <= LAM <= 30000  
   Changes for OT_SN2015ah.SED.gz : 
	 GENMAG_OFF_MODEL -> -0.40 
	 GENMAG_SMEAR ->  0.40, 0.40 
	 Finished generating     1000 of 20000 (CID=1000) 
	 Finished generating     1500 of 20000 (CID=1500) 

 ****************************************************************** 
   Prepare 'NON1ASED' Simulation for OT_SN2014L.SED.gz (INDEX=034)  
  Read  NON1A-034  SED  from : 
    /home/mvalenzuela/OTMODEL_NON1ASED/SNtypes/Ibc/NON1ASED_VC25_SNIbc/OT_SN2014L.SED.gz 
    T0shiftPeak_SEDMODEL: shift DAY-array by 9.00 days so that maxFlux is at DAY=0
		 Zero entire SEDMODEL flux table (735434 entries). 
  Initialize SED flux-integrals for  LSST-u  and  ISED=1 
  Initialize SED flux-integrals for  LSST-g  and  ISED=1 
  Initialize SED flux-integrals for  LSST-r  and  ISED=1 
  Initialize SED flux-integrals for  LSST-i  and  ISED=1 
  Initialize SED flux-integrals for  LSST-z  and  ISED=1 
  Initialize SED flux-integrals for  LSST-Y  and  ISED=1 
    Trest(NON1A-034):  -1.00 to  59.00     LAMBDA:  3185 to  8801 A 
    WARNING(NON1A-034): Flux(Trestmin)/Flux(peak) = 0.987 -> beware of extrapolation
    WARNING(NON1A-034): Flux(Trestmax)/Flux(peak) = 0.097 -> beware of extrapolation

  SED-epoch  range:  -1.00 <= Trest <=  59.00 (<STEP>=1.00 day)
  SED-lambda range:  3185 <= LAM <=  8801 (<STEP>=   2 A) 
  FILTER-lambda range:   100 <= LAM <= 30000  
   Changes for OT_SN2014L.SED.gz : 
	 GENMAG_OFF_MODEL -> -0.40 
	 GENMAG_SMEAR ->  0.40, 0.40 
	 Finished generating     2000 of 20000 (CID=2000) 
	 Finished generating     2500 of 20000 (CID=2500) GenRate=21/sec

 ****************************************************************** 
   Prepare 'NON1ASED' Simulation for OT_SN2013ge.SED.gz (INDEX=035)  
  Read  NON1A-035  SED  from : 
    /home/mvalenzuela/OTMODEL_NON1ASED/SNtypes/Ibc/NON1ASED_VC25_SNIbc/OT_SN2013ge.SED.gz 
    T0shiftPeak_SEDMODEL: shift DAY-array by 5.00 days so that maxFlux is at DAY=0
		 Zero entire SEDMODEL flux table (735434 entries). 
  Initialize SED flux-integrals for  LSST-u  and  ISED=1 
  Initialize SED flux-integrals for  LSST-g  and  ISED=1 
  Initialize SED flux-integrals for  LSST-r  and  ISED=1 
  Initialize SED flux-integrals for  LSST-i  and  ISED=1 
  Initialize SED flux-integrals for  LSST-z  and  ISED=1 
  Initialize SED flux-integrals for  LSST-Y  and  ISED=1 
    Trest(NON1A-035):  -5.00 to 159.00     LAMBDA:  3210 to  8800 A 
    WARNING(NON1A-035): Flux(Trestmin)/Flux(peak) = 0.841 -> beware of extrapolation

  SED-epoch  range:  -5.00 <= Trest <= 159.00 (<STEP>=1.00 day)
  SED-lambda range:  3210 <= LAM <=  8800 (<STEP>=   2 A) 
  FILTER-lambda range:   100 <= LAM <= 30000  
   Changes for OT_SN2013ge.SED.gz : 
	 GENMAG_OFF_MODEL -> -0.40 
	 GENMAG_SMEAR ->  0.40, 0.40 
	 Finished generating     3000 of 20000 (CID=3000) 
	 Finished generating     3500 of 20000 (CID=3500) 

 ****************************************************************** 
   Prepare 'NON1ASED' Simulation for OT_SN2011bm.SED.gz (INDEX=036)  
  Read  NON1A-036  SED  from : 
    /home/mvalenzuela/OTMODEL_NON1ASED/SNtypes/Ibc/NON1ASED_VC25_SNIbc/OT_SN2011bm.SED.gz 
    T0shiftPeak_SEDMODEL: shift DAY-array by 4.00 days so that maxFlux is at DAY=0
		 Zero entire SEDMODEL flux table (735434 entries). 
  Initialize SED flux-integrals for  LSST-u  and  ISED=1 
  Initialize SED flux-integrals for  LSST-g  and  ISED=1 
  Initialize SED flux-integrals for  LSST-r  and  ISED=1 
  Initialize SED flux-integrals for  LSST-i  and  ISED=1 
  Initialize SED flux-integrals for  LSST-z  and  ISED=1 
  Initialize SED flux-integrals for  LSST-Y  and  ISED=1 
    Trest(NON1A-036): -13.00 to 109.00     LAMBDA:  3185 to  8801 A 
    WARNING(NON1A-036): Flux(Trestmin)/Flux(peak) = 0.481 -> beware of extrapolation
    WARNING(NON1A-036): Flux(Trestmax)/Flux(peak) = 0.177 -> beware of extrapolation

  SED-epoch  range: -13.00 <= Trest <= 109.00 (<STEP>=1.00 day)
  SED-lambda range:  3185 <= LAM <=  8801 (<STEP>=   2 A) 
  FILTER-lambda range:   100 <= LAM <= 30000  
   Changes for OT_SN2011bm.SED.gz : 
	 GENMAG_OFF_MODEL -> -0.40 
	 GENMAG_SMEAR ->  0.40, 0.40 
	 Finished generating     4000 of 20000 (CID=4000) 
	 Finished generating     4500 of 20000 (CID=4500) 

 ****************************************************************** 
   Prepare 'NON1ASED' Simulation for OT_SN2009jf.SED.gz (INDEX=037)  
  Read  NON1A-037  SED  from : 
    /home/mvalenzuela/OTMODEL_NON1ASED/SNtypes/Ibc/NON1ASED_VC25_SNIbc/OT_SN2009jf.SED.gz 
    T0shiftPeak_SEDMODEL: shift DAY-array by 4.00 days so that maxFlux is at DAY=0
		 Zero entire SEDMODEL flux table (735434 entries). 
  Initialize SED flux-integrals for  LSST-u  and  ISED=1 
  Initialize SED flux-integrals for  LSST-g  and  ISED=1 
  Initialize SED flux-integrals for  LSST-r  and  ISED=1 
  Initialize SED flux-integrals for  LSST-i  and  ISED=1 
  Initialize SED flux-integrals for  LSST-z  and  ISED=1 
  Initialize SED flux-integrals for  LSST-Y  and  ISED=1 
    Trest(NON1A-037): -15.00 to 112.00     LAMBDA:  3186 to  8800 A 
    WARNING(NON1A-037): Flux(Trestmin)/Flux(peak) = 0.323 -> beware of extrapolation
    WARNING(NON1A-037): Flux(Trestmax)/Flux(peak) = 0.133 -> beware of extrapolation

  SED-epoch  range: -15.00 <= Trest <= 112.00 (<STEP>=1.00 day)
  SED-lambda range:  3186 <= LAM <=  8800 (<STEP>=   2 A) 
  FILTER-lambda range:   100 <= LAM <= 30000  
   Changes for OT_SN2009jf.SED.gz : 
	 GENMAG_OFF_MODEL -> -0.40 
	 GENMAG_SMEAR ->  0.40, 0.40 
	 Finished generating     5000 of 20000 (CID=5000) GenRate=21/sec

 ****************************************************************** 
   Prepare 'NON1ASED' Simulation for OT_SN2009iz.SED.gz (INDEX=038)  
  Read  NON1A-038  SED  from : 
    /home/mvalenzuela/OTMODEL_NON1ASED/SNtypes/Ibc/NON1ASED_VC25_SNIbc/OT_SN2009iz.SED.gz 
    T0shiftPeak_SEDMODEL: shift DAY-array by -16.00 days so that maxFlux is at DAY=0
		 Zero entire SEDMODEL flux table (735434 entries). 
  Initialize SED flux-integrals for  LSST-u  and  ISED=1 
  Initialize SED flux-integrals for  LSST-g  and  ISED=1 
  Initialize SED flux-integrals for  LSST-r  and  ISED=1 
  Initialize SED flux-integrals for  LSST-i  and  ISED=1 
  Initialize SED flux-integrals for  LSST-z  and  ISED=1 
  Initialize SED flux-integrals for  LSST-Y  and  ISED=1 
    Trest(NON1A-038): -27.00 to  34.00     LAMBDA:  3106 to  8800 A 
    WARNING(NON1A-038): Flux(Trestmin)/Flux(peak) = 0.431 -> beware of extrapolation
    WARNING(NON1A-038): Flux(Trestmax)/Flux(peak) = 0.103 -> beware of extrapolation

  SED-epoch  range: -27.00 <= Trest <=  34.00 (<STEP>=1.00 day)
  SED-lambda range:  3106 <= LAM <=  8800 (<STEP>=   2 A) 
  FILTER-lambda range:   100 <= LAM <= 30000  
   Changes for OT_SN2009iz.SED.gz : 
	 GENMAG_OFF_MODEL -> -0.40 
	 GENMAG_SMEAR ->  0.40, 0.40 
	 Finished generating     5500 of 20000 (CID=5500) 
	 Finished generating     6000 of 20000 (CID=6000) 

 ****************************************************************** 
   Prepare 'NON1ASED' Simulation for OT_SN2008D.SED.gz (INDEX=039)  
  Read  NON1A-039  SED  from : 
    /home/mvalenzuela/OTMODEL_NON1ASED/SNtypes/Ibc/NON1ASED_VC25_SNIbc/OT_SN2008D.SED.gz 
    T0shiftPeak_SEDMODEL: shift DAY-array by -1.00 days so that maxFlux is at DAY=0
		 Zero entire SEDMODEL flux table (735434 entries). 
  Initialize SED flux-integrals for  LSST-u  and  ISED=1 
  Initialize SED flux-integrals for  LSST-g  and  ISED=1 
  Initialize SED flux-integrals for  LSST-r  and  ISED=1 
  Initialize SED flux-integrals for  LSST-i  and  ISED=1 
  Initialize SED flux-integrals for  LSST-z  and  ISED=1 
  Initialize SED flux-integrals for  LSST-Y  and  ISED=1 
    Trest(NON1A-039): -18.00 to  91.00     LAMBDA:  3087 to  8801 A 
    WARNING(NON1A-039): Flux(Trestmin)/Flux(peak) = 0.256 -> beware of extrapolation
    WARNING(NON1A-039): Flux(Trestmax)/Flux(peak) = 0.117 -> beware of extrapolation

  SED-epoch  range: -18.00 <= Trest <=  91.00 (<STEP>=1.00 day)
  SED-lambda range:  3087 <= LAM <=  8801 (<STEP>=   2 A) 
  FILTER-lambda range:   100 <= LAM <= 30000  
   Changes for OT_SN2008D.SED.gz : 
	 GENMAG_OFF_MODEL -> -0.40 
	 GENMAG_SMEAR ->  0.40, 0.40 
	 Finished generating     6500 of 20000 (CID=6500) 
	 Finished generating     7000 of 20000 (CID=7000) 

 ****************************************************************** 
   Prepare 'NON1ASED' Simulation for OT_SN2007uy.SED.gz (INDEX=040)  
  Read  NON1A-040  SED  from : 
    /home/mvalenzuela/OTMODEL_NON1ASED/SNtypes/Ibc/NON1ASED_VC25_SNIbc/OT_SN2007uy.SED.gz 
    T0shiftPeak_SEDMODEL: shift DAY-array by 7.00 days so that maxFlux is at DAY=0
		 Zero entire SEDMODEL flux table (735434 entries). 
  Initialize SED flux-integrals for  LSST-u  and  ISED=1 
  Initialize SED flux-integrals for  LSST-g  and  ISED=1 
  Initialize SED flux-integrals for  LSST-r  and  ISED=1 
  Initialize SED flux-integrals for  LSST-i  and  ISED=1 
  Initialize SED flux-integrals for  LSST-z  and  ISED=1 
  Initialize SED flux-integrals for  LSST-Y  and  ISED=1 
    Trest(NON1A-040):  -3.00 to 110.00     LAMBDA:  3156 to  8800 A 
    WARNING(NON1A-040): Flux(Trestmin)/Flux(peak) = 0.825 -> beware of extrapolation
    WARNING(NON1A-040): Flux(Trestmax)/Flux(peak) = 0.056 -> beware of extrapolation

  SED-epoch  range:  -3.00 <= Trest <= 110.00 (<STEP>=1.00 day)
  SED-lambda range:  3156 <= LAM <=  8800 (<STEP>=   2 A) 
  FILTER-lambda range:   100 <= LAM <= 30000  
   Changes for OT_SN2007uy.SED.gz : 
	 GENMAG_OFF_MODEL -> -0.40 
	 GENMAG_SMEAR ->  0.40, 0.40 
	 Finished generating     7500 of 20000 (CID=7500) GenRate=22/sec
	 Finished generating     8000 of 20000 (CID=8000) 

 ****************************************************************** 
   Prepare 'NON1ASED' Simulation for OT_SN2007gr.SED.gz (INDEX=041)  
  Read  NON1A-041  SED  from : 
    /home/mvalenzuela/OTMODEL_NON1ASED/SNtypes/Ibc/NON1ASED_VC25_SNIbc/OT_SN2007gr.SED.gz 
    T0shiftPeak_SEDMODEL: shift DAY-array by 8.00 days so that maxFlux is at DAY=0
		 Zero entire SEDMODEL flux table (735434 entries). 
  Initialize SED flux-integrals for  LSST-u  and  ISED=1 
  Initialize SED flux-integrals for  LSST-g  and  ISED=1 
  Initialize SED flux-integrals for  LSST-r  and  ISED=1 
  Initialize SED flux-integrals for  LSST-i  and  ISED=1 
  Initialize SED flux-integrals for  LSST-z  and  ISED=1 
  Initialize SED flux-integrals for  LSST-Y  and  ISED=1 
    Trest(NON1A-041):  -2.00 to 177.00     LAMBDA:  3169 to  8801 A 
    WARNING(NON1A-041): Flux(Trestmin)/Flux(peak) = 0.907 -> beware of extrapolation

  SED-epoch  range:  -2.00 <= Trest <= 177.00 (<STEP>=1.00 day)
  SED-lambda range:  3169 <= LAM <=  8801 (<STEP>=   2 A) 
  FILTER-lambda range:   100 <= LAM <= 30000  
   Changes for OT_SN2007gr.SED.gz : 
	 GENMAG_OFF_MODEL -> -0.40 
	 GENMAG_SMEAR ->  0.40, 0.40 
	 Finished generating     8500 of 20000 (CID=8500) 
	 Finished generating     9000 of 20000 (CID=9000) 

 ****************************************************************** 
   Prepare 'NON1ASED' Simulation for OT_SN2007Y.SED.gz (INDEX=042)  
  Read  NON1A-042  SED  from : 
    /home/mvalenzuela/OTMODEL_NON1ASED/SNtypes/Ibc/NON1ASED_VC25_SNIbc/OT_SN2007Y.SED.gz 
    T0shiftPeak_SEDMODEL: shift DAY-array by 10.00 days so that maxFlux is at DAY=0
		 Zero entire SEDMODEL flux table (735434 entries). 
  Initialize SED flux-integrals for  LSST-u  and  ISED=1 
  Initialize SED flux-integrals for  LSST-g  and  ISED=1 
  Initialize SED flux-integrals for  LSST-r  and  ISED=1 
  Initialize SED flux-integrals for  LSST-i  and  ISED=1 
  Initialize SED flux-integrals for  LSST-z  and  ISED=1 
  Initialize SED flux-integrals for  LSST-Y  and  ISED=1 
    Trest(NON1A-042):   0.00 to  60.00     LAMBDA:  3253 to  8801 A 
    WARNING(NON1A-042): Flux(Trestmin)/Flux(peak) = 1.000 -> beware of extrapolation
    WARNING(NON1A-042): Flux(Trestmax)/Flux(peak) = 0.145 -> beware of extrapolation

  SED-epoch  range:   0.00 <= Trest <=  60.00 (<STEP>=1.00 day)
  SED-lambda range:  3253 <= LAM <=  8801 (<STEP>=   2 A) 
  FILTER-lambda range:   100 <= LAM <= 30000  
   Changes for OT_SN2007Y.SED.gz : 
	 GENMAG_OFF_MODEL -> -0.40 
	 GENMAG_SMEAR ->  0.40, 0.40 
	 Finished generating     9500 of 20000 (CID=9500) 
	 Finished generating    10000 of 20000 (CID=10000) GenRate=22/sec

 ****************************************************************** 
   Prepare 'NON1ASED' Simulation for OT_SN2007C.SED.gz (INDEX=043)  
  Read  NON1A-043  SED  from : 
    /home/mvalenzuela/OTMODEL_NON1ASED/SNtypes/Ibc/NON1ASED_VC25_SNIbc/OT_SN2007C.SED.gz 
    T0shiftPeak_SEDMODEL: shift DAY-array by 2.00 days so that maxFlux is at DAY=0
		 Zero entire SEDMODEL flux table (735434 entries). 
  Initialize SED flux-integrals for  LSST-u  and  ISED=1 
  Initialize SED flux-integrals for  LSST-g  and  ISED=1 
  Initialize SED flux-integrals for  LSST-r  and  ISED=1 
  Initialize SED flux-integrals for  LSST-i  and  ISED=1 
  Initialize SED flux-integrals for  LSST-z  and  ISED=1 
  Initialize SED flux-integrals for  LSST-Y  and  ISED=1 
    Trest(NON1A-043):  -8.00 to  66.00     LAMBDA:  3106 to  8800 A 
    WARNING(NON1A-043): Flux(Trestmin)/Flux(peak) = 0.684 -> beware of extrapolation
    WARNING(NON1A-043): Flux(Trestmax)/Flux(peak) = 0.048 -> beware of extrapolation

  SED-epoch  range:  -8.00 <= Trest <=  66.00 (<STEP>=1.00 day)
  SED-lambda range:  3106 <= LAM <=  8800 (<STEP>=   2 A) 
  FILTER-lambda range:   100 <= LAM <= 30000  
   Changes for OT_SN2007C.SED.gz : 
	 GENMAG_OFF_MODEL -> -0.40 
	 GENMAG_SMEAR ->  0.40, 0.40 
	 Finished generating    10500 of 20000 (CID=10500) 

 ****************************************************************** 
   Prepare 'NON1ASED' Simulation for OT_SN2006lc.SED.gz (INDEX=044)  
  Read  NON1A-044  SED  from : 
    /home/mvalenzuela/OTMODEL_NON1ASED/SNtypes/Ibc/NON1ASED_VC25_SNIbc/OT_SN2006lc.SED.gz 
    T0shiftPeak_SEDMODEL: shift DAY-array by 8.00 days so that maxFlux is at DAY=0
		 Zero entire SEDMODEL flux table (735434 entries). 
  Initialize SED flux-integrals for  LSST-u  and  ISED=1 
  Initialize SED flux-integrals for  LSST-g  and  ISED=1 
  Initialize SED flux-integrals for  LSST-r  and  ISED=1 
  Initialize SED flux-integrals for  LSST-i  and  ISED=1 
  Initialize SED flux-integrals for  LSST-z  and  ISED=1 
  Initialize SED flux-integrals for  LSST-Y  and  ISED=1 
    Trest(NON1A-044):  -2.00 to  58.00     LAMBDA:  3156 to  8800 A 
    WARNING(NON1A-044): Flux(Trestmin)/Flux(peak) = 0.876 -> beware of extrapolation
    WARNING(NON1A-044): Flux(Trestmax)/Flux(peak) = 0.161 -> beware of extrapolation

  SED-epoch  range:  -2.00 <= Trest <=  58.00 (<STEP>=1.00 day)
  SED-lambda range:  3156 <= LAM <=  8800 (<STEP>=   2 A) 
  FILTER-lambda range:   100 <= LAM <= 30000  
   Changes for OT_SN2006lc.SED.gz : 
	 GENMAG_OFF_MODEL -> -0.40 
	 GENMAG_SMEAR ->  0.40, 0.40 
	 Finished generating    11000 of 20000 (CID=11000) 
	 Finished generating    11500 of 20000 (CID=11500) 

 ****************************************************************** 
   Prepare 'NON1ASED' Simulation for OT_SN2006ep.SED.gz (INDEX=045)  
  Read  NON1A-045  SED  from : 
    /home/mvalenzuela/OTMODEL_NON1ASED/SNtypes/Ibc/NON1ASED_VC25_SNIbc/OT_SN2006ep.SED.gz 
    T0shiftPeak_SEDMODEL: shift DAY-array by 9.00 days so that maxFlux is at DAY=0
		 Zero entire SEDMODEL flux table (735434 entries). 
  Initialize SED flux-integrals for  LSST-u  and  ISED=1 
  Initialize SED flux-integrals for  LSST-g  and  ISED=1 
  Initialize SED flux-integrals for  LSST-r  and  ISED=1 
  Initialize SED flux-integrals for  LSST-i  and  ISED=1 
  Initialize SED flux-integrals for  LSST-z  and  ISED=1 
  Initialize SED flux-integrals for  LSST-Y  and  ISED=1 
    Trest(NON1A-045):  -1.00 to  59.00     LAMBDA:  3106 to  8800 A 
    WARNING(NON1A-045): Flux(Trestmin)/Flux(peak) = 0.889 -> beware of extrapolation
    WARNING(NON1A-045): Flux(Trestmax)/Flux(peak) = 0.045 -> beware of extrapolation

  SED-epoch  range:  -1.00 <= Trest <=  59.00 (<STEP>=1.00 day)
  SED-lambda range:  3106 <= LAM <=  8800 (<STEP>=   2 A) 
  FILTER-lambda range:   100 <= LAM <= 30000  
   Changes for OT_SN2006ep.SED.gz : 
	 GENMAG_OFF_MODEL -> -0.40 
	 GENMAG_SMEAR ->  0.40, 0.40 
	 Finished generating    12000 of 20000 (CID=12000) 
	 Finished generating    12500 of 20000 (CID=12500) GenRate=22/sec

 ****************************************************************** 
   Prepare 'NON1ASED' Simulation for OT_SN2005hg.SED.gz (INDEX=046)  
  Read  NON1A-046  SED  from : 
    /home/mvalenzuela/OTMODEL_NON1ASED/SNtypes/Ibc/NON1ASED_VC25_SNIbc/OT_SN2005hg.SED.gz 
    T0shiftPeak_SEDMODEL: shift DAY-array by -0.00 days so that maxFlux is at DAY=0
		 Zero entire SEDMODEL flux table (735434 entries). 
  Initialize SED flux-integrals for  LSST-u  and  ISED=1 
  Initialize SED flux-integrals for  LSST-g  and  ISED=1 
  Initialize SED flux-integrals for  LSST-r  and  ISED=1 
  Initialize SED flux-integrals for  LSST-i  and  ISED=1 
  Initialize SED flux-integrals for  LSST-z  and  ISED=1 
  Initialize SED flux-integrals for  LSST-Y  and  ISED=1 
    Trest(NON1A-046): -12.00 to  90.00     LAMBDA:  3310 to  8800 A 
    WARNING(NON1A-046): Flux(Trestmin)/Flux(peak) = 0.441 -> beware of extrapolation
    WARNING(NON1A-046): Flux(Trestmax)/Flux(peak) = 0.116 -> beware of extrapolation

  SED-epoch  range: -12.00 <= Trest <=  90.00 (<STEP>=1.00 day)
  SED-lambda range:  3310 <= LAM <=  8800 (<STEP>=   2 A) 
  FILTER-lambda range:   100 <= LAM <= 30000  
   Changes for OT_SN2005hg.SED.gz : 
	 GENMAG_OFF_MODEL -> -0.40 
	 GENMAG_SMEAR ->  0.40, 0.40 
	 Finished generating    13000 of 20000 (CID=13000) 
	 Finished generating    13500 of 20000 (CID=13500) 

 ****************************************************************** 
   Prepare 'NON1ASED' Simulation for OT_SN2005bf.SED.gz (INDEX=047)  
  Read  NON1A-047  SED  from : 
    /home/mvalenzuela/OTMODEL_NON1ASED/SNtypes/Ibc/NON1ASED_VC25_SNIbc/OT_SN2005bf.SED.gz 
    T0shiftPeak_SEDMODEL: shift DAY-array by -0.00 days so that maxFlux is at DAY=0
		 Zero entire SEDMODEL flux table (735434 entries). 
  Initialize SED flux-integrals for  LSST-u  and  ISED=1 
  Initialize SED flux-integrals for  LSST-g  and  ISED=1 
  Initialize SED flux-integrals for  LSST-r  and  ISED=1 
  Initialize SED flux-integrals for  LSST-i  and  ISED=1 
  Initialize SED flux-integrals for  LSST-z  and  ISED=1 
  Initialize SED flux-integrals for  LSST-Y  and  ISED=1 
    Trest(NON1A-047): -29.00 to  50.00     LAMBDA:  3156 to  8800 A 
    WARNING(NON1A-047): Flux(Trestmin)/Flux(peak) = 0.247 -> beware of extrapolation
    WARNING(NON1A-047): Flux(Trestmax)/Flux(peak) = 0.093 -> beware of extrapolation

  SED-epoch  range: -29.00 <= Trest <=  50.00 (<STEP>=1.00 day)
  SED-lambda range:  3156 <= LAM <=  8800 (<STEP>=   2 A) 
  FILTER-lambda range:   100 <= LAM <= 30000  
   Changes for OT_SN2005bf.SED.gz : 
	 GENMAG_OFF_MODEL -> -0.40 
	 GENMAG_SMEAR ->  0.40, 0.40 
	 Finished generating    14000 of 20000 (CID=14000) 
	 Finished generating    14500 of 20000 (CID=14500) 

 ****************************************************************** 
   Prepare 'NON1ASED' Simulation for OT_SN2004gt.SED.gz (INDEX=048)  
  Read  NON1A-048  SED  from : 
    /home/mvalenzuela/OTMODEL_NON1ASED/SNtypes/Ibc/NON1ASED_VC25_SNIbc/OT_SN2004gt.SED.gz 
    T0shiftPeak_SEDMODEL: shift DAY-array by 5.00 days so that maxFlux is at DAY=0
		 Zero entire SEDMODEL flux table (735434 entries). 
  Initialize SED flux-integrals for  LSST-u  and  ISED=1 
  Initialize SED flux-integrals for  LSST-g  and  ISED=1 
  Initialize SED flux-integrals for  LSST-r  and  ISED=1 
  Initialize SED flux-integrals for  LSST-i  and  ISED=1 
  Initialize SED flux-integrals for  LSST-z  and  ISED=1 
  Initialize SED flux-integrals for  LSST-Y  and  ISED=1 
    Trest(NON1A-048):  -5.00 to  57.00     LAMBDA:  3341 to  8801 A 
    WARNING(NON1A-048): Flux(Trestmin)/Flux(peak) = 0.750 -> beware of extrapolation
    WARNING(NON1A-048): Flux(Trestmax)/Flux(peak) = 0.155 -> beware of extrapolation

  SED-epoch  range:  -5.00 <= Trest <=  57.00 (<STEP>=1.00 day)
  SED-lambda range:  3341 <= LAM <=  8801 (<STEP>=   2 A) 
  FILTER-lambda range:   100 <= LAM <= 30000  
   Changes for OT_SN2004gt.SED.gz : 
	 GENMAG_OFF_MODEL -> -0.40 
	 GENMAG_SMEAR ->  0.40, 0.40 
	 Finished generating    15000 of 20000 (CID=15000) GenRate=21/sec

 ****************************************************************** 
   Prepare 'NON1ASED' Simulation for OT_SN2004gq.SED.gz (INDEX=049)  
  Read  NON1A-049  SED  from : 
    /home/mvalenzuela/OTMODEL_NON1ASED/SNtypes/Ibc/NON1ASED_VC25_SNIbc/OT_SN2004gq.SED.gz 
    T0shiftPeak_SEDMODEL: shift DAY-array by 8.00 days so that maxFlux is at DAY=0
		 Zero entire SEDMODEL flux table (735434 entries). 
  Initialize SED flux-integrals for  LSST-u  and  ISED=1 
  Initialize SED flux-integrals for  LSST-g  and  ISED=1 
  Initialize SED flux-integrals for  LSST-r  and  ISED=1 
  Initialize SED flux-integrals for  LSST-i  and  ISED=1 
  Initialize SED flux-integrals for  LSST-z  and  ISED=1 
  Initialize SED flux-integrals for  LSST-Y  and  ISED=1 
    Trest(NON1A-049):  -2.00 to  88.00     LAMBDA:  3156 to  8800 A 
    WARNING(NON1A-049): Flux(Trestmin)/Flux(peak) = 0.809 -> beware of extrapolation

  SED-epoch  range:  -2.00 <= Trest <=  88.00 (<STEP>=1.00 day)
  SED-lambda range:  3156 <= LAM <=  8800 (<STEP>=   2 A) 
  FILTER-lambda range:   100 <= LAM <= 30000  
   Changes for OT_SN2004gq.SED.gz : 
	 GENMAG_OFF_MODEL -> -0.40 
	 GENMAG_SMEAR ->  0.40, 0.40 
	 Finished generating    15500 of 20000 (CID=15500) 
	 Finished generating    16000 of 20000 (CID=16000) 

 ****************************************************************** 
   Prepare 'NON1ASED' Simulation for OT_SN2004fe.SED.gz (INDEX=050)  
  Read  NON1A-050  SED  from : 
    /home/mvalenzuela/OTMODEL_NON1ASED/SNtypes/Ibc/NON1ASED_VC25_SNIbc/OT_SN2004fe.SED.gz 
    T0shiftPeak_SEDMODEL: shift DAY-array by 2.00 days so that maxFlux is at DAY=0
		 Zero entire SEDMODEL flux table (735434 entries). 
  Initialize SED flux-integrals for  LSST-u  and  ISED=1 
  Initialize SED flux-integrals for  LSST-g  and  ISED=1 
  Initialize SED flux-integrals for  LSST-r  and  ISED=1 
  Initialize SED flux-integrals for  LSST-i  and  ISED=1 
  Initialize SED flux-integrals for  LSST-z  and  ISED=1 
  Initialize SED flux-integrals for  LSST-Y  and  ISED=1 
    Trest(NON1A-050):  -8.00 to  52.00     LAMBDA:  3206 to  8800 A 
    WARNING(NON1A-050): Flux(Trestmin)/Flux(peak) = 0.626 -> beware of extrapolation
    WARNING(NON1A-050): Flux(Trestmax)/Flux(peak) = 0.110 -> beware of extrapolation

  SED-epoch  range:  -8.00 <= Trest <=  52.00 (<STEP>=1.00 day)
  SED-lambda range:  3206 <= LAM <=  8800 (<STEP>=   2 A) 
  FILTER-lambda range:   100 <= LAM <= 30000  
   Changes for OT_SN2004fe.SED.gz : 
	 GENMAG_OFF_MODEL -> -0.40 
	 GENMAG_SMEAR ->  0.40, 0.40 
	 Finished generating    16500 of 20000 (CID=16500) 
	 Finished generating    17000 of 20000 (CID=17000) 

 ****************************************************************** 
   Prepare 'NON1ASED' Simulation for OT_SN2004dk.SED.gz (INDEX=051)  
  Read  NON1A-051  SED  from : 
    /home/mvalenzuela/OTMODEL_NON1ASED/SNtypes/Ibc/NON1ASED_VC25_SNIbc/OT_SN2004dk.SED.gz 
    T0shiftPeak_SEDMODEL: shift DAY-array by -2.00 days so that maxFlux is at DAY=0
		 Zero entire SEDMODEL flux table (735434 entries). 
  Initialize SED flux-integrals for  LSST-u  and  ISED=1 
  Initialize SED flux-integrals for  LSST-g  and  ISED=1 
  Initialize SED flux-integrals for  LSST-r  and  ISED=1 
  Initialize SED flux-integrals for  LSST-i  and  ISED=1 
  Initialize SED flux-integrals for  LSST-z  and  ISED=1 
  Initialize SED flux-integrals for  LSST-Y  and  ISED=1 
    Trest(NON1A-051): -22.00 to  48.00     LAMBDA:  3156 to  8800 A 
    WARNING(NON1A-051): Flux(Trestmin)/Flux(peak) = 0.150 -> beware of extrapolation
    WARNING(NON1A-051): Flux(Trestmax)/Flux(peak) = 0.124 -> beware of extrapolation

  SED-epoch  range: -22.00 <= Trest <=  48.00 (<STEP>=1.00 day)
  SED-lambda range:  3156 <= LAM <=  8800 (<STEP>=   2 A) 
  FILTER-lambda range:   100 <= LAM <= 30000  
   Changes for OT_SN2004dk.SED.gz : 
	 GENMAG_OFF_MODEL -> -0.40 
	 GENMAG_SMEAR ->  0.40, 0.40 
	 Finished generating    17500 of 20000 (CID=17500) GenRate=22/sec
	 Finished generating    18000 of 20000 (CID=18000) 

 ****************************************************************** 
   Prepare 'NON1ASED' Simulation for OT_SN2004aw.SED.gz (INDEX=052)  
  Read  NON1A-052  SED  from : 
    /home/mvalenzuela/OTMODEL_NON1ASED/SNtypes/Ibc/NON1ASED_VC25_SNIbc/OT_SN2004aw.SED.gz 
    T0shiftPeak_SEDMODEL: shift DAY-array by 5.00 days so that maxFlux is at DAY=0
		 Zero entire SEDMODEL flux table (735434 entries). 
  Initialize SED flux-integrals for  LSST-u  and  ISED=1 
  Initialize SED flux-integrals for  LSST-g  and  ISED=1 
  Initialize SED flux-integrals for  LSST-r  and  ISED=1 
  Initialize SED flux-integrals for  LSST-i  and  ISED=1 
  Initialize SED flux-integrals for  LSST-z  and  ISED=1 
  Initialize SED flux-integrals for  LSST-Y  and  ISED=1 
    Trest(NON1A-052):  -5.00 to  55.00     LAMBDA:  3156 to  8800 A 
    WARNING(NON1A-052): Flux(Trestmin)/Flux(peak) = 0.938 -> beware of extrapolation

  SED-epoch  range:  -5.00 <= Trest <=  55.00 (<STEP>=1.00 day)
  SED-lambda range:  3156 <= LAM <=  8800 (<STEP>=   2 A) 
  FILTER-lambda range:   100 <= LAM <= 30000  
   Changes for OT_SN2004aw.SED.gz : 
	 GENMAG_OFF_MODEL -> -0.40 
	 GENMAG_SMEAR ->  0.40, 0.40 
	 Finished generating    18500 of 20000 (CID=18500) 
	 Finished generating    19000 of 20000 (CID=19000) 

 ****************************************************************** 
   Prepare 'NON1ASED' Simulation for OT_SN1994I.SED.gz (INDEX=053)  
  Read  NON1A-053  SED  from : 
    /home/mvalenzuela/OTMODEL_NON1ASED/SNtypes/Ibc/NON1ASED_VC25_SNIbc/OT_SN1994I.SED.gz 
    T0shiftPeak_SEDMODEL: shift DAY-array by 7.00 days so that maxFlux is at DAY=0
		 Zero entire SEDMODEL flux table (735434 entries). 
  Initialize SED flux-integrals for  LSST-u  and  ISED=1 
  Initialize SED flux-integrals for  LSST-g  and  ISED=1 
  Initialize SED flux-integrals for  LSST-r  and  ISED=1 
  Initialize SED flux-integrals for  LSST-i  and  ISED=1 
  Initialize SED flux-integrals for  LSST-z  and  ISED=1 
  Initialize SED flux-integrals for  LSST-Y  and  ISED=1 
    Trest(NON1A-053):  -3.00 to  63.00     LAMBDA:  3141 to  8801 A 
    WARNING(NON1A-053): Flux(Trestmin)/Flux(peak) = 0.953 -> beware of extrapolation

  SED-epoch  range:  -3.00 <= Trest <=  63.00 (<STEP>=1.00 day)
  SED-lambda range:  3141 <= LAM <=  8801 (<STEP>=   2 A) 
  FILTER-lambda range:   100 <= LAM <= 30000  
   Changes for OT_SN1994I.SED.gz : 
	 GENMAG_OFF_MODEL -> -0.40 
	 GENMAG_SMEAR ->  0.40, 0.40 
	 Finished generating    19500 of 20000 (CID=19500) 
	 Finished generating    20000 of 20000 (CID=20000) GenRate=22/sec

 ****************************************************************** 
    Done generating 20000 SN lightcurves from RANDOM source.  
	 (20000 lightcurves requested => 495 were written) 
	 CPUTIME_PROCESS_ALL  = 15.250 minute
	 CPUTIME_PROCESS_RATE(GEN) = 21.858 evt/second
	 CPUTIME_PROCESS_RATE(ACC) = 0.541 evt/second

 ****************************************************************** 
   README_DOCANA_DRIVER: Prepare README content (iflag=2)  

 ****************************************************************** 
   DUMP README CONTENTS TO SCREEN
  
DOCUMENTATION:
  OVERVIEW:
    TIME_START:   2025-12-07  21:06  # UT
    SURVEY:       LSST
    GENMODEL:     NON1ASED
    SNIA:         False
    HOST_MACHINE: sn006
    USERNAME:     mvalenzuela
    SNDATA_ROOT:  /home/mvalenzuela/SNDATA_ROOT
    SNANA_DIR:     /home/lmod/software/SNANA/11.05p
    SNANA_VERSION: 
    CWD:   /home/mvalenzuela/DATASIM_LSST_1/DDF/input_files_v6/VC25_SNIbc
    INPUT_FILE:
    - VC25_SNIbc_20251130.input
    - /home/mvalenzuela/OTMODEL_NON1ASED/SNtypes/Ibc/SIMGEN_INCLUDE_VC25_SNIbc.INPUT
# 
  INPUT_KEYS:
# Output data
    GENVERSION:              VC25_SNIbc_DDF_20251130
    NGENTOT_LC:              20000  
    FORMAT_MASK:             32  #  += 2,32,16 -> TEXT, FITS, randomCID
    GENTYPE:                 0  # true type
    SNTYPE:                  1  101  # spec Type, photID type
    CIDRAN_MIN:              0  
    CIDRAN_MAX:              3000000  
# Source model
    GENMODEL:                NON1ASED 
    PATH_NON1ASED:           /home/mvalenzuela/OTMODEL_NON1ASED/SNtypes/Ibc/NON1ASED_VC25_SNIbc 
    MINSLOPE_EXTRAPMAG_LATE: 0.01 
    NON1A_KEYS:              5 INDEX WGT MAGOFF MAGSMEAR SNTYPE 
    NON1A:                  
    - 32 0.0455 -0.40 0.40 20 
    - 33 0.0455 -0.40 0.40 20 
    - 34 0.0455 -0.40 0.40 20 
    - 35 0.0455 -0.40 0.40 20 
    - 36 0.0455 -0.40 0.40 20 
    - 37 0.0455 -0.40 0.40 20 
    - 38 0.0455 -0.40 0.40 20 
    - 39 0.0455 -0.40 0.40 20 
    - 40 0.0455 -0.40 0.40 20 
    - 41 0.0455 -0.40 0.40 20 
    - 42 0.0455 -0.40 0.40 20 
    - 43 0.0455 -0.40 0.40 20 
    - 44 0.0455 -0.40 0.40 20 
    - 45 0.0455 -0.40 0.40 20 
    - 46 0.0455 -0.40 0.40 20 
    - 47 0.0455 -0.40 0.40 20 
    - 48 0.0455 -0.40 0.40 20 
    - 49 0.0455 -0.40 0.40 20 
    - 50 0.0455 -0.40 0.40 20 
    - 51 0.0455 -0.40 0.40 20 
    - 52 0.0455 -0.40 0.40 20 
    - 53 0.0445 -0.40 0.40 20 
    GENMAG_SMEAR:            1.0000e-03  # coherent scatter (mag)
# Cosmology inputs
    OMEGA_MATTER:            0.3150  
    OMEGA_LAMBDA:            0.6850  
    w0_LAMBDA:               -1.0000  
    wa_LAMBDA:               0  
    MUSHIFT:                 0  
# Instrumental inputs
    GENFILTERS:          ugrizY 
    KCOR_FILE:           /home/mvalenzuela/run_SNANA/kcor_LSST.fits 
    SIMLIB_FILE:             /home/mvalenzuela/SIMLIBv5/DD_SIMLIBv5.SIMLIB 
    SIMLIB_MAXRANSTART:      1000 
    SIMLIB_MSKOPT:           128 
    SMEARFLAG_FLUX:      1  # 1->add Poisson noise
    SMEARFLAG_ZEROPT:    1  # +=1->apply scatter, +=2->add to FLUXERRCAL
# SEARCHEFF/detections
    SEARCHEFF_PIPELINE_LOGIC_FILE:  /home/mvalenzuela/run_SNANA/LSST_PIPELINE_LOGIC.DAT
    NEWMJD_DIF:              7.0000e-03  # day-sep if > 1 detections required
    SEARCHEFF_PIPELINE_EFF_FILE:  /home/mvalenzuela/run_SNANA/LSST_SEARCHEFF_PIPELINE.DAT
    SEARCHEFF_SPEC_FILE:     NONE
    SEARCHEFF_zHOST_FILE:    NONE
    APPLY_SEARCHEFF_OPT:     1  # += 1,2,4 => pipe,spec,zhost
# Redshift inputs
    GENRANGE_REDSHIFT:       0.0110  3.8000  
    GENSIGMA_REDSHIFT:       0  
    GENSIGMA_VPEC:           0  # true vpec scatter (km/sec)
    VPEC_ERR:                0  # vpec error after correction (km/sec)
# Epoch & sky coverage inputs
    GENRANGE_MJD:            60981.0000  61832.0000  
    GENRANGE_PEAKMJD:        60900.0000  61900.0000  
    GENSIGMA_PEAKMJD:        1.0000  
    GENRANGE_TREST:          -50.0000  300.0000  
    SOLID_ANGLE:             0.0250  
# Galactic extinction
    OPT_MWEBV:        1   
    OPT_MWCOLORLAW:   94   
# Population and rate-model params
    DNDZ:                    CC_S15 
    DNDZ_ALLSCALE:           0.3250  # dN/dz *= ALLSCALE
# Misc inputs
    GENSOURCE:               RANDOM
    RANSEED:                 9695  
    DEBUG_FLAG:              0  
    SIMGEN_DUMPALL:          35 CID LIBID SIM_SEARCHEFF_MASK GENTYPE NON1A_INDEX ZCMB ZHELIO ZCMB_SMEAR RA DEC MWEBV GALID GALZPHOT GALZPHOTERR GALSNSEP GALSNDDLR RV AV MU LENSDMU PEAKMJD MJD_DETECT_FIRST MJD_DETECT_LAST DTSEASON_PEAK PEAKMAG_u PEAKMAG_g PEAKMAG_r PEAKMAG_i PEAKMAG_z PEAKMAG_Y SNRMAX SNRMAX2 SNRMAX3 NOBS NOBS_SATURATE 
# 
  FILTERS:   # mean wavelength (A)
    u:  3710.0
    g:  4805.8
    r:  6221.5
    i:  7559.2
    z:  8680.6
    Y:  9757.0
# 
  INPUT_NOTES:
  - Poisson noise is ON 
  - Reported flux-uncertainty includes SKY+GALAXY+SOURCE
  - SB-dependent flux scatter is OFF
  -  dN/dz from 1.00 x Strolger15(CANDELS): 
  -     MODEL_RATE(z=0.01) = 2.106e-05/Mpc^3/yr    
  -     MODEL_RATE(z=0.21) = 4.454e-05/Mpc^3/yr    
  -     MODEL_RATE(z=0.41) = 7.200e-05/Mpc^3/yr    
  -     MODEL_RATE(z=0.61) = 9.266e-05/Mpc^3/yr    
  -     MODEL_RATE(z=0.81) = 1.019e-04/Mpc^3/yr    
  -     MODEL_RATE(z=1.01) = 1.024e-04/Mpc^3/yr    
  -     MODEL_RATE(z=1.21) = 9.849e-05/Mpc^3/yr    
  -     MODEL_RATE(z=1.41) = 9.281e-05/Mpc^3/yr    
  -     MODEL_RATE(z=1.61) = 8.677e-05/Mpc^3/yr    
  -     MODEL_RATE(z=1.81) = 8.097e-05/Mpc^3/yr    
  -     MODEL_RATE(z=2.01) = 7.562e-05/Mpc^3/yr    
  -     MODEL_RATE(z=2.21) = 7.078e-05/Mpc^3/yr    
  -     MODEL_RATE(z=2.41) = 6.642e-05/Mpc^3/yr    
  -     MODEL_RATE(z=2.61) = 6.251e-05/Mpc^3/yr    
  -     MODEL_RATE(z=2.81) = 5.899e-05/Mpc^3/yr    
  -     MODEL_RATE(z=3.01) = 5.581e-05/Mpc^3/yr    
  -     MODEL_RATE(z=3.21) = 5.294e-05/Mpc^3/yr    
  -     MODEL_RATE(z=3.41) = 5.032e-05/Mpc^3/yr    
  -     MODEL_RATE(z=3.61) = 4.794e-05/Mpc^3/yr    
  -  Calculated Number of EVENTS per season =  1.956e+05 
  - H0 =  70.00 km/s/Mpc 
  - Omega_{M,L} =  0.315, 0.685     w0,wa = -1.00,0.000
  - APPLY_SEARCHEFF_OPT=1 --> Require EFF(PIPELINE) 
  - PIPELINE requires 2 detections among u+g+r+i+z+Y (MJD dif > 0.0070 days) 
#
  GENTYPE_TO_NAME:  # GENTYPE:  [non]Ia   type  
    20:  nonIa    Ibc
# 
  OUTPUT_SUMMARY:
    RANDOM_SYNC: 
    - List=1  FIRST=0.436207  LAST=0.605871   AVG(wrap) = 8.0 +_ 20.3 
    - List=2  FIRST=0.817110  LAST=0.693391   AVG(wrap) = 0.2 +_ 0.1 
    - List=3  FIRST=0.264219  LAST=0.927615   AVG(wrap) = 0.0 +_ 0.0 
# 
    CPU_MINUTES:       15.25  
    NGENLC_TOT:        20000    # (22/sec)
    NGENLC_WRITE:      495    # (1/sec)
    NGENSPEC_WRITE:    0  
    EFF(SEARCH+CUTS):  0.0247 +-  0.0011
    NGEN_PER_SEASON:   195621       # NSN(GEN) in GENRANGE(z,MJD,dOmega)
    NACC_PER_SEASON:   4842 +_ 218  # NSN(ACCEPT) after trigger+cuts
    NREJECT:  [10175,0,0,  9330,0]   # [NEP<1,GENRANGE,PEAKMAG,  SEARCHEFF,CUTWIN] 
DOCUMENTATION_END:

  AUXILIARY FILES: 
  /home/mvalenzuela/SNDATA_ROOT/SIM/VC25_SNIbc_DDF_20251130/VC25_SNIbc_DDF_20251130.LIST 
  /home/mvalenzuela/SNDATA_ROOT/SIM/VC25_SNIbc_DDF_20251130/VC25_SNIbc_DDF_20251130.README 
  /home/mvalenzuela/SNDATA_ROOT/SIM/VC25_SNIbc_DDF_20251130/VC25_SNIbc_DDF_20251130.DUMP
 WR_SNFITSIO_END: wrote 495 events and 0 spectra to FITS format

 DONE with snlc_sim.
